<!DOCTYPE html PUBLIC "-//W3C//DTD XHTML 1.1//EN" "http://www.w3.org/TR/xhtml11/DTD/xhtml11.dtd">
<html xmlns="http://www.w3.org/1999/xhtml">
<head>
<meta http-equiv="content-type" content="text/html; charset=UTF-8"/>
<title>TestNG Report</title>
<style type="text/css">table {margin-bottom:10px;border-collapse:collapse;empty-cells:show}th,td {border:1px solid #009;padding:.25em .5em}th {vertical-align:bottom}td {vertical-align:top}table a {font-weight:bold}.stripe td {background-color: #E6EBF9}.num {text-align:right}.passedodd td {background-color: #3F3}.passedeven td {background-color: #0A0}.skippedodd td {background-color: #DDD}.skippedeven td {background-color: #CCC}.failedodd td,.attn {background-color: #F33}.failedeven td,.stripe .attn {background-color: #D00}.stacktrace {white-space:pre;font-family:monospace}.totop {font-size:85%;text-align:center;border-bottom:2px solid #000}.invisible {display:none}</style>
</head>
<body>
<table>
<tr><th>Test</th><th># Passed</th><th># Skipped</th><th># Retried</th><th># Failed</th><th>Time (ms)</th><th>Included Groups</th><th>Excluded Groups</th></tr>
<tr><th colspan="8">Surefire suite</th></tr>
<tr><td><a href="#t0">Surefire test</a></td><td class="num">0</td><td class="num">0</td><td class="num">0</td><td class="num attn">9</td><td class="num">15.016</td><td></td><td></td></tr>
</table>
<table id='summary'><thead><tr><th>Class</th><th>Method</th><th>Start</th><th>Time (ms)</th></tr></thead><tbody><tr><th colspan="4">Surefire suite</th></tr></tbody><tbody id="t0"><tr><th colspan="4">Surefire test &#8212; failed</th></tr><tr class="failedeven"><td rowspan="9">CucumberTests</td><td><a href="#m0">runScenario</a></td><td rowspan="9">1599086317305</td><td rowspan="9">798</td></tr><tr class="failedeven"><td><a href="#m1">runScenario</a></td></tr><tr class="failedeven"><td><a href="#m2">runScenario</a></td></tr><tr class="failedeven"><td><a href="#m3">runScenario</a></td></tr><tr class="failedeven"><td><a href="#m4">runScenario</a></td></tr><tr class="failedeven"><td><a href="#m5">runScenario</a></td></tr><tr class="failedeven"><td><a href="#m6">runScenario</a></td></tr><tr class="failedeven"><td><a href="#m7">runScenario</a></td></tr><tr class="failedeven"><td><a href="#m8">runScenario</a></td></tr></tbody>
</table>
<h2>Surefire test</h2><h3 id="m0">CucumberTests#runScenario</h3><table class="result"><tr class="param"><th>Parameter #1</th><th>Parameter #2</th></tr><tr class="param stripe"><td>&quot;Editar atributo existente con datos requeridos&quot;</td><td>&quot;Administrar Atributo&quot;</td></tr><tr><th colspan="2">Exception</th></tr><tr><td colspan="2"><div class="stacktrace">java.lang.IllegalStateException: Failed to load ApplicationContext
	at org.springframework.test.context.cache.DefaultCacheAwareContextLoaderDelegate.loadContext(DefaultCacheAwareContextLoaderDelegate.java:132)
	at org.springframework.test.context.support.DefaultTestContext.getApplicationContext(DefaultTestContext.java:123)
	at io.cucumber.spring.TestContextAdaptor.createTestContextManagerAdaptor(TestContextAdaptor.java:32)
	at io.cucumber.spring.SpringFactory.start(SpringFactory.java:167)
	at io.cucumber.core.runner.Runner.buildBackendWorlds(Runner.java:165)
	at io.cucumber.core.runner.Runner.runPickle(Runner.java:62)
	at io.cucumber.testng.TestNGCucumberRunner.runScenario(TestNGCucumberRunner.java:124)
	at io.cucumber.testng.AbstractTestNGCucumberTests.runScenario(AbstractTestNGCucumberTests.java:29)
	at java.util.ArrayList.forEach(ArrayList.java:1257)
Caused by: org.springframework.beans.factory.UnsatisfiedDependencyException: Error creating bean with name &apos;crearAtributoPage&apos; defined in file [C:\Users\berdinas\IdeaProjects\delta_regresion_v1\delta_atributos_v2\target\test-classes\qa\pageobjects\CrearAtributoPage.class]: Unsatisfied dependency expressed through constructor parameter 0; nested exception is org.springframework.beans.factory.BeanCreationException: Error creating bean with name &apos;webDriver&apos; defined in qa.conf.DriverConfig: Bean instantiation via factory method failed; nested exception is org.springframework.beans.BeanInstantiationException: Failed to instantiate [org.openqa.selenium.WebDriver]: Factory method &apos;webDriver&apos; threw exception; nested exception is org.openqa.selenium.WebDriverException: unknown error: cannot find Chrome binary
Build info: version: &apos;4.0.0-alpha-4&apos;, revision: &apos;c2d955b49e&apos;
System info: host: &apos;MDZN0094&apos;, ip: &apos;10.251.253.16&apos;, os.name: &apos;Windows 10&apos;, os.arch: &apos;amd64&apos;, os.version: &apos;10.0&apos;, java.version: &apos;1.8.0_251&apos;
Driver info: driver.version: ChromeDriver
remote stacktrace: Backtrace:
	Ordinal0 [0x00579563+2725219]
	Ordinal0 [0x00478551+1672529]
	Ordinal0 [0x00360359+525145]
	Ordinal0 [0x002ECA64+51812]
	Ordinal0 [0x0030CC37+183351]
	Ordinal0 [0x0030CA3D+182845]
	Ordinal0 [0x0030A94B+174411]
	Ordinal0 [0x002F2528+75048]
	Ordinal0 [0x002F35A0+79264]
	Ordinal0 [0x002F3539+79161]
	Ordinal0 [0x0048D607+1758727]
	GetHandleVerifier [0x00696546+1050150]
	GetHandleVerifier [0x00696291+1049457]
	GetHandleVerifier [0x006A10D7+1094071]
	GetHandleVerifier [0x00696B46+1051686]
	Ordinal0 [0x00485B06+1727238]
	Ordinal0 [0x0048EB7B+1764219]
	Ordinal0 [0x0048ECE3+1764579]
	Ordinal0 [0x004A4C05+1854469]
	BaseThreadInitThunk [0x76006359+25]
	RtlGetAppContainerNamedObjectPath [0x777C7B74+228]
	RtlGetAppContainerNamedObjectPath [0x777C7B44+180]

	at org.springframework.beans.factory.support.ConstructorResolver.createArgumentArray(ConstructorResolver.java:798)
	at org.springframework.beans.factory.support.ConstructorResolver.autowireConstructor(ConstructorResolver.java:228)
	at org.springframework.beans.factory.support.AbstractAutowireCapableBeanFactory.autowireConstructor(AbstractAutowireCapableBeanFactory.java:1358)
	at org.springframework.beans.factory.support.AbstractAutowireCapableBeanFactory.createBeanInstance(AbstractAutowireCapableBeanFactory.java:1204)
	at org.springframework.beans.factory.support.AbstractAutowireCapableBeanFactory.doCreateBean(AbstractAutowireCapableBeanFactory.java:557)
	at org.springframework.beans.factory.support.AbstractAutowireCapableBeanFactory.createBean(AbstractAutowireCapableBeanFactory.java:517)
	at org.springframework.beans.factory.support.AbstractBeanFactory.lambda$doGetBean$0(AbstractBeanFactory.java:323)
	at org.springframework.beans.factory.support.DefaultSingletonBeanRegistry.getSingleton(DefaultSingletonBeanRegistry.java:226)
	at org.springframework.beans.factory.support.AbstractBeanFactory.doGetBean(AbstractBeanFactory.java:321)
	at org.springframework.beans.factory.support.AbstractBeanFactory.getBean(AbstractBeanFactory.java:202)
	at org.springframework.beans.factory.support.DefaultListableBeanFactory.preInstantiateSingletons(DefaultListableBeanFactory.java:895)
	at org.springframework.context.support.AbstractApplicationContext.finishBeanFactoryInitialization(AbstractApplicationContext.java:878)
	at org.springframework.context.support.AbstractApplicationContext.refresh(AbstractApplicationContext.java:550)
	at org.springframework.test.context.support.AbstractGenericContextLoader.loadContext(AbstractGenericContextLoader.java:128)
	at org.springframework.test.context.support.AbstractGenericContextLoader.loadContext(AbstractGenericContextLoader.java:60)
	at org.springframework.test.context.support.AbstractDelegatingSmartContextLoader.delegateLoading(AbstractDelegatingSmartContextLoader.java:275)
	at org.springframework.test.context.support.AbstractDelegatingSmartContextLoader.loadContext(AbstractDelegatingSmartContextLoader.java:243)
	at org.springframework.test.context.cache.DefaultCacheAwareContextLoaderDelegate.loadContextInternal(DefaultCacheAwareContextLoaderDelegate.java:99)
	at org.springframework.test.context.cache.DefaultCacheAwareContextLoaderDelegate.loadContext(DefaultCacheAwareContextLoaderDelegate.java:124)
	... 40 more
Caused by: org.springframework.beans.factory.BeanCreationException: Error creating bean with name &apos;webDriver&apos; defined in qa.conf.DriverConfig: Bean instantiation via factory method failed; nested exception is org.springframework.beans.BeanInstantiationException: Failed to instantiate [org.openqa.selenium.WebDriver]: Factory method &apos;webDriver&apos; threw exception; nested exception is org.openqa.selenium.WebDriverException: unknown error: cannot find Chrome binary
Build info: version: &apos;4.0.0-alpha-4&apos;, revision: &apos;c2d955b49e&apos;
System info: host: &apos;MDZN0094&apos;, ip: &apos;10.251.253.16&apos;, os.name: &apos;Windows 10&apos;, os.arch: &apos;amd64&apos;, os.version: &apos;10.0&apos;, java.version: &apos;1.8.0_251&apos;
Driver info: driver.version: ChromeDriver
remote stacktrace: Backtrace:
	Ordinal0 [0x00579563+2725219]
	Ordinal0 [0x00478551+1672529]
	Ordinal0 [0x00360359+525145]
	Ordinal0 [0x002ECA64+51812]
	Ordinal0 [0x0030CC37+183351]
	Ordinal0 [0x0030CA3D+182845]
	Ordinal0 [0x0030A94B+174411]
	Ordinal0 [0x002F2528+75048]
	Ordinal0 [0x002F35A0+79264]
	Ordinal0 [0x002F3539+79161]
	Ordinal0 [0x0048D607+1758727]
	GetHandleVerifier [0x00696546+1050150]
	GetHandleVerifier [0x00696291+1049457]
	GetHandleVerifier [0x006A10D7+1094071]
	GetHandleVerifier [0x00696B46+1051686]
	Ordinal0 [0x00485B06+1727238]
	Ordinal0 [0x0048EB7B+1764219]
	Ordinal0 [0x0048ECE3+1764579]
	Ordinal0 [0x004A4C05+1854469]
	BaseThreadInitThunk [0x76006359+25]
	RtlGetAppContainerNamedObjectPath [0x777C7B74+228]
	RtlGetAppContainerNamedObjectPath [0x777C7B44+180]

	at org.springframework.beans.factory.support.ConstructorResolver.instantiate(ConstructorResolver.java:656)
	at org.springframework.beans.factory.support.ConstructorResolver.instantiateUsingFactoryMethod(ConstructorResolver.java:484)
	at org.springframework.beans.factory.support.AbstractAutowireCapableBeanFactory.instantiateUsingFactoryMethod(AbstractAutowireCapableBeanFactory.java:1338)
	at org.springframework.beans.factory.support.AbstractAutowireCapableBeanFactory.createBeanInstance(AbstractAutowireCapableBeanFactory.java:1177)
	at org.springframework.beans.factory.support.AbstractAutowireCapableBeanFactory.doCreateBean(AbstractAutowireCapableBeanFactory.java:557)
	at org.springframework.beans.factory.support.AbstractAutowireCapableBeanFactory.createBean(AbstractAutowireCapableBeanFactory.java:517)
	at org.springframework.beans.factory.support.AbstractBeanFactory.lambda$doGetBean$0(AbstractBeanFactory.java:323)
	at org.springframework.beans.factory.support.DefaultSingletonBeanRegistry.getSingleton(DefaultSingletonBeanRegistry.java:226)
	at org.springframework.beans.factory.support.AbstractBeanFactory.doGetBean(AbstractBeanFactory.java:321)
	at org.springframework.beans.factory.support.AbstractBeanFactory.getBean(AbstractBeanFactory.java:202)
	at org.springframework.beans.factory.config.DependencyDescriptor.resolveCandidate(DependencyDescriptor.java:276)
	at org.springframework.beans.factory.support.DefaultListableBeanFactory.doResolveDependency(DefaultListableBeanFactory.java:1306)
	at org.springframework.beans.factory.support.DefaultListableBeanFactory.resolveDependency(DefaultListableBeanFactory.java:1226)
	at org.springframework.beans.factory.support.ConstructorResolver.resolveAutowiredArgument(ConstructorResolver.java:885)
	at org.springframework.beans.factory.support.ConstructorResolver.createArgumentArray(ConstructorResolver.java:789)
	... 58 more
Caused by: org.springframework.beans.BeanInstantiationException: Failed to instantiate [org.openqa.selenium.WebDriver]: Factory method &apos;webDriver&apos; threw exception; nested exception is org.openqa.selenium.WebDriverException: unknown error: cannot find Chrome binary
Build info: version: &apos;4.0.0-alpha-4&apos;, revision: &apos;c2d955b49e&apos;
System info: host: &apos;MDZN0094&apos;, ip: &apos;10.251.253.16&apos;, os.name: &apos;Windows 10&apos;, os.arch: &apos;amd64&apos;, os.version: &apos;10.0&apos;, java.version: &apos;1.8.0_251&apos;
Driver info: driver.version: ChromeDriver
remote stacktrace: Backtrace:
	Ordinal0 [0x00579563+2725219]
	Ordinal0 [0x00478551+1672529]
	Ordinal0 [0x00360359+525145]
	Ordinal0 [0x002ECA64+51812]
	Ordinal0 [0x0030CC37+183351]
	Ordinal0 [0x0030CA3D+182845]
	Ordinal0 [0x0030A94B+174411]
	Ordinal0 [0x002F2528+75048]
	Ordinal0 [0x002F35A0+79264]
	Ordinal0 [0x002F3539+79161]
	Ordinal0 [0x0048D607+1758727]
	GetHandleVerifier [0x00696546+1050150]
	GetHandleVerifier [0x00696291+1049457]
	GetHandleVerifier [0x006A10D7+1094071]
	GetHandleVerifier [0x00696B46+1051686]
	Ordinal0 [0x00485B06+1727238]
	Ordinal0 [0x0048EB7B+1764219]
	Ordinal0 [0x0048ECE3+1764579]
	Ordinal0 [0x004A4C05+1854469]
	BaseThreadInitThunk [0x76006359+25]
	RtlGetAppContainerNamedObjectPath [0x777C7B74+228]
	RtlGetAppContainerNamedObjectPath [0x777C7B44+180]

	at org.springframework.beans.factory.support.SimpleInstantiationStrategy.instantiate(SimpleInstantiationStrategy.java:185)
	at org.springframework.beans.factory.support.ConstructorResolver.instantiate(ConstructorResolver.java:651)
	... 72 more
Caused by: org.openqa.selenium.WebDriverException: unknown error: cannot find Chrome binary
Build info: version: &apos;4.0.0-alpha-4&apos;, revision: &apos;c2d955b49e&apos;
System info: host: &apos;MDZN0094&apos;, ip: &apos;10.251.253.16&apos;, os.name: &apos;Windows 10&apos;, os.arch: &apos;amd64&apos;, os.version: &apos;10.0&apos;, java.version: &apos;1.8.0_251&apos;
Driver info: driver.version: ChromeDriver
remote stacktrace: Backtrace:
	Ordinal0 [0x00579563+2725219]
	Ordinal0 [0x00478551+1672529]
	Ordinal0 [0x00360359+525145]
	Ordinal0 [0x002ECA64+51812]
	Ordinal0 [0x0030CC37+183351]
	Ordinal0 [0x0030CA3D+182845]
	Ordinal0 [0x0030A94B+174411]
	Ordinal0 [0x002F2528+75048]
	Ordinal0 [0x002F35A0+79264]
	Ordinal0 [0x002F3539+79161]
	Ordinal0 [0x0048D607+1758727]
	GetHandleVerifier [0x00696546+1050150]
	GetHandleVerifier [0x00696291+1049457]
	GetHandleVerifier [0x006A10D7+1094071]
	GetHandleVerifier [0x00696B46+1051686]
	Ordinal0 [0x00485B06+1727238]
	Ordinal0 [0x0048EB7B+1764219]
	Ordinal0 [0x0048ECE3+1764579]
	Ordinal0 [0x004A4C05+1854469]
	BaseThreadInitThunk [0x76006359+25]
	RtlGetAppContainerNamedObjectPath [0x777C7B74+228]
	RtlGetAppContainerNamedObjectPath [0x777C7B44+180]

	at org.openqa.selenium.remote.W3CHandshakeResponse.lambda$errorHandler$0(W3CHandshakeResponse.java:62)
	at org.openqa.selenium.remote.HandshakeResponse.lambda$getResponseFunction$0(HandshakeResponse.java:30)
	at org.openqa.selenium.remote.ProtocolHandshake.lambda$createSession$1(ProtocolHandshake.java:126)
	at java.util.stream.ReferencePipeline$3$1.accept(ReferencePipeline.java:193)
	at java.util.Spliterators$ArraySpliterator.tryAdvance(Spliterators.java:958)
	at java.util.stream.ReferencePipeline.forEachWithCancel(ReferencePipeline.java:126)
	at java.util.stream.AbstractPipeline.copyIntoWithCancel(AbstractPipeline.java:499)
	at java.util.stream.AbstractPipeline.copyInto(AbstractPipeline.java:486)
	at java.util.stream.AbstractPipeline.wrapAndCopyInto(AbstractPipeline.java:472)
	at java.util.stream.FindOps$FindOp.evaluateSequential(FindOps.java:152)
	at java.util.stream.AbstractPipeline.evaluate(AbstractPipeline.java:234)
	at java.util.stream.ReferencePipeline.findFirst(ReferencePipeline.java:464)
	at org.openqa.selenium.remote.ProtocolHandshake.createSession(ProtocolHandshake.java:128)
	at org.openqa.selenium.remote.ProtocolHandshake.createSession(ProtocolHandshake.java:75)
	at org.openqa.selenium.remote.HttpCommandExecutor.execute(HttpCommandExecutor.java:139)
	at org.openqa.selenium.remote.service.DriverCommandExecutor.execute(DriverCommandExecutor.java:83)
	at org.openqa.selenium.remote.RemoteWebDriver.execute(RemoteWebDriver.java:582)
	at org.openqa.selenium.remote.RemoteWebDriver.startSession(RemoteWebDriver.java:216)
	at org.openqa.selenium.remote.RemoteWebDriver.&lt;init&gt;(RemoteWebDriver.java:136)
	at org.openqa.selenium.chromium.ChromiumDriver.&lt;init&gt;(ChromiumDriver.java:75)
	at org.openqa.selenium.chrome.ChromeDriver.&lt;init&gt;(ChromeDriver.java:163)
	at org.openqa.selenium.chrome.ChromeDriver.&lt;init&gt;(ChromeDriver.java:150)
	at org.openqa.selenium.chrome.ChromeDriver.&lt;init&gt;(ChromeDriver.java:105)
	at qa.util.DriverFactory.get(DriverFactory.java:27)
	at qa.conf.DriverConfig.webDriver(DriverConfig.java:32)
	at qa.conf.DriverConfig$$EnhancerBySpringCGLIB$$c6017013.CGLIB$webDriver$1(&lt;generated&gt;)
	at qa.conf.DriverConfig$$EnhancerBySpringCGLIB$$c6017013$$FastClassBySpringCGLIB$$b263f552.invoke(&lt;generated&gt;)
	at org.springframework.cglib.proxy.MethodProxy.invokeSuper(MethodProxy.java:244)
	at org.springframework.context.annotation.ConfigurationClassEnhancer$BeanMethodInterceptor.intercept(ConfigurationClassEnhancer.java:331)
	at qa.conf.DriverConfig$$EnhancerBySpringCGLIB$$c6017013.webDriver(&lt;generated&gt;)
	at org.springframework.beans.factory.support.SimpleInstantiationStrategy.instantiate(SimpleInstantiationStrategy.java:154)
	... 73 more
... Removed 40 stack frames</div></td></tr></table><p class="totop"><a href="#summary">back to summary</a></p>
<h3 id="m1">CucumberTests#runScenario</h3><table class="result"><tr class="param"><th>Parameter #1</th><th>Parameter #2</th></tr><tr class="param stripe"><td>&quot;Eliminar atributo existente aceptar asociada&quot;</td><td>&quot;Administrar Atributo&quot;</td></tr><tr><th colspan="2">Exception</th></tr><tr><td colspan="2"><div class="stacktrace">java.lang.IllegalStateException: Failed to load ApplicationContext
	at org.springframework.test.context.cache.DefaultCacheAwareContextLoaderDelegate.loadContext(DefaultCacheAwareContextLoaderDelegate.java:132)
	at org.springframework.test.context.support.DefaultTestContext.getApplicationContext(DefaultTestContext.java:123)
	at io.cucumber.spring.TestContextAdaptor.createTestContextManagerAdaptor(TestContextAdaptor.java:32)
	at io.cucumber.spring.SpringFactory.start(SpringFactory.java:167)
	at io.cucumber.core.runner.Runner.buildBackendWorlds(Runner.java:165)
	at io.cucumber.core.runner.Runner.runPickle(Runner.java:62)
	at io.cucumber.testng.TestNGCucumberRunner.runScenario(TestNGCucumberRunner.java:124)
	at io.cucumber.testng.AbstractTestNGCucumberTests.runScenario(AbstractTestNGCucumberTests.java:29)
	at java.util.ArrayList.forEach(ArrayList.java:1257)
Caused by: org.springframework.beans.factory.UnsatisfiedDependencyException: Error creating bean with name &apos;crearAtributoPage&apos; defined in file [C:\Users\berdinas\IdeaProjects\delta_regresion_v1\delta_atributos_v2\target\test-classes\qa\pageobjects\CrearAtributoPage.class]: Unsatisfied dependency expressed through constructor parameter 0; nested exception is org.springframework.beans.factory.BeanCreationException: Error creating bean with name &apos;webDriver&apos; defined in qa.conf.DriverConfig: Bean instantiation via factory method failed; nested exception is org.springframework.beans.BeanInstantiationException: Failed to instantiate [org.openqa.selenium.WebDriver]: Factory method &apos;webDriver&apos; threw exception; nested exception is org.openqa.selenium.WebDriverException: unknown error: cannot find Chrome binary
Build info: version: &apos;4.0.0-alpha-4&apos;, revision: &apos;c2d955b49e&apos;
System info: host: &apos;MDZN0094&apos;, ip: &apos;10.251.253.16&apos;, os.name: &apos;Windows 10&apos;, os.arch: &apos;amd64&apos;, os.version: &apos;10.0&apos;, java.version: &apos;1.8.0_251&apos;
Driver info: driver.version: ChromeDriver
remote stacktrace: Backtrace:
	Ordinal0 [0x00579563+2725219]
	Ordinal0 [0x00478551+1672529]
	Ordinal0 [0x00360359+525145]
	Ordinal0 [0x002ECA64+51812]
	Ordinal0 [0x0030CC37+183351]
	Ordinal0 [0x0030CA3D+182845]
	Ordinal0 [0x0030A94B+174411]
	Ordinal0 [0x002F2528+75048]
	Ordinal0 [0x002F35A0+79264]
	Ordinal0 [0x002F3539+79161]
	Ordinal0 [0x0048D607+1758727]
	GetHandleVerifier [0x00696546+1050150]
	GetHandleVerifier [0x00696291+1049457]
	GetHandleVerifier [0x006A10D7+1094071]
	GetHandleVerifier [0x00696B46+1051686]
	Ordinal0 [0x00485B06+1727238]
	Ordinal0 [0x0048EB7B+1764219]
	Ordinal0 [0x0048ECE3+1764579]
	Ordinal0 [0x004A4C05+1854469]
	BaseThreadInitThunk [0x76006359+25]
	RtlGetAppContainerNamedObjectPath [0x777C7B74+228]
	RtlGetAppContainerNamedObjectPath [0x777C7B44+180]

	at org.springframework.beans.factory.support.ConstructorResolver.createArgumentArray(ConstructorResolver.java:798)
	at org.springframework.beans.factory.support.ConstructorResolver.autowireConstructor(ConstructorResolver.java:228)
	at org.springframework.beans.factory.support.AbstractAutowireCapableBeanFactory.autowireConstructor(AbstractAutowireCapableBeanFactory.java:1358)
	at org.springframework.beans.factory.support.AbstractAutowireCapableBeanFactory.createBeanInstance(AbstractAutowireCapableBeanFactory.java:1204)
	at org.springframework.beans.factory.support.AbstractAutowireCapableBeanFactory.doCreateBean(AbstractAutowireCapableBeanFactory.java:557)
	at org.springframework.beans.factory.support.AbstractAutowireCapableBeanFactory.createBean(AbstractAutowireCapableBeanFactory.java:517)
	at org.springframework.beans.factory.support.AbstractBeanFactory.lambda$doGetBean$0(AbstractBeanFactory.java:323)
	at org.springframework.beans.factory.support.DefaultSingletonBeanRegistry.getSingleton(DefaultSingletonBeanRegistry.java:226)
	at org.springframework.beans.factory.support.AbstractBeanFactory.doGetBean(AbstractBeanFactory.java:321)
	at org.springframework.beans.factory.support.AbstractBeanFactory.getBean(AbstractBeanFactory.java:202)
	at org.springframework.beans.factory.support.DefaultListableBeanFactory.preInstantiateSingletons(DefaultListableBeanFactory.java:895)
	at org.springframework.context.support.AbstractApplicationContext.finishBeanFactoryInitialization(AbstractApplicationContext.java:878)
	at org.springframework.context.support.AbstractApplicationContext.refresh(AbstractApplicationContext.java:550)
	at org.springframework.test.context.support.AbstractGenericContextLoader.loadContext(AbstractGenericContextLoader.java:128)
	at org.springframework.test.context.support.AbstractGenericContextLoader.loadContext(AbstractGenericContextLoader.java:60)
	at org.springframework.test.context.support.AbstractDelegatingSmartContextLoader.delegateLoading(AbstractDelegatingSmartContextLoader.java:275)
	at org.springframework.test.context.support.AbstractDelegatingSmartContextLoader.loadContext(AbstractDelegatingSmartContextLoader.java:243)
	at org.springframework.test.context.cache.DefaultCacheAwareContextLoaderDelegate.loadContextInternal(DefaultCacheAwareContextLoaderDelegate.java:99)
	at org.springframework.test.context.cache.DefaultCacheAwareContextLoaderDelegate.loadContext(DefaultCacheAwareContextLoaderDelegate.java:124)
	... 40 more
Caused by: org.springframework.beans.factory.BeanCreationException: Error creating bean with name &apos;webDriver&apos; defined in qa.conf.DriverConfig: Bean instantiation via factory method failed; nested exception is org.springframework.beans.BeanInstantiationException: Failed to instantiate [org.openqa.selenium.WebDriver]: Factory method &apos;webDriver&apos; threw exception; nested exception is org.openqa.selenium.WebDriverException: unknown error: cannot find Chrome binary
Build info: version: &apos;4.0.0-alpha-4&apos;, revision: &apos;c2d955b49e&apos;
System info: host: &apos;MDZN0094&apos;, ip: &apos;10.251.253.16&apos;, os.name: &apos;Windows 10&apos;, os.arch: &apos;amd64&apos;, os.version: &apos;10.0&apos;, java.version: &apos;1.8.0_251&apos;
Driver info: driver.version: ChromeDriver
remote stacktrace: Backtrace:
	Ordinal0 [0x00579563+2725219]
	Ordinal0 [0x00478551+1672529]
	Ordinal0 [0x00360359+525145]
	Ordinal0 [0x002ECA64+51812]
	Ordinal0 [0x0030CC37+183351]
	Ordinal0 [0x0030CA3D+182845]
	Ordinal0 [0x0030A94B+174411]
	Ordinal0 [0x002F2528+75048]
	Ordinal0 [0x002F35A0+79264]
	Ordinal0 [0x002F3539+79161]
	Ordinal0 [0x0048D607+1758727]
	GetHandleVerifier [0x00696546+1050150]
	GetHandleVerifier [0x00696291+1049457]
	GetHandleVerifier [0x006A10D7+1094071]
	GetHandleVerifier [0x00696B46+1051686]
	Ordinal0 [0x00485B06+1727238]
	Ordinal0 [0x0048EB7B+1764219]
	Ordinal0 [0x0048ECE3+1764579]
	Ordinal0 [0x004A4C05+1854469]
	BaseThreadInitThunk [0x76006359+25]
	RtlGetAppContainerNamedObjectPath [0x777C7B74+228]
	RtlGetAppContainerNamedObjectPath [0x777C7B44+180]

	at org.springframework.beans.factory.support.ConstructorResolver.instantiate(ConstructorResolver.java:656)
	at org.springframework.beans.factory.support.ConstructorResolver.instantiateUsingFactoryMethod(ConstructorResolver.java:484)
	at org.springframework.beans.factory.support.AbstractAutowireCapableBeanFactory.instantiateUsingFactoryMethod(AbstractAutowireCapableBeanFactory.java:1338)
	at org.springframework.beans.factory.support.AbstractAutowireCapableBeanFactory.createBeanInstance(AbstractAutowireCapableBeanFactory.java:1177)
	at org.springframework.beans.factory.support.AbstractAutowireCapableBeanFactory.doCreateBean(AbstractAutowireCapableBeanFactory.java:557)
	at org.springframework.beans.factory.support.AbstractAutowireCapableBeanFactory.createBean(AbstractAutowireCapableBeanFactory.java:517)
	at org.springframework.beans.factory.support.AbstractBeanFactory.lambda$doGetBean$0(AbstractBeanFactory.java:323)
	at org.springframework.beans.factory.support.DefaultSingletonBeanRegistry.getSingleton(DefaultSingletonBeanRegistry.java:226)
	at org.springframework.beans.factory.support.AbstractBeanFactory.doGetBean(AbstractBeanFactory.java:321)
	at org.springframework.beans.factory.support.AbstractBeanFactory.getBean(AbstractBeanFactory.java:202)
	at org.springframework.beans.factory.config.DependencyDescriptor.resolveCandidate(DependencyDescriptor.java:276)
	at org.springframework.beans.factory.support.DefaultListableBeanFactory.doResolveDependency(DefaultListableBeanFactory.java:1306)
	at org.springframework.beans.factory.support.DefaultListableBeanFactory.resolveDependency(DefaultListableBeanFactory.java:1226)
	at org.springframework.beans.factory.support.ConstructorResolver.resolveAutowiredArgument(ConstructorResolver.java:885)
	at org.springframework.beans.factory.support.ConstructorResolver.createArgumentArray(ConstructorResolver.java:789)
	... 58 more
Caused by: org.springframework.beans.BeanInstantiationException: Failed to instantiate [org.openqa.selenium.WebDriver]: Factory method &apos;webDriver&apos; threw exception; nested exception is org.openqa.selenium.WebDriverException: unknown error: cannot find Chrome binary
Build info: version: &apos;4.0.0-alpha-4&apos;, revision: &apos;c2d955b49e&apos;
System info: host: &apos;MDZN0094&apos;, ip: &apos;10.251.253.16&apos;, os.name: &apos;Windows 10&apos;, os.arch: &apos;amd64&apos;, os.version: &apos;10.0&apos;, java.version: &apos;1.8.0_251&apos;
Driver info: driver.version: ChromeDriver
remote stacktrace: Backtrace:
	Ordinal0 [0x00579563+2725219]
	Ordinal0 [0x00478551+1672529]
	Ordinal0 [0x00360359+525145]
	Ordinal0 [0x002ECA64+51812]
	Ordinal0 [0x0030CC37+183351]
	Ordinal0 [0x0030CA3D+182845]
	Ordinal0 [0x0030A94B+174411]
	Ordinal0 [0x002F2528+75048]
	Ordinal0 [0x002F35A0+79264]
	Ordinal0 [0x002F3539+79161]
	Ordinal0 [0x0048D607+1758727]
	GetHandleVerifier [0x00696546+1050150]
	GetHandleVerifier [0x00696291+1049457]
	GetHandleVerifier [0x006A10D7+1094071]
	GetHandleVerifier [0x00696B46+1051686]
	Ordinal0 [0x00485B06+1727238]
	Ordinal0 [0x0048EB7B+1764219]
	Ordinal0 [0x0048ECE3+1764579]
	Ordinal0 [0x004A4C05+1854469]
	BaseThreadInitThunk [0x76006359+25]
	RtlGetAppContainerNamedObjectPath [0x777C7B74+228]
	RtlGetAppContainerNamedObjectPath [0x777C7B44+180]

	at org.springframework.beans.factory.support.SimpleInstantiationStrategy.instantiate(SimpleInstantiationStrategy.java:185)
	at org.springframework.beans.factory.support.ConstructorResolver.instantiate(ConstructorResolver.java:651)
	... 72 more
Caused by: org.openqa.selenium.WebDriverException: unknown error: cannot find Chrome binary
Build info: version: &apos;4.0.0-alpha-4&apos;, revision: &apos;c2d955b49e&apos;
System info: host: &apos;MDZN0094&apos;, ip: &apos;10.251.253.16&apos;, os.name: &apos;Windows 10&apos;, os.arch: &apos;amd64&apos;, os.version: &apos;10.0&apos;, java.version: &apos;1.8.0_251&apos;
Driver info: driver.version: ChromeDriver
remote stacktrace: Backtrace:
	Ordinal0 [0x00579563+2725219]
	Ordinal0 [0x00478551+1672529]
	Ordinal0 [0x00360359+525145]
	Ordinal0 [0x002ECA64+51812]
	Ordinal0 [0x0030CC37+183351]
	Ordinal0 [0x0030CA3D+182845]
	Ordinal0 [0x0030A94B+174411]
	Ordinal0 [0x002F2528+75048]
	Ordinal0 [0x002F35A0+79264]
	Ordinal0 [0x002F3539+79161]
	Ordinal0 [0x0048D607+1758727]
	GetHandleVerifier [0x00696546+1050150]
	GetHandleVerifier [0x00696291+1049457]
	GetHandleVerifier [0x006A10D7+1094071]
	GetHandleVerifier [0x00696B46+1051686]
	Ordinal0 [0x00485B06+1727238]
	Ordinal0 [0x0048EB7B+1764219]
	Ordinal0 [0x0048ECE3+1764579]
	Ordinal0 [0x004A4C05+1854469]
	BaseThreadInitThunk [0x76006359+25]
	RtlGetAppContainerNamedObjectPath [0x777C7B74+228]
	RtlGetAppContainerNamedObjectPath [0x777C7B44+180]

	at org.openqa.selenium.remote.W3CHandshakeResponse.lambda$errorHandler$0(W3CHandshakeResponse.java:62)
	at org.openqa.selenium.remote.HandshakeResponse.lambda$getResponseFunction$0(HandshakeResponse.java:30)
	at org.openqa.selenium.remote.ProtocolHandshake.lambda$createSession$1(ProtocolHandshake.java:126)
	at java.util.stream.ReferencePipeline$3$1.accept(ReferencePipeline.java:193)
	at java.util.Spliterators$ArraySpliterator.tryAdvance(Spliterators.java:958)
	at java.util.stream.ReferencePipeline.forEachWithCancel(ReferencePipeline.java:126)
	at java.util.stream.AbstractPipeline.copyIntoWithCancel(AbstractPipeline.java:499)
	at java.util.stream.AbstractPipeline.copyInto(AbstractPipeline.java:486)
	at java.util.stream.AbstractPipeline.wrapAndCopyInto(AbstractPipeline.java:472)
	at java.util.stream.FindOps$FindOp.evaluateSequential(FindOps.java:152)
	at java.util.stream.AbstractPipeline.evaluate(AbstractPipeline.java:234)
	at java.util.stream.ReferencePipeline.findFirst(ReferencePipeline.java:464)
	at org.openqa.selenium.remote.ProtocolHandshake.createSession(ProtocolHandshake.java:128)
	at org.openqa.selenium.remote.ProtocolHandshake.createSession(ProtocolHandshake.java:75)
	at org.openqa.selenium.remote.HttpCommandExecutor.execute(HttpCommandExecutor.java:139)
	at org.openqa.selenium.remote.service.DriverCommandExecutor.execute(DriverCommandExecutor.java:83)
	at org.openqa.selenium.remote.RemoteWebDriver.execute(RemoteWebDriver.java:582)
	at org.openqa.selenium.remote.RemoteWebDriver.startSession(RemoteWebDriver.java:216)
	at org.openqa.selenium.remote.RemoteWebDriver.&lt;init&gt;(RemoteWebDriver.java:136)
	at org.openqa.selenium.chromium.ChromiumDriver.&lt;init&gt;(ChromiumDriver.java:75)
	at org.openqa.selenium.chrome.ChromeDriver.&lt;init&gt;(ChromeDriver.java:163)
	at org.openqa.selenium.chrome.ChromeDriver.&lt;init&gt;(ChromeDriver.java:150)
	at org.openqa.selenium.chrome.ChromeDriver.&lt;init&gt;(ChromeDriver.java:105)
	at qa.util.DriverFactory.get(DriverFactory.java:27)
	at qa.conf.DriverConfig.webDriver(DriverConfig.java:32)
	at qa.conf.DriverConfig$$EnhancerBySpringCGLIB$$c6017013.CGLIB$webDriver$1(&lt;generated&gt;)
	at qa.conf.DriverConfig$$EnhancerBySpringCGLIB$$c6017013$$FastClassBySpringCGLIB$$b263f552.invoke(&lt;generated&gt;)
	at org.springframework.cglib.proxy.MethodProxy.invokeSuper(MethodProxy.java:244)
	at org.springframework.context.annotation.ConfigurationClassEnhancer$BeanMethodInterceptor.intercept(ConfigurationClassEnhancer.java:331)
	at qa.conf.DriverConfig$$EnhancerBySpringCGLIB$$c6017013.webDriver(&lt;generated&gt;)
	at org.springframework.beans.factory.support.SimpleInstantiationStrategy.instantiate(SimpleInstantiationStrategy.java:154)
	... 73 more
... Removed 40 stack frames</div></td></tr></table><p class="totop"><a href="#summary">back to summary</a></p>
<h3 id="m2">CucumberTests#runScenario</h3><table class="result"><tr class="param"><th>Parameter #1</th><th>Parameter #2</th></tr><tr class="param stripe"><td>&quot;Listar descendente atributo existente&quot;</td><td>&quot;Administrar Atributo&quot;</td></tr><tr><th colspan="2">Exception</th></tr><tr><td colspan="2"><div class="stacktrace">java.lang.IllegalStateException: Failed to load ApplicationContext
	at org.springframework.test.context.cache.DefaultCacheAwareContextLoaderDelegate.loadContext(DefaultCacheAwareContextLoaderDelegate.java:132)
	at org.springframework.test.context.support.DefaultTestContext.getApplicationContext(DefaultTestContext.java:123)
	at io.cucumber.spring.TestContextAdaptor.createTestContextManagerAdaptor(TestContextAdaptor.java:32)
	at io.cucumber.spring.SpringFactory.start(SpringFactory.java:167)
	at io.cucumber.core.runner.Runner.buildBackendWorlds(Runner.java:165)
	at io.cucumber.core.runner.Runner.runPickle(Runner.java:62)
	at io.cucumber.testng.TestNGCucumberRunner.runScenario(TestNGCucumberRunner.java:124)
	at io.cucumber.testng.AbstractTestNGCucumberTests.runScenario(AbstractTestNGCucumberTests.java:29)
	at java.util.ArrayList.forEach(ArrayList.java:1257)
Caused by: org.springframework.beans.factory.UnsatisfiedDependencyException: Error creating bean with name &apos;crearAtributoPage&apos; defined in file [C:\Users\berdinas\IdeaProjects\delta_regresion_v1\delta_atributos_v2\target\test-classes\qa\pageobjects\CrearAtributoPage.class]: Unsatisfied dependency expressed through constructor parameter 0; nested exception is org.springframework.beans.factory.BeanCreationException: Error creating bean with name &apos;webDriver&apos; defined in qa.conf.DriverConfig: Bean instantiation via factory method failed; nested exception is org.springframework.beans.BeanInstantiationException: Failed to instantiate [org.openqa.selenium.WebDriver]: Factory method &apos;webDriver&apos; threw exception; nested exception is org.openqa.selenium.WebDriverException: unknown error: cannot find Chrome binary
Build info: version: &apos;4.0.0-alpha-4&apos;, revision: &apos;c2d955b49e&apos;
System info: host: &apos;MDZN0094&apos;, ip: &apos;10.251.253.16&apos;, os.name: &apos;Windows 10&apos;, os.arch: &apos;amd64&apos;, os.version: &apos;10.0&apos;, java.version: &apos;1.8.0_251&apos;
Driver info: driver.version: ChromeDriver
remote stacktrace: Backtrace:
	Ordinal0 [0x00579563+2725219]
	Ordinal0 [0x00478551+1672529]
	Ordinal0 [0x00360359+525145]
	Ordinal0 [0x002ECA64+51812]
	Ordinal0 [0x0030CC37+183351]
	Ordinal0 [0x0030CA3D+182845]
	Ordinal0 [0x0030A94B+174411]
	Ordinal0 [0x002F2528+75048]
	Ordinal0 [0x002F35A0+79264]
	Ordinal0 [0x002F3539+79161]
	Ordinal0 [0x0048D607+1758727]
	GetHandleVerifier [0x00696546+1050150]
	GetHandleVerifier [0x00696291+1049457]
	GetHandleVerifier [0x006A10D7+1094071]
	GetHandleVerifier [0x00696B46+1051686]
	Ordinal0 [0x00485B06+1727238]
	Ordinal0 [0x0048EB7B+1764219]
	Ordinal0 [0x0048ECE3+1764579]
	Ordinal0 [0x004A4C05+1854469]
	BaseThreadInitThunk [0x76006359+25]
	RtlGetAppContainerNamedObjectPath [0x777C7B74+228]
	RtlGetAppContainerNamedObjectPath [0x777C7B44+180]

	at org.springframework.beans.factory.support.ConstructorResolver.createArgumentArray(ConstructorResolver.java:798)
	at org.springframework.beans.factory.support.ConstructorResolver.autowireConstructor(ConstructorResolver.java:228)
	at org.springframework.beans.factory.support.AbstractAutowireCapableBeanFactory.autowireConstructor(AbstractAutowireCapableBeanFactory.java:1358)
	at org.springframework.beans.factory.support.AbstractAutowireCapableBeanFactory.createBeanInstance(AbstractAutowireCapableBeanFactory.java:1204)
	at org.springframework.beans.factory.support.AbstractAutowireCapableBeanFactory.doCreateBean(AbstractAutowireCapableBeanFactory.java:557)
	at org.springframework.beans.factory.support.AbstractAutowireCapableBeanFactory.createBean(AbstractAutowireCapableBeanFactory.java:517)
	at org.springframework.beans.factory.support.AbstractBeanFactory.lambda$doGetBean$0(AbstractBeanFactory.java:323)
	at org.springframework.beans.factory.support.DefaultSingletonBeanRegistry.getSingleton(DefaultSingletonBeanRegistry.java:226)
	at org.springframework.beans.factory.support.AbstractBeanFactory.doGetBean(AbstractBeanFactory.java:321)
	at org.springframework.beans.factory.support.AbstractBeanFactory.getBean(AbstractBeanFactory.java:202)
	at org.springframework.beans.factory.support.DefaultListableBeanFactory.preInstantiateSingletons(DefaultListableBeanFactory.java:895)
	at org.springframework.context.support.AbstractApplicationContext.finishBeanFactoryInitialization(AbstractApplicationContext.java:878)
	at org.springframework.context.support.AbstractApplicationContext.refresh(AbstractApplicationContext.java:550)
	at org.springframework.test.context.support.AbstractGenericContextLoader.loadContext(AbstractGenericContextLoader.java:128)
	at org.springframework.test.context.support.AbstractGenericContextLoader.loadContext(AbstractGenericContextLoader.java:60)
	at org.springframework.test.context.support.AbstractDelegatingSmartContextLoader.delegateLoading(AbstractDelegatingSmartContextLoader.java:275)
	at org.springframework.test.context.support.AbstractDelegatingSmartContextLoader.loadContext(AbstractDelegatingSmartContextLoader.java:243)
	at org.springframework.test.context.cache.DefaultCacheAwareContextLoaderDelegate.loadContextInternal(DefaultCacheAwareContextLoaderDelegate.java:99)
	at org.springframework.test.context.cache.DefaultCacheAwareContextLoaderDelegate.loadContext(DefaultCacheAwareContextLoaderDelegate.java:124)
	... 40 more
Caused by: org.springframework.beans.factory.BeanCreationException: Error creating bean with name &apos;webDriver&apos; defined in qa.conf.DriverConfig: Bean instantiation via factory method failed; nested exception is org.springframework.beans.BeanInstantiationException: Failed to instantiate [org.openqa.selenium.WebDriver]: Factory method &apos;webDriver&apos; threw exception; nested exception is org.openqa.selenium.WebDriverException: unknown error: cannot find Chrome binary
Build info: version: &apos;4.0.0-alpha-4&apos;, revision: &apos;c2d955b49e&apos;
System info: host: &apos;MDZN0094&apos;, ip: &apos;10.251.253.16&apos;, os.name: &apos;Windows 10&apos;, os.arch: &apos;amd64&apos;, os.version: &apos;10.0&apos;, java.version: &apos;1.8.0_251&apos;
Driver info: driver.version: ChromeDriver
remote stacktrace: Backtrace:
	Ordinal0 [0x00579563+2725219]
	Ordinal0 [0x00478551+1672529]
	Ordinal0 [0x00360359+525145]
	Ordinal0 [0x002ECA64+51812]
	Ordinal0 [0x0030CC37+183351]
	Ordinal0 [0x0030CA3D+182845]
	Ordinal0 [0x0030A94B+174411]
	Ordinal0 [0x002F2528+75048]
	Ordinal0 [0x002F35A0+79264]
	Ordinal0 [0x002F3539+79161]
	Ordinal0 [0x0048D607+1758727]
	GetHandleVerifier [0x00696546+1050150]
	GetHandleVerifier [0x00696291+1049457]
	GetHandleVerifier [0x006A10D7+1094071]
	GetHandleVerifier [0x00696B46+1051686]
	Ordinal0 [0x00485B06+1727238]
	Ordinal0 [0x0048EB7B+1764219]
	Ordinal0 [0x0048ECE3+1764579]
	Ordinal0 [0x004A4C05+1854469]
	BaseThreadInitThunk [0x76006359+25]
	RtlGetAppContainerNamedObjectPath [0x777C7B74+228]
	RtlGetAppContainerNamedObjectPath [0x777C7B44+180]

	at org.springframework.beans.factory.support.ConstructorResolver.instantiate(ConstructorResolver.java:656)
	at org.springframework.beans.factory.support.ConstructorResolver.instantiateUsingFactoryMethod(ConstructorResolver.java:484)
	at org.springframework.beans.factory.support.AbstractAutowireCapableBeanFactory.instantiateUsingFactoryMethod(AbstractAutowireCapableBeanFactory.java:1338)
	at org.springframework.beans.factory.support.AbstractAutowireCapableBeanFactory.createBeanInstance(AbstractAutowireCapableBeanFactory.java:1177)
	at org.springframework.beans.factory.support.AbstractAutowireCapableBeanFactory.doCreateBean(AbstractAutowireCapableBeanFactory.java:557)
	at org.springframework.beans.factory.support.AbstractAutowireCapableBeanFactory.createBean(AbstractAutowireCapableBeanFactory.java:517)
	at org.springframework.beans.factory.support.AbstractBeanFactory.lambda$doGetBean$0(AbstractBeanFactory.java:323)
	at org.springframework.beans.factory.support.DefaultSingletonBeanRegistry.getSingleton(DefaultSingletonBeanRegistry.java:226)
	at org.springframework.beans.factory.support.AbstractBeanFactory.doGetBean(AbstractBeanFactory.java:321)
	at org.springframework.beans.factory.support.AbstractBeanFactory.getBean(AbstractBeanFactory.java:202)
	at org.springframework.beans.factory.config.DependencyDescriptor.resolveCandidate(DependencyDescriptor.java:276)
	at org.springframework.beans.factory.support.DefaultListableBeanFactory.doResolveDependency(DefaultListableBeanFactory.java:1306)
	at org.springframework.beans.factory.support.DefaultListableBeanFactory.resolveDependency(DefaultListableBeanFactory.java:1226)
	at org.springframework.beans.factory.support.ConstructorResolver.resolveAutowiredArgument(ConstructorResolver.java:885)
	at org.springframework.beans.factory.support.ConstructorResolver.createArgumentArray(ConstructorResolver.java:789)
	... 58 more
Caused by: org.springframework.beans.BeanInstantiationException: Failed to instantiate [org.openqa.selenium.WebDriver]: Factory method &apos;webDriver&apos; threw exception; nested exception is org.openqa.selenium.WebDriverException: unknown error: cannot find Chrome binary
Build info: version: &apos;4.0.0-alpha-4&apos;, revision: &apos;c2d955b49e&apos;
System info: host: &apos;MDZN0094&apos;, ip: &apos;10.251.253.16&apos;, os.name: &apos;Windows 10&apos;, os.arch: &apos;amd64&apos;, os.version: &apos;10.0&apos;, java.version: &apos;1.8.0_251&apos;
Driver info: driver.version: ChromeDriver
remote stacktrace: Backtrace:
	Ordinal0 [0x00579563+2725219]
	Ordinal0 [0x00478551+1672529]
	Ordinal0 [0x00360359+525145]
	Ordinal0 [0x002ECA64+51812]
	Ordinal0 [0x0030CC37+183351]
	Ordinal0 [0x0030CA3D+182845]
	Ordinal0 [0x0030A94B+174411]
	Ordinal0 [0x002F2528+75048]
	Ordinal0 [0x002F35A0+79264]
	Ordinal0 [0x002F3539+79161]
	Ordinal0 [0x0048D607+1758727]
	GetHandleVerifier [0x00696546+1050150]
	GetHandleVerifier [0x00696291+1049457]
	GetHandleVerifier [0x006A10D7+1094071]
	GetHandleVerifier [0x00696B46+1051686]
	Ordinal0 [0x00485B06+1727238]
	Ordinal0 [0x0048EB7B+1764219]
	Ordinal0 [0x0048ECE3+1764579]
	Ordinal0 [0x004A4C05+1854469]
	BaseThreadInitThunk [0x76006359+25]
	RtlGetAppContainerNamedObjectPath [0x777C7B74+228]
	RtlGetAppContainerNamedObjectPath [0x777C7B44+180]

	at org.springframework.beans.factory.support.SimpleInstantiationStrategy.instantiate(SimpleInstantiationStrategy.java:185)
	at org.springframework.beans.factory.support.ConstructorResolver.instantiate(ConstructorResolver.java:651)
	... 72 more
Caused by: org.openqa.selenium.WebDriverException: unknown error: cannot find Chrome binary
Build info: version: &apos;4.0.0-alpha-4&apos;, revision: &apos;c2d955b49e&apos;
System info: host: &apos;MDZN0094&apos;, ip: &apos;10.251.253.16&apos;, os.name: &apos;Windows 10&apos;, os.arch: &apos;amd64&apos;, os.version: &apos;10.0&apos;, java.version: &apos;1.8.0_251&apos;
Driver info: driver.version: ChromeDriver
remote stacktrace: Backtrace:
	Ordinal0 [0x00579563+2725219]
	Ordinal0 [0x00478551+1672529]
	Ordinal0 [0x00360359+525145]
	Ordinal0 [0x002ECA64+51812]
	Ordinal0 [0x0030CC37+183351]
	Ordinal0 [0x0030CA3D+182845]
	Ordinal0 [0x0030A94B+174411]
	Ordinal0 [0x002F2528+75048]
	Ordinal0 [0x002F35A0+79264]
	Ordinal0 [0x002F3539+79161]
	Ordinal0 [0x0048D607+1758727]
	GetHandleVerifier [0x00696546+1050150]
	GetHandleVerifier [0x00696291+1049457]
	GetHandleVerifier [0x006A10D7+1094071]
	GetHandleVerifier [0x00696B46+1051686]
	Ordinal0 [0x00485B06+1727238]
	Ordinal0 [0x0048EB7B+1764219]
	Ordinal0 [0x0048ECE3+1764579]
	Ordinal0 [0x004A4C05+1854469]
	BaseThreadInitThunk [0x76006359+25]
	RtlGetAppContainerNamedObjectPath [0x777C7B74+228]
	RtlGetAppContainerNamedObjectPath [0x777C7B44+180]

	at org.openqa.selenium.remote.W3CHandshakeResponse.lambda$errorHandler$0(W3CHandshakeResponse.java:62)
	at org.openqa.selenium.remote.HandshakeResponse.lambda$getResponseFunction$0(HandshakeResponse.java:30)
	at org.openqa.selenium.remote.ProtocolHandshake.lambda$createSession$1(ProtocolHandshake.java:126)
	at java.util.stream.ReferencePipeline$3$1.accept(ReferencePipeline.java:193)
	at java.util.Spliterators$ArraySpliterator.tryAdvance(Spliterators.java:958)
	at java.util.stream.ReferencePipeline.forEachWithCancel(ReferencePipeline.java:126)
	at java.util.stream.AbstractPipeline.copyIntoWithCancel(AbstractPipeline.java:499)
	at java.util.stream.AbstractPipeline.copyInto(AbstractPipeline.java:486)
	at java.util.stream.AbstractPipeline.wrapAndCopyInto(AbstractPipeline.java:472)
	at java.util.stream.FindOps$FindOp.evaluateSequential(FindOps.java:152)
	at java.util.stream.AbstractPipeline.evaluate(AbstractPipeline.java:234)
	at java.util.stream.ReferencePipeline.findFirst(ReferencePipeline.java:464)
	at org.openqa.selenium.remote.ProtocolHandshake.createSession(ProtocolHandshake.java:128)
	at org.openqa.selenium.remote.ProtocolHandshake.createSession(ProtocolHandshake.java:75)
	at org.openqa.selenium.remote.HttpCommandExecutor.execute(HttpCommandExecutor.java:139)
	at org.openqa.selenium.remote.service.DriverCommandExecutor.execute(DriverCommandExecutor.java:83)
	at org.openqa.selenium.remote.RemoteWebDriver.execute(RemoteWebDriver.java:582)
	at org.openqa.selenium.remote.RemoteWebDriver.startSession(RemoteWebDriver.java:216)
	at org.openqa.selenium.remote.RemoteWebDriver.&lt;init&gt;(RemoteWebDriver.java:136)
	at org.openqa.selenium.chromium.ChromiumDriver.&lt;init&gt;(ChromiumDriver.java:75)
	at org.openqa.selenium.chrome.ChromeDriver.&lt;init&gt;(ChromeDriver.java:163)
	at org.openqa.selenium.chrome.ChromeDriver.&lt;init&gt;(ChromeDriver.java:150)
	at org.openqa.selenium.chrome.ChromeDriver.&lt;init&gt;(ChromeDriver.java:105)
	at qa.util.DriverFactory.get(DriverFactory.java:27)
	at qa.conf.DriverConfig.webDriver(DriverConfig.java:32)
	at qa.conf.DriverConfig$$EnhancerBySpringCGLIB$$c6017013.CGLIB$webDriver$1(&lt;generated&gt;)
	at qa.conf.DriverConfig$$EnhancerBySpringCGLIB$$c6017013$$FastClassBySpringCGLIB$$b263f552.invoke(&lt;generated&gt;)
	at org.springframework.cglib.proxy.MethodProxy.invokeSuper(MethodProxy.java:244)
	at org.springframework.context.annotation.ConfigurationClassEnhancer$BeanMethodInterceptor.intercept(ConfigurationClassEnhancer.java:331)
	at qa.conf.DriverConfig$$EnhancerBySpringCGLIB$$c6017013.webDriver(&lt;generated&gt;)
	at org.springframework.beans.factory.support.SimpleInstantiationStrategy.instantiate(SimpleInstantiationStrategy.java:154)
	... 73 more
... Removed 40 stack frames</div></td></tr></table><p class="totop"><a href="#summary">back to summary</a></p>
<h3 id="m3">CucumberTests#runScenario</h3><table class="result"><tr class="param"><th>Parameter #1</th><th>Parameter #2</th></tr><tr class="param stripe"><td>&quot;Crear atributo sin datos requeridos&quot;</td><td>&quot;Administrar Atributo&quot;</td></tr><tr><th colspan="2">Exception</th></tr><tr><td colspan="2"><div class="stacktrace">java.lang.IllegalStateException: Failed to load ApplicationContext
	at org.springframework.test.context.cache.DefaultCacheAwareContextLoaderDelegate.loadContext(DefaultCacheAwareContextLoaderDelegate.java:132)
	at org.springframework.test.context.support.DefaultTestContext.getApplicationContext(DefaultTestContext.java:123)
	at io.cucumber.spring.TestContextAdaptor.createTestContextManagerAdaptor(TestContextAdaptor.java:32)
	at io.cucumber.spring.SpringFactory.start(SpringFactory.java:167)
	at io.cucumber.core.runner.Runner.buildBackendWorlds(Runner.java:165)
	at io.cucumber.core.runner.Runner.runPickle(Runner.java:62)
	at io.cucumber.testng.TestNGCucumberRunner.runScenario(TestNGCucumberRunner.java:124)
	at io.cucumber.testng.AbstractTestNGCucumberTests.runScenario(AbstractTestNGCucumberTests.java:29)
	at java.util.ArrayList.forEach(ArrayList.java:1257)
Caused by: org.springframework.beans.factory.UnsatisfiedDependencyException: Error creating bean with name &apos;crearAtributoPage&apos; defined in file [C:\Users\berdinas\IdeaProjects\delta_regresion_v1\delta_atributos_v2\target\test-classes\qa\pageobjects\CrearAtributoPage.class]: Unsatisfied dependency expressed through constructor parameter 0; nested exception is org.springframework.beans.factory.BeanCreationException: Error creating bean with name &apos;webDriver&apos; defined in qa.conf.DriverConfig: Bean instantiation via factory method failed; nested exception is org.springframework.beans.BeanInstantiationException: Failed to instantiate [org.openqa.selenium.WebDriver]: Factory method &apos;webDriver&apos; threw exception; nested exception is org.openqa.selenium.WebDriverException: unknown error: cannot find Chrome binary
Build info: version: &apos;4.0.0-alpha-4&apos;, revision: &apos;c2d955b49e&apos;
System info: host: &apos;MDZN0094&apos;, ip: &apos;10.251.253.16&apos;, os.name: &apos;Windows 10&apos;, os.arch: &apos;amd64&apos;, os.version: &apos;10.0&apos;, java.version: &apos;1.8.0_251&apos;
Driver info: driver.version: ChromeDriver
remote stacktrace: Backtrace:
	Ordinal0 [0x00579563+2725219]
	Ordinal0 [0x00478551+1672529]
	Ordinal0 [0x00360359+525145]
	Ordinal0 [0x002ECA64+51812]
	Ordinal0 [0x0030CC37+183351]
	Ordinal0 [0x0030CA3D+182845]
	Ordinal0 [0x0030A94B+174411]
	Ordinal0 [0x002F2528+75048]
	Ordinal0 [0x002F35A0+79264]
	Ordinal0 [0x002F3539+79161]
	Ordinal0 [0x0048D607+1758727]
	GetHandleVerifier [0x00696546+1050150]
	GetHandleVerifier [0x00696291+1049457]
	GetHandleVerifier [0x006A10D7+1094071]
	GetHandleVerifier [0x00696B46+1051686]
	Ordinal0 [0x00485B06+1727238]
	Ordinal0 [0x0048EB7B+1764219]
	Ordinal0 [0x0048ECE3+1764579]
	Ordinal0 [0x004A4C05+1854469]
	BaseThreadInitThunk [0x76006359+25]
	RtlGetAppContainerNamedObjectPath [0x777C7B74+228]
	RtlGetAppContainerNamedObjectPath [0x777C7B44+180]

	at org.springframework.beans.factory.support.ConstructorResolver.createArgumentArray(ConstructorResolver.java:798)
	at org.springframework.beans.factory.support.ConstructorResolver.autowireConstructor(ConstructorResolver.java:228)
	at org.springframework.beans.factory.support.AbstractAutowireCapableBeanFactory.autowireConstructor(AbstractAutowireCapableBeanFactory.java:1358)
	at org.springframework.beans.factory.support.AbstractAutowireCapableBeanFactory.createBeanInstance(AbstractAutowireCapableBeanFactory.java:1204)
	at org.springframework.beans.factory.support.AbstractAutowireCapableBeanFactory.doCreateBean(AbstractAutowireCapableBeanFactory.java:557)
	at org.springframework.beans.factory.support.AbstractAutowireCapableBeanFactory.createBean(AbstractAutowireCapableBeanFactory.java:517)
	at org.springframework.beans.factory.support.AbstractBeanFactory.lambda$doGetBean$0(AbstractBeanFactory.java:323)
	at org.springframework.beans.factory.support.DefaultSingletonBeanRegistry.getSingleton(DefaultSingletonBeanRegistry.java:226)
	at org.springframework.beans.factory.support.AbstractBeanFactory.doGetBean(AbstractBeanFactory.java:321)
	at org.springframework.beans.factory.support.AbstractBeanFactory.getBean(AbstractBeanFactory.java:202)
	at org.springframework.beans.factory.support.DefaultListableBeanFactory.preInstantiateSingletons(DefaultListableBeanFactory.java:895)
	at org.springframework.context.support.AbstractApplicationContext.finishBeanFactoryInitialization(AbstractApplicationContext.java:878)
	at org.springframework.context.support.AbstractApplicationContext.refresh(AbstractApplicationContext.java:550)
	at org.springframework.test.context.support.AbstractGenericContextLoader.loadContext(AbstractGenericContextLoader.java:128)
	at org.springframework.test.context.support.AbstractGenericContextLoader.loadContext(AbstractGenericContextLoader.java:60)
	at org.springframework.test.context.support.AbstractDelegatingSmartContextLoader.delegateLoading(AbstractDelegatingSmartContextLoader.java:275)
	at org.springframework.test.context.support.AbstractDelegatingSmartContextLoader.loadContext(AbstractDelegatingSmartContextLoader.java:243)
	at org.springframework.test.context.cache.DefaultCacheAwareContextLoaderDelegate.loadContextInternal(DefaultCacheAwareContextLoaderDelegate.java:99)
	at org.springframework.test.context.cache.DefaultCacheAwareContextLoaderDelegate.loadContext(DefaultCacheAwareContextLoaderDelegate.java:124)
	... 40 more
Caused by: org.springframework.beans.factory.BeanCreationException: Error creating bean with name &apos;webDriver&apos; defined in qa.conf.DriverConfig: Bean instantiation via factory method failed; nested exception is org.springframework.beans.BeanInstantiationException: Failed to instantiate [org.openqa.selenium.WebDriver]: Factory method &apos;webDriver&apos; threw exception; nested exception is org.openqa.selenium.WebDriverException: unknown error: cannot find Chrome binary
Build info: version: &apos;4.0.0-alpha-4&apos;, revision: &apos;c2d955b49e&apos;
System info: host: &apos;MDZN0094&apos;, ip: &apos;10.251.253.16&apos;, os.name: &apos;Windows 10&apos;, os.arch: &apos;amd64&apos;, os.version: &apos;10.0&apos;, java.version: &apos;1.8.0_251&apos;
Driver info: driver.version: ChromeDriver
remote stacktrace: Backtrace:
	Ordinal0 [0x00579563+2725219]
	Ordinal0 [0x00478551+1672529]
	Ordinal0 [0x00360359+525145]
	Ordinal0 [0x002ECA64+51812]
	Ordinal0 [0x0030CC37+183351]
	Ordinal0 [0x0030CA3D+182845]
	Ordinal0 [0x0030A94B+174411]
	Ordinal0 [0x002F2528+75048]
	Ordinal0 [0x002F35A0+79264]
	Ordinal0 [0x002F3539+79161]
	Ordinal0 [0x0048D607+1758727]
	GetHandleVerifier [0x00696546+1050150]
	GetHandleVerifier [0x00696291+1049457]
	GetHandleVerifier [0x006A10D7+1094071]
	GetHandleVerifier [0x00696B46+1051686]
	Ordinal0 [0x00485B06+1727238]
	Ordinal0 [0x0048EB7B+1764219]
	Ordinal0 [0x0048ECE3+1764579]
	Ordinal0 [0x004A4C05+1854469]
	BaseThreadInitThunk [0x76006359+25]
	RtlGetAppContainerNamedObjectPath [0x777C7B74+228]
	RtlGetAppContainerNamedObjectPath [0x777C7B44+180]

	at org.springframework.beans.factory.support.ConstructorResolver.instantiate(ConstructorResolver.java:656)
	at org.springframework.beans.factory.support.ConstructorResolver.instantiateUsingFactoryMethod(ConstructorResolver.java:484)
	at org.springframework.beans.factory.support.AbstractAutowireCapableBeanFactory.instantiateUsingFactoryMethod(AbstractAutowireCapableBeanFactory.java:1338)
	at org.springframework.beans.factory.support.AbstractAutowireCapableBeanFactory.createBeanInstance(AbstractAutowireCapableBeanFactory.java:1177)
	at org.springframework.beans.factory.support.AbstractAutowireCapableBeanFactory.doCreateBean(AbstractAutowireCapableBeanFactory.java:557)
	at org.springframework.beans.factory.support.AbstractAutowireCapableBeanFactory.createBean(AbstractAutowireCapableBeanFactory.java:517)
	at org.springframework.beans.factory.support.AbstractBeanFactory.lambda$doGetBean$0(AbstractBeanFactory.java:323)
	at org.springframework.beans.factory.support.DefaultSingletonBeanRegistry.getSingleton(DefaultSingletonBeanRegistry.java:226)
	at org.springframework.beans.factory.support.AbstractBeanFactory.doGetBean(AbstractBeanFactory.java:321)
	at org.springframework.beans.factory.support.AbstractBeanFactory.getBean(AbstractBeanFactory.java:202)
	at org.springframework.beans.factory.config.DependencyDescriptor.resolveCandidate(DependencyDescriptor.java:276)
	at org.springframework.beans.factory.support.DefaultListableBeanFactory.doResolveDependency(DefaultListableBeanFactory.java:1306)
	at org.springframework.beans.factory.support.DefaultListableBeanFactory.resolveDependency(DefaultListableBeanFactory.java:1226)
	at org.springframework.beans.factory.support.ConstructorResolver.resolveAutowiredArgument(ConstructorResolver.java:885)
	at org.springframework.beans.factory.support.ConstructorResolver.createArgumentArray(ConstructorResolver.java:789)
	... 58 more
Caused by: org.springframework.beans.BeanInstantiationException: Failed to instantiate [org.openqa.selenium.WebDriver]: Factory method &apos;webDriver&apos; threw exception; nested exception is org.openqa.selenium.WebDriverException: unknown error: cannot find Chrome binary
Build info: version: &apos;4.0.0-alpha-4&apos;, revision: &apos;c2d955b49e&apos;
System info: host: &apos;MDZN0094&apos;, ip: &apos;10.251.253.16&apos;, os.name: &apos;Windows 10&apos;, os.arch: &apos;amd64&apos;, os.version: &apos;10.0&apos;, java.version: &apos;1.8.0_251&apos;
Driver info: driver.version: ChromeDriver
remote stacktrace: Backtrace:
	Ordinal0 [0x00579563+2725219]
	Ordinal0 [0x00478551+1672529]
	Ordinal0 [0x00360359+525145]
	Ordinal0 [0x002ECA64+51812]
	Ordinal0 [0x0030CC37+183351]
	Ordinal0 [0x0030CA3D+182845]
	Ordinal0 [0x0030A94B+174411]
	Ordinal0 [0x002F2528+75048]
	Ordinal0 [0x002F35A0+79264]
	Ordinal0 [0x002F3539+79161]
	Ordinal0 [0x0048D607+1758727]
	GetHandleVerifier [0x00696546+1050150]
	GetHandleVerifier [0x00696291+1049457]
	GetHandleVerifier [0x006A10D7+1094071]
	GetHandleVerifier [0x00696B46+1051686]
	Ordinal0 [0x00485B06+1727238]
	Ordinal0 [0x0048EB7B+1764219]
	Ordinal0 [0x0048ECE3+1764579]
	Ordinal0 [0x004A4C05+1854469]
	BaseThreadInitThunk [0x76006359+25]
	RtlGetAppContainerNamedObjectPath [0x777C7B74+228]
	RtlGetAppContainerNamedObjectPath [0x777C7B44+180]

	at org.springframework.beans.factory.support.SimpleInstantiationStrategy.instantiate(SimpleInstantiationStrategy.java:185)
	at org.springframework.beans.factory.support.ConstructorResolver.instantiate(ConstructorResolver.java:651)
	... 72 more
Caused by: org.openqa.selenium.WebDriverException: unknown error: cannot find Chrome binary
Build info: version: &apos;4.0.0-alpha-4&apos;, revision: &apos;c2d955b49e&apos;
System info: host: &apos;MDZN0094&apos;, ip: &apos;10.251.253.16&apos;, os.name: &apos;Windows 10&apos;, os.arch: &apos;amd64&apos;, os.version: &apos;10.0&apos;, java.version: &apos;1.8.0_251&apos;
Driver info: driver.version: ChromeDriver
remote stacktrace: Backtrace:
	Ordinal0 [0x00579563+2725219]
	Ordinal0 [0x00478551+1672529]
	Ordinal0 [0x00360359+525145]
	Ordinal0 [0x002ECA64+51812]
	Ordinal0 [0x0030CC37+183351]
	Ordinal0 [0x0030CA3D+182845]
	Ordinal0 [0x0030A94B+174411]
	Ordinal0 [0x002F2528+75048]
	Ordinal0 [0x002F35A0+79264]
	Ordinal0 [0x002F3539+79161]
	Ordinal0 [0x0048D607+1758727]
	GetHandleVerifier [0x00696546+1050150]
	GetHandleVerifier [0x00696291+1049457]
	GetHandleVerifier [0x006A10D7+1094071]
	GetHandleVerifier [0x00696B46+1051686]
	Ordinal0 [0x00485B06+1727238]
	Ordinal0 [0x0048EB7B+1764219]
	Ordinal0 [0x0048ECE3+1764579]
	Ordinal0 [0x004A4C05+1854469]
	BaseThreadInitThunk [0x76006359+25]
	RtlGetAppContainerNamedObjectPath [0x777C7B74+228]
	RtlGetAppContainerNamedObjectPath [0x777C7B44+180]

	at org.openqa.selenium.remote.W3CHandshakeResponse.lambda$errorHandler$0(W3CHandshakeResponse.java:62)
	at org.openqa.selenium.remote.HandshakeResponse.lambda$getResponseFunction$0(HandshakeResponse.java:30)
	at org.openqa.selenium.remote.ProtocolHandshake.lambda$createSession$1(ProtocolHandshake.java:126)
	at java.util.stream.ReferencePipeline$3$1.accept(ReferencePipeline.java:193)
	at java.util.Spliterators$ArraySpliterator.tryAdvance(Spliterators.java:958)
	at java.util.stream.ReferencePipeline.forEachWithCancel(ReferencePipeline.java:126)
	at java.util.stream.AbstractPipeline.copyIntoWithCancel(AbstractPipeline.java:499)
	at java.util.stream.AbstractPipeline.copyInto(AbstractPipeline.java:486)
	at java.util.stream.AbstractPipeline.wrapAndCopyInto(AbstractPipeline.java:472)
	at java.util.stream.FindOps$FindOp.evaluateSequential(FindOps.java:152)
	at java.util.stream.AbstractPipeline.evaluate(AbstractPipeline.java:234)
	at java.util.stream.ReferencePipeline.findFirst(ReferencePipeline.java:464)
	at org.openqa.selenium.remote.ProtocolHandshake.createSession(ProtocolHandshake.java:128)
	at org.openqa.selenium.remote.ProtocolHandshake.createSession(ProtocolHandshake.java:75)
	at org.openqa.selenium.remote.HttpCommandExecutor.execute(HttpCommandExecutor.java:139)
	at org.openqa.selenium.remote.service.DriverCommandExecutor.execute(DriverCommandExecutor.java:83)
	at org.openqa.selenium.remote.RemoteWebDriver.execute(RemoteWebDriver.java:582)
	at org.openqa.selenium.remote.RemoteWebDriver.startSession(RemoteWebDriver.java:216)
	at org.openqa.selenium.remote.RemoteWebDriver.&lt;init&gt;(RemoteWebDriver.java:136)
	at org.openqa.selenium.chromium.ChromiumDriver.&lt;init&gt;(ChromiumDriver.java:75)
	at org.openqa.selenium.chrome.ChromeDriver.&lt;init&gt;(ChromeDriver.java:163)
	at org.openqa.selenium.chrome.ChromeDriver.&lt;init&gt;(ChromeDriver.java:150)
	at org.openqa.selenium.chrome.ChromeDriver.&lt;init&gt;(ChromeDriver.java:105)
	at qa.util.DriverFactory.get(DriverFactory.java:27)
	at qa.conf.DriverConfig.webDriver(DriverConfig.java:32)
	at qa.conf.DriverConfig$$EnhancerBySpringCGLIB$$c6017013.CGLIB$webDriver$1(&lt;generated&gt;)
	at qa.conf.DriverConfig$$EnhancerBySpringCGLIB$$c6017013$$FastClassBySpringCGLIB$$b263f552.invoke(&lt;generated&gt;)
	at org.springframework.cglib.proxy.MethodProxy.invokeSuper(MethodProxy.java:244)
	at org.springframework.context.annotation.ConfigurationClassEnhancer$BeanMethodInterceptor.intercept(ConfigurationClassEnhancer.java:331)
	at qa.conf.DriverConfig$$EnhancerBySpringCGLIB$$c6017013.webDriver(&lt;generated&gt;)
	at org.springframework.beans.factory.support.SimpleInstantiationStrategy.instantiate(SimpleInstantiationStrategy.java:154)
	... 73 more
... Removed 40 stack frames</div></td></tr></table><p class="totop"><a href="#summary">back to summary</a></p>
<h3 id="m4">CucumberTests#runScenario</h3><table class="result"><tr class="param"><th>Parameter #1</th><th>Parameter #2</th></tr><tr class="param stripe"><td>&quot;Crear atributo con codigo existente&quot;</td><td>&quot;Administrar Atributo&quot;</td></tr><tr><th colspan="2">Exception</th></tr><tr><td colspan="2"><div class="stacktrace">java.lang.IllegalStateException: Failed to load ApplicationContext
	at org.springframework.test.context.cache.DefaultCacheAwareContextLoaderDelegate.loadContext(DefaultCacheAwareContextLoaderDelegate.java:132)
	at org.springframework.test.context.support.DefaultTestContext.getApplicationContext(DefaultTestContext.java:123)
	at io.cucumber.spring.TestContextAdaptor.createTestContextManagerAdaptor(TestContextAdaptor.java:32)
	at io.cucumber.spring.SpringFactory.start(SpringFactory.java:167)
	at io.cucumber.core.runner.Runner.buildBackendWorlds(Runner.java:165)
	at io.cucumber.core.runner.Runner.runPickle(Runner.java:62)
	at io.cucumber.testng.TestNGCucumberRunner.runScenario(TestNGCucumberRunner.java:124)
	at io.cucumber.testng.AbstractTestNGCucumberTests.runScenario(AbstractTestNGCucumberTests.java:29)
	at java.util.ArrayList.forEach(ArrayList.java:1257)
Caused by: org.springframework.beans.factory.UnsatisfiedDependencyException: Error creating bean with name &apos;crearAtributoPage&apos; defined in file [C:\Users\berdinas\IdeaProjects\delta_regresion_v1\delta_atributos_v2\target\test-classes\qa\pageobjects\CrearAtributoPage.class]: Unsatisfied dependency expressed through constructor parameter 0; nested exception is org.springframework.beans.factory.BeanCreationException: Error creating bean with name &apos;webDriver&apos; defined in qa.conf.DriverConfig: Bean instantiation via factory method failed; nested exception is org.springframework.beans.BeanInstantiationException: Failed to instantiate [org.openqa.selenium.WebDriver]: Factory method &apos;webDriver&apos; threw exception; nested exception is org.openqa.selenium.WebDriverException: unknown error: cannot find Chrome binary
Build info: version: &apos;4.0.0-alpha-4&apos;, revision: &apos;c2d955b49e&apos;
System info: host: &apos;MDZN0094&apos;, ip: &apos;10.251.253.16&apos;, os.name: &apos;Windows 10&apos;, os.arch: &apos;amd64&apos;, os.version: &apos;10.0&apos;, java.version: &apos;1.8.0_251&apos;
Driver info: driver.version: ChromeDriver
remote stacktrace: Backtrace:
	Ordinal0 [0x00579563+2725219]
	Ordinal0 [0x00478551+1672529]
	Ordinal0 [0x00360359+525145]
	Ordinal0 [0x002ECA64+51812]
	Ordinal0 [0x0030CC37+183351]
	Ordinal0 [0x0030CA3D+182845]
	Ordinal0 [0x0030A94B+174411]
	Ordinal0 [0x002F2528+75048]
	Ordinal0 [0x002F35A0+79264]
	Ordinal0 [0x002F3539+79161]
	Ordinal0 [0x0048D607+1758727]
	GetHandleVerifier [0x00696546+1050150]
	GetHandleVerifier [0x00696291+1049457]
	GetHandleVerifier [0x006A10D7+1094071]
	GetHandleVerifier [0x00696B46+1051686]
	Ordinal0 [0x00485B06+1727238]
	Ordinal0 [0x0048EB7B+1764219]
	Ordinal0 [0x0048ECE3+1764579]
	Ordinal0 [0x004A4C05+1854469]
	BaseThreadInitThunk [0x76006359+25]
	RtlGetAppContainerNamedObjectPath [0x777C7B74+228]
	RtlGetAppContainerNamedObjectPath [0x777C7B44+180]

	at org.springframework.beans.factory.support.ConstructorResolver.createArgumentArray(ConstructorResolver.java:798)
	at org.springframework.beans.factory.support.ConstructorResolver.autowireConstructor(ConstructorResolver.java:228)
	at org.springframework.beans.factory.support.AbstractAutowireCapableBeanFactory.autowireConstructor(AbstractAutowireCapableBeanFactory.java:1358)
	at org.springframework.beans.factory.support.AbstractAutowireCapableBeanFactory.createBeanInstance(AbstractAutowireCapableBeanFactory.java:1204)
	at org.springframework.beans.factory.support.AbstractAutowireCapableBeanFactory.doCreateBean(AbstractAutowireCapableBeanFactory.java:557)
	at org.springframework.beans.factory.support.AbstractAutowireCapableBeanFactory.createBean(AbstractAutowireCapableBeanFactory.java:517)
	at org.springframework.beans.factory.support.AbstractBeanFactory.lambda$doGetBean$0(AbstractBeanFactory.java:323)
	at org.springframework.beans.factory.support.DefaultSingletonBeanRegistry.getSingleton(DefaultSingletonBeanRegistry.java:226)
	at org.springframework.beans.factory.support.AbstractBeanFactory.doGetBean(AbstractBeanFactory.java:321)
	at org.springframework.beans.factory.support.AbstractBeanFactory.getBean(AbstractBeanFactory.java:202)
	at org.springframework.beans.factory.support.DefaultListableBeanFactory.preInstantiateSingletons(DefaultListableBeanFactory.java:895)
	at org.springframework.context.support.AbstractApplicationContext.finishBeanFactoryInitialization(AbstractApplicationContext.java:878)
	at org.springframework.context.support.AbstractApplicationContext.refresh(AbstractApplicationContext.java:550)
	at org.springframework.test.context.support.AbstractGenericContextLoader.loadContext(AbstractGenericContextLoader.java:128)
	at org.springframework.test.context.support.AbstractGenericContextLoader.loadContext(AbstractGenericContextLoader.java:60)
	at org.springframework.test.context.support.AbstractDelegatingSmartContextLoader.delegateLoading(AbstractDelegatingSmartContextLoader.java:275)
	at org.springframework.test.context.support.AbstractDelegatingSmartContextLoader.loadContext(AbstractDelegatingSmartContextLoader.java:243)
	at org.springframework.test.context.cache.DefaultCacheAwareContextLoaderDelegate.loadContextInternal(DefaultCacheAwareContextLoaderDelegate.java:99)
	at org.springframework.test.context.cache.DefaultCacheAwareContextLoaderDelegate.loadContext(DefaultCacheAwareContextLoaderDelegate.java:124)
	... 40 more
Caused by: org.springframework.beans.factory.BeanCreationException: Error creating bean with name &apos;webDriver&apos; defined in qa.conf.DriverConfig: Bean instantiation via factory method failed; nested exception is org.springframework.beans.BeanInstantiationException: Failed to instantiate [org.openqa.selenium.WebDriver]: Factory method &apos;webDriver&apos; threw exception; nested exception is org.openqa.selenium.WebDriverException: unknown error: cannot find Chrome binary
Build info: version: &apos;4.0.0-alpha-4&apos;, revision: &apos;c2d955b49e&apos;
System info: host: &apos;MDZN0094&apos;, ip: &apos;10.251.253.16&apos;, os.name: &apos;Windows 10&apos;, os.arch: &apos;amd64&apos;, os.version: &apos;10.0&apos;, java.version: &apos;1.8.0_251&apos;
Driver info: driver.version: ChromeDriver
remote stacktrace: Backtrace:
	Ordinal0 [0x00579563+2725219]
	Ordinal0 [0x00478551+1672529]
	Ordinal0 [0x00360359+525145]
	Ordinal0 [0x002ECA64+51812]
	Ordinal0 [0x0030CC37+183351]
	Ordinal0 [0x0030CA3D+182845]
	Ordinal0 [0x0030A94B+174411]
	Ordinal0 [0x002F2528+75048]
	Ordinal0 [0x002F35A0+79264]
	Ordinal0 [0x002F3539+79161]
	Ordinal0 [0x0048D607+1758727]
	GetHandleVerifier [0x00696546+1050150]
	GetHandleVerifier [0x00696291+1049457]
	GetHandleVerifier [0x006A10D7+1094071]
	GetHandleVerifier [0x00696B46+1051686]
	Ordinal0 [0x00485B06+1727238]
	Ordinal0 [0x0048EB7B+1764219]
	Ordinal0 [0x0048ECE3+1764579]
	Ordinal0 [0x004A4C05+1854469]
	BaseThreadInitThunk [0x76006359+25]
	RtlGetAppContainerNamedObjectPath [0x777C7B74+228]
	RtlGetAppContainerNamedObjectPath [0x777C7B44+180]

	at org.springframework.beans.factory.support.ConstructorResolver.instantiate(ConstructorResolver.java:656)
	at org.springframework.beans.factory.support.ConstructorResolver.instantiateUsingFactoryMethod(ConstructorResolver.java:484)
	at org.springframework.beans.factory.support.AbstractAutowireCapableBeanFactory.instantiateUsingFactoryMethod(AbstractAutowireCapableBeanFactory.java:1338)
	at org.springframework.beans.factory.support.AbstractAutowireCapableBeanFactory.createBeanInstance(AbstractAutowireCapableBeanFactory.java:1177)
	at org.springframework.beans.factory.support.AbstractAutowireCapableBeanFactory.doCreateBean(AbstractAutowireCapableBeanFactory.java:557)
	at org.springframework.beans.factory.support.AbstractAutowireCapableBeanFactory.createBean(AbstractAutowireCapableBeanFactory.java:517)
	at org.springframework.beans.factory.support.AbstractBeanFactory.lambda$doGetBean$0(AbstractBeanFactory.java:323)
	at org.springframework.beans.factory.support.DefaultSingletonBeanRegistry.getSingleton(DefaultSingletonBeanRegistry.java:226)
	at org.springframework.beans.factory.support.AbstractBeanFactory.doGetBean(AbstractBeanFactory.java:321)
	at org.springframework.beans.factory.support.AbstractBeanFactory.getBean(AbstractBeanFactory.java:202)
	at org.springframework.beans.factory.config.DependencyDescriptor.resolveCandidate(DependencyDescriptor.java:276)
	at org.springframework.beans.factory.support.DefaultListableBeanFactory.doResolveDependency(DefaultListableBeanFactory.java:1306)
	at org.springframework.beans.factory.support.DefaultListableBeanFactory.resolveDependency(DefaultListableBeanFactory.java:1226)
	at org.springframework.beans.factory.support.ConstructorResolver.resolveAutowiredArgument(ConstructorResolver.java:885)
	at org.springframework.beans.factory.support.ConstructorResolver.createArgumentArray(ConstructorResolver.java:789)
	... 58 more
Caused by: org.springframework.beans.BeanInstantiationException: Failed to instantiate [org.openqa.selenium.WebDriver]: Factory method &apos;webDriver&apos; threw exception; nested exception is org.openqa.selenium.WebDriverException: unknown error: cannot find Chrome binary
Build info: version: &apos;4.0.0-alpha-4&apos;, revision: &apos;c2d955b49e&apos;
System info: host: &apos;MDZN0094&apos;, ip: &apos;10.251.253.16&apos;, os.name: &apos;Windows 10&apos;, os.arch: &apos;amd64&apos;, os.version: &apos;10.0&apos;, java.version: &apos;1.8.0_251&apos;
Driver info: driver.version: ChromeDriver
remote stacktrace: Backtrace:
	Ordinal0 [0x00579563+2725219]
	Ordinal0 [0x00478551+1672529]
	Ordinal0 [0x00360359+525145]
	Ordinal0 [0x002ECA64+51812]
	Ordinal0 [0x0030CC37+183351]
	Ordinal0 [0x0030CA3D+182845]
	Ordinal0 [0x0030A94B+174411]
	Ordinal0 [0x002F2528+75048]
	Ordinal0 [0x002F35A0+79264]
	Ordinal0 [0x002F3539+79161]
	Ordinal0 [0x0048D607+1758727]
	GetHandleVerifier [0x00696546+1050150]
	GetHandleVerifier [0x00696291+1049457]
	GetHandleVerifier [0x006A10D7+1094071]
	GetHandleVerifier [0x00696B46+1051686]
	Ordinal0 [0x00485B06+1727238]
	Ordinal0 [0x0048EB7B+1764219]
	Ordinal0 [0x0048ECE3+1764579]
	Ordinal0 [0x004A4C05+1854469]
	BaseThreadInitThunk [0x76006359+25]
	RtlGetAppContainerNamedObjectPath [0x777C7B74+228]
	RtlGetAppContainerNamedObjectPath [0x777C7B44+180]

	at org.springframework.beans.factory.support.SimpleInstantiationStrategy.instantiate(SimpleInstantiationStrategy.java:185)
	at org.springframework.beans.factory.support.ConstructorResolver.instantiate(ConstructorResolver.java:651)
	... 72 more
Caused by: org.openqa.selenium.WebDriverException: unknown error: cannot find Chrome binary
Build info: version: &apos;4.0.0-alpha-4&apos;, revision: &apos;c2d955b49e&apos;
System info: host: &apos;MDZN0094&apos;, ip: &apos;10.251.253.16&apos;, os.name: &apos;Windows 10&apos;, os.arch: &apos;amd64&apos;, os.version: &apos;10.0&apos;, java.version: &apos;1.8.0_251&apos;
Driver info: driver.version: ChromeDriver
remote stacktrace: Backtrace:
	Ordinal0 [0x00579563+2725219]
	Ordinal0 [0x00478551+1672529]
	Ordinal0 [0x00360359+525145]
	Ordinal0 [0x002ECA64+51812]
	Ordinal0 [0x0030CC37+183351]
	Ordinal0 [0x0030CA3D+182845]
	Ordinal0 [0x0030A94B+174411]
	Ordinal0 [0x002F2528+75048]
	Ordinal0 [0x002F35A0+79264]
	Ordinal0 [0x002F3539+79161]
	Ordinal0 [0x0048D607+1758727]
	GetHandleVerifier [0x00696546+1050150]
	GetHandleVerifier [0x00696291+1049457]
	GetHandleVerifier [0x006A10D7+1094071]
	GetHandleVerifier [0x00696B46+1051686]
	Ordinal0 [0x00485B06+1727238]
	Ordinal0 [0x0048EB7B+1764219]
	Ordinal0 [0x0048ECE3+1764579]
	Ordinal0 [0x004A4C05+1854469]
	BaseThreadInitThunk [0x76006359+25]
	RtlGetAppContainerNamedObjectPath [0x777C7B74+228]
	RtlGetAppContainerNamedObjectPath [0x777C7B44+180]

	at org.openqa.selenium.remote.W3CHandshakeResponse.lambda$errorHandler$0(W3CHandshakeResponse.java:62)
	at org.openqa.selenium.remote.HandshakeResponse.lambda$getResponseFunction$0(HandshakeResponse.java:30)
	at org.openqa.selenium.remote.ProtocolHandshake.lambda$createSession$1(ProtocolHandshake.java:126)
	at java.util.stream.ReferencePipeline$3$1.accept(ReferencePipeline.java:193)
	at java.util.Spliterators$ArraySpliterator.tryAdvance(Spliterators.java:958)
	at java.util.stream.ReferencePipeline.forEachWithCancel(ReferencePipeline.java:126)
	at java.util.stream.AbstractPipeline.copyIntoWithCancel(AbstractPipeline.java:499)
	at java.util.stream.AbstractPipeline.copyInto(AbstractPipeline.java:486)
	at java.util.stream.AbstractPipeline.wrapAndCopyInto(AbstractPipeline.java:472)
	at java.util.stream.FindOps$FindOp.evaluateSequential(FindOps.java:152)
	at java.util.stream.AbstractPipeline.evaluate(AbstractPipeline.java:234)
	at java.util.stream.ReferencePipeline.findFirst(ReferencePipeline.java:464)
	at org.openqa.selenium.remote.ProtocolHandshake.createSession(ProtocolHandshake.java:128)
	at org.openqa.selenium.remote.ProtocolHandshake.createSession(ProtocolHandshake.java:75)
	at org.openqa.selenium.remote.HttpCommandExecutor.execute(HttpCommandExecutor.java:139)
	at org.openqa.selenium.remote.service.DriverCommandExecutor.execute(DriverCommandExecutor.java:83)
	at org.openqa.selenium.remote.RemoteWebDriver.execute(RemoteWebDriver.java:582)
	at org.openqa.selenium.remote.RemoteWebDriver.startSession(RemoteWebDriver.java:216)
	at org.openqa.selenium.remote.RemoteWebDriver.&lt;init&gt;(RemoteWebDriver.java:136)
	at org.openqa.selenium.chromium.ChromiumDriver.&lt;init&gt;(ChromiumDriver.java:75)
	at org.openqa.selenium.chrome.ChromeDriver.&lt;init&gt;(ChromeDriver.java:163)
	at org.openqa.selenium.chrome.ChromeDriver.&lt;init&gt;(ChromeDriver.java:150)
	at org.openqa.selenium.chrome.ChromeDriver.&lt;init&gt;(ChromeDriver.java:105)
	at qa.util.DriverFactory.get(DriverFactory.java:27)
	at qa.conf.DriverConfig.webDriver(DriverConfig.java:32)
	at qa.conf.DriverConfig$$EnhancerBySpringCGLIB$$c6017013.CGLIB$webDriver$1(&lt;generated&gt;)
	at qa.conf.DriverConfig$$EnhancerBySpringCGLIB$$c6017013$$FastClassBySpringCGLIB$$b263f552.invoke(&lt;generated&gt;)
	at org.springframework.cglib.proxy.MethodProxy.invokeSuper(MethodProxy.java:244)
	at org.springframework.context.annotation.ConfigurationClassEnhancer$BeanMethodInterceptor.intercept(ConfigurationClassEnhancer.java:331)
	at qa.conf.DriverConfig$$EnhancerBySpringCGLIB$$c6017013.webDriver(&lt;generated&gt;)
	at org.springframework.beans.factory.support.SimpleInstantiationStrategy.instantiate(SimpleInstantiationStrategy.java:154)
	... 73 more
... Removed 40 stack frames</div></td></tr></table><p class="totop"><a href="#summary">back to summary</a></p>
<h3 id="m5">CucumberTests#runScenario</h3><table class="result"><tr class="param"><th>Parameter #1</th><th>Parameter #2</th></tr><tr class="param stripe"><td>&quot;Editar atributo existente sin datos requeridos&quot;</td><td>&quot;Administrar Atributo&quot;</td></tr><tr><th colspan="2">Exception</th></tr><tr><td colspan="2"><div class="stacktrace">java.lang.IllegalStateException: Failed to load ApplicationContext
	at org.springframework.test.context.cache.DefaultCacheAwareContextLoaderDelegate.loadContext(DefaultCacheAwareContextLoaderDelegate.java:132)
	at org.springframework.test.context.support.DefaultTestContext.getApplicationContext(DefaultTestContext.java:123)
	at io.cucumber.spring.TestContextAdaptor.createTestContextManagerAdaptor(TestContextAdaptor.java:32)
	at io.cucumber.spring.SpringFactory.start(SpringFactory.java:167)
	at io.cucumber.core.runner.Runner.buildBackendWorlds(Runner.java:165)
	at io.cucumber.core.runner.Runner.runPickle(Runner.java:62)
	at io.cucumber.testng.TestNGCucumberRunner.runScenario(TestNGCucumberRunner.java:124)
	at io.cucumber.testng.AbstractTestNGCucumberTests.runScenario(AbstractTestNGCucumberTests.java:29)
	at java.util.ArrayList.forEach(ArrayList.java:1257)
Caused by: org.springframework.beans.factory.UnsatisfiedDependencyException: Error creating bean with name &apos;crearAtributoPage&apos; defined in file [C:\Users\berdinas\IdeaProjects\delta_regresion_v1\delta_atributos_v2\target\test-classes\qa\pageobjects\CrearAtributoPage.class]: Unsatisfied dependency expressed through constructor parameter 0; nested exception is org.springframework.beans.factory.BeanCreationException: Error creating bean with name &apos;webDriver&apos; defined in qa.conf.DriverConfig: Bean instantiation via factory method failed; nested exception is org.springframework.beans.BeanInstantiationException: Failed to instantiate [org.openqa.selenium.WebDriver]: Factory method &apos;webDriver&apos; threw exception; nested exception is org.openqa.selenium.WebDriverException: unknown error: cannot find Chrome binary
Build info: version: &apos;4.0.0-alpha-4&apos;, revision: &apos;c2d955b49e&apos;
System info: host: &apos;MDZN0094&apos;, ip: &apos;10.251.253.16&apos;, os.name: &apos;Windows 10&apos;, os.arch: &apos;amd64&apos;, os.version: &apos;10.0&apos;, java.version: &apos;1.8.0_251&apos;
Driver info: driver.version: ChromeDriver
remote stacktrace: Backtrace:
	Ordinal0 [0x00579563+2725219]
	Ordinal0 [0x00478551+1672529]
	Ordinal0 [0x00360359+525145]
	Ordinal0 [0x002ECA64+51812]
	Ordinal0 [0x0030CC37+183351]
	Ordinal0 [0x0030CA3D+182845]
	Ordinal0 [0x0030A94B+174411]
	Ordinal0 [0x002F2528+75048]
	Ordinal0 [0x002F35A0+79264]
	Ordinal0 [0x002F3539+79161]
	Ordinal0 [0x0048D607+1758727]
	GetHandleVerifier [0x00696546+1050150]
	GetHandleVerifier [0x00696291+1049457]
	GetHandleVerifier [0x006A10D7+1094071]
	GetHandleVerifier [0x00696B46+1051686]
	Ordinal0 [0x00485B06+1727238]
	Ordinal0 [0x0048EB7B+1764219]
	Ordinal0 [0x0048ECE3+1764579]
	Ordinal0 [0x004A4C05+1854469]
	BaseThreadInitThunk [0x76006359+25]
	RtlGetAppContainerNamedObjectPath [0x777C7B74+228]
	RtlGetAppContainerNamedObjectPath [0x777C7B44+180]

	at org.springframework.beans.factory.support.ConstructorResolver.createArgumentArray(ConstructorResolver.java:798)
	at org.springframework.beans.factory.support.ConstructorResolver.autowireConstructor(ConstructorResolver.java:228)
	at org.springframework.beans.factory.support.AbstractAutowireCapableBeanFactory.autowireConstructor(AbstractAutowireCapableBeanFactory.java:1358)
	at org.springframework.beans.factory.support.AbstractAutowireCapableBeanFactory.createBeanInstance(AbstractAutowireCapableBeanFactory.java:1204)
	at org.springframework.beans.factory.support.AbstractAutowireCapableBeanFactory.doCreateBean(AbstractAutowireCapableBeanFactory.java:557)
	at org.springframework.beans.factory.support.AbstractAutowireCapableBeanFactory.createBean(AbstractAutowireCapableBeanFactory.java:517)
	at org.springframework.beans.factory.support.AbstractBeanFactory.lambda$doGetBean$0(AbstractBeanFactory.java:323)
	at org.springframework.beans.factory.support.DefaultSingletonBeanRegistry.getSingleton(DefaultSingletonBeanRegistry.java:226)
	at org.springframework.beans.factory.support.AbstractBeanFactory.doGetBean(AbstractBeanFactory.java:321)
	at org.springframework.beans.factory.support.AbstractBeanFactory.getBean(AbstractBeanFactory.java:202)
	at org.springframework.beans.factory.support.DefaultListableBeanFactory.preInstantiateSingletons(DefaultListableBeanFactory.java:895)
	at org.springframework.context.support.AbstractApplicationContext.finishBeanFactoryInitialization(AbstractApplicationContext.java:878)
	at org.springframework.context.support.AbstractApplicationContext.refresh(AbstractApplicationContext.java:550)
	at org.springframework.test.context.support.AbstractGenericContextLoader.loadContext(AbstractGenericContextLoader.java:128)
	at org.springframework.test.context.support.AbstractGenericContextLoader.loadContext(AbstractGenericContextLoader.java:60)
	at org.springframework.test.context.support.AbstractDelegatingSmartContextLoader.delegateLoading(AbstractDelegatingSmartContextLoader.java:275)
	at org.springframework.test.context.support.AbstractDelegatingSmartContextLoader.loadContext(AbstractDelegatingSmartContextLoader.java:243)
	at org.springframework.test.context.cache.DefaultCacheAwareContextLoaderDelegate.loadContextInternal(DefaultCacheAwareContextLoaderDelegate.java:99)
	at org.springframework.test.context.cache.DefaultCacheAwareContextLoaderDelegate.loadContext(DefaultCacheAwareContextLoaderDelegate.java:124)
	... 40 more
Caused by: org.springframework.beans.factory.BeanCreationException: Error creating bean with name &apos;webDriver&apos; defined in qa.conf.DriverConfig: Bean instantiation via factory method failed; nested exception is org.springframework.beans.BeanInstantiationException: Failed to instantiate [org.openqa.selenium.WebDriver]: Factory method &apos;webDriver&apos; threw exception; nested exception is org.openqa.selenium.WebDriverException: unknown error: cannot find Chrome binary
Build info: version: &apos;4.0.0-alpha-4&apos;, revision: &apos;c2d955b49e&apos;
System info: host: &apos;MDZN0094&apos;, ip: &apos;10.251.253.16&apos;, os.name: &apos;Windows 10&apos;, os.arch: &apos;amd64&apos;, os.version: &apos;10.0&apos;, java.version: &apos;1.8.0_251&apos;
Driver info: driver.version: ChromeDriver
remote stacktrace: Backtrace:
	Ordinal0 [0x00579563+2725219]
	Ordinal0 [0x00478551+1672529]
	Ordinal0 [0x00360359+525145]
	Ordinal0 [0x002ECA64+51812]
	Ordinal0 [0x0030CC37+183351]
	Ordinal0 [0x0030CA3D+182845]
	Ordinal0 [0x0030A94B+174411]
	Ordinal0 [0x002F2528+75048]
	Ordinal0 [0x002F35A0+79264]
	Ordinal0 [0x002F3539+79161]
	Ordinal0 [0x0048D607+1758727]
	GetHandleVerifier [0x00696546+1050150]
	GetHandleVerifier [0x00696291+1049457]
	GetHandleVerifier [0x006A10D7+1094071]
	GetHandleVerifier [0x00696B46+1051686]
	Ordinal0 [0x00485B06+1727238]
	Ordinal0 [0x0048EB7B+1764219]
	Ordinal0 [0x0048ECE3+1764579]
	Ordinal0 [0x004A4C05+1854469]
	BaseThreadInitThunk [0x76006359+25]
	RtlGetAppContainerNamedObjectPath [0x777C7B74+228]
	RtlGetAppContainerNamedObjectPath [0x777C7B44+180]

	at org.springframework.beans.factory.support.ConstructorResolver.instantiate(ConstructorResolver.java:656)
	at org.springframework.beans.factory.support.ConstructorResolver.instantiateUsingFactoryMethod(ConstructorResolver.java:484)
	at org.springframework.beans.factory.support.AbstractAutowireCapableBeanFactory.instantiateUsingFactoryMethod(AbstractAutowireCapableBeanFactory.java:1338)
	at org.springframework.beans.factory.support.AbstractAutowireCapableBeanFactory.createBeanInstance(AbstractAutowireCapableBeanFactory.java:1177)
	at org.springframework.beans.factory.support.AbstractAutowireCapableBeanFactory.doCreateBean(AbstractAutowireCapableBeanFactory.java:557)
	at org.springframework.beans.factory.support.AbstractAutowireCapableBeanFactory.createBean(AbstractAutowireCapableBeanFactory.java:517)
	at org.springframework.beans.factory.support.AbstractBeanFactory.lambda$doGetBean$0(AbstractBeanFactory.java:323)
	at org.springframework.beans.factory.support.DefaultSingletonBeanRegistry.getSingleton(DefaultSingletonBeanRegistry.java:226)
	at org.springframework.beans.factory.support.AbstractBeanFactory.doGetBean(AbstractBeanFactory.java:321)
	at org.springframework.beans.factory.support.AbstractBeanFactory.getBean(AbstractBeanFactory.java:202)
	at org.springframework.beans.factory.config.DependencyDescriptor.resolveCandidate(DependencyDescriptor.java:276)
	at org.springframework.beans.factory.support.DefaultListableBeanFactory.doResolveDependency(DefaultListableBeanFactory.java:1306)
	at org.springframework.beans.factory.support.DefaultListableBeanFactory.resolveDependency(DefaultListableBeanFactory.java:1226)
	at org.springframework.beans.factory.support.ConstructorResolver.resolveAutowiredArgument(ConstructorResolver.java:885)
	at org.springframework.beans.factory.support.ConstructorResolver.createArgumentArray(ConstructorResolver.java:789)
	... 58 more
Caused by: org.springframework.beans.BeanInstantiationException: Failed to instantiate [org.openqa.selenium.WebDriver]: Factory method &apos;webDriver&apos; threw exception; nested exception is org.openqa.selenium.WebDriverException: unknown error: cannot find Chrome binary
Build info: version: &apos;4.0.0-alpha-4&apos;, revision: &apos;c2d955b49e&apos;
System info: host: &apos;MDZN0094&apos;, ip: &apos;10.251.253.16&apos;, os.name: &apos;Windows 10&apos;, os.arch: &apos;amd64&apos;, os.version: &apos;10.0&apos;, java.version: &apos;1.8.0_251&apos;
Driver info: driver.version: ChromeDriver
remote stacktrace: Backtrace:
	Ordinal0 [0x00579563+2725219]
	Ordinal0 [0x00478551+1672529]
	Ordinal0 [0x00360359+525145]
	Ordinal0 [0x002ECA64+51812]
	Ordinal0 [0x0030CC37+183351]
	Ordinal0 [0x0030CA3D+182845]
	Ordinal0 [0x0030A94B+174411]
	Ordinal0 [0x002F2528+75048]
	Ordinal0 [0x002F35A0+79264]
	Ordinal0 [0x002F3539+79161]
	Ordinal0 [0x0048D607+1758727]
	GetHandleVerifier [0x00696546+1050150]
	GetHandleVerifier [0x00696291+1049457]
	GetHandleVerifier [0x006A10D7+1094071]
	GetHandleVerifier [0x00696B46+1051686]
	Ordinal0 [0x00485B06+1727238]
	Ordinal0 [0x0048EB7B+1764219]
	Ordinal0 [0x0048ECE3+1764579]
	Ordinal0 [0x004A4C05+1854469]
	BaseThreadInitThunk [0x76006359+25]
	RtlGetAppContainerNamedObjectPath [0x777C7B74+228]
	RtlGetAppContainerNamedObjectPath [0x777C7B44+180]

	at org.springframework.beans.factory.support.SimpleInstantiationStrategy.instantiate(SimpleInstantiationStrategy.java:185)
	at org.springframework.beans.factory.support.ConstructorResolver.instantiate(ConstructorResolver.java:651)
	... 72 more
Caused by: org.openqa.selenium.WebDriverException: unknown error: cannot find Chrome binary
Build info: version: &apos;4.0.0-alpha-4&apos;, revision: &apos;c2d955b49e&apos;
System info: host: &apos;MDZN0094&apos;, ip: &apos;10.251.253.16&apos;, os.name: &apos;Windows 10&apos;, os.arch: &apos;amd64&apos;, os.version: &apos;10.0&apos;, java.version: &apos;1.8.0_251&apos;
Driver info: driver.version: ChromeDriver
remote stacktrace: Backtrace:
	Ordinal0 [0x00579563+2725219]
	Ordinal0 [0x00478551+1672529]
	Ordinal0 [0x00360359+525145]
	Ordinal0 [0x002ECA64+51812]
	Ordinal0 [0x0030CC37+183351]
	Ordinal0 [0x0030CA3D+182845]
	Ordinal0 [0x0030A94B+174411]
	Ordinal0 [0x002F2528+75048]
	Ordinal0 [0x002F35A0+79264]
	Ordinal0 [0x002F3539+79161]
	Ordinal0 [0x0048D607+1758727]
	GetHandleVerifier [0x00696546+1050150]
	GetHandleVerifier [0x00696291+1049457]
	GetHandleVerifier [0x006A10D7+1094071]
	GetHandleVerifier [0x00696B46+1051686]
	Ordinal0 [0x00485B06+1727238]
	Ordinal0 [0x0048EB7B+1764219]
	Ordinal0 [0x0048ECE3+1764579]
	Ordinal0 [0x004A4C05+1854469]
	BaseThreadInitThunk [0x76006359+25]
	RtlGetAppContainerNamedObjectPath [0x777C7B74+228]
	RtlGetAppContainerNamedObjectPath [0x777C7B44+180]

	at org.openqa.selenium.remote.W3CHandshakeResponse.lambda$errorHandler$0(W3CHandshakeResponse.java:62)
	at org.openqa.selenium.remote.HandshakeResponse.lambda$getResponseFunction$0(HandshakeResponse.java:30)
	at org.openqa.selenium.remote.ProtocolHandshake.lambda$createSession$1(ProtocolHandshake.java:126)
	at java.util.stream.ReferencePipeline$3$1.accept(ReferencePipeline.java:193)
	at java.util.Spliterators$ArraySpliterator.tryAdvance(Spliterators.java:958)
	at java.util.stream.ReferencePipeline.forEachWithCancel(ReferencePipeline.java:126)
	at java.util.stream.AbstractPipeline.copyIntoWithCancel(AbstractPipeline.java:499)
	at java.util.stream.AbstractPipeline.copyInto(AbstractPipeline.java:486)
	at java.util.stream.AbstractPipeline.wrapAndCopyInto(AbstractPipeline.java:472)
	at java.util.stream.FindOps$FindOp.evaluateSequential(FindOps.java:152)
	at java.util.stream.AbstractPipeline.evaluate(AbstractPipeline.java:234)
	at java.util.stream.ReferencePipeline.findFirst(ReferencePipeline.java:464)
	at org.openqa.selenium.remote.ProtocolHandshake.createSession(ProtocolHandshake.java:128)
	at org.openqa.selenium.remote.ProtocolHandshake.createSession(ProtocolHandshake.java:75)
	at org.openqa.selenium.remote.HttpCommandExecutor.execute(HttpCommandExecutor.java:139)
	at org.openqa.selenium.remote.service.DriverCommandExecutor.execute(DriverCommandExecutor.java:83)
	at org.openqa.selenium.remote.RemoteWebDriver.execute(RemoteWebDriver.java:582)
	at org.openqa.selenium.remote.RemoteWebDriver.startSession(RemoteWebDriver.java:216)
	at org.openqa.selenium.remote.RemoteWebDriver.&lt;init&gt;(RemoteWebDriver.java:136)
	at org.openqa.selenium.chromium.ChromiumDriver.&lt;init&gt;(ChromiumDriver.java:75)
	at org.openqa.selenium.chrome.ChromeDriver.&lt;init&gt;(ChromeDriver.java:163)
	at org.openqa.selenium.chrome.ChromeDriver.&lt;init&gt;(ChromeDriver.java:150)
	at org.openqa.selenium.chrome.ChromeDriver.&lt;init&gt;(ChromeDriver.java:105)
	at qa.util.DriverFactory.get(DriverFactory.java:27)
	at qa.conf.DriverConfig.webDriver(DriverConfig.java:32)
	at qa.conf.DriverConfig$$EnhancerBySpringCGLIB$$c6017013.CGLIB$webDriver$1(&lt;generated&gt;)
	at qa.conf.DriverConfig$$EnhancerBySpringCGLIB$$c6017013$$FastClassBySpringCGLIB$$b263f552.invoke(&lt;generated&gt;)
	at org.springframework.cglib.proxy.MethodProxy.invokeSuper(MethodProxy.java:244)
	at org.springframework.context.annotation.ConfigurationClassEnhancer$BeanMethodInterceptor.intercept(ConfigurationClassEnhancer.java:331)
	at qa.conf.DriverConfig$$EnhancerBySpringCGLIB$$c6017013.webDriver(&lt;generated&gt;)
	at org.springframework.beans.factory.support.SimpleInstantiationStrategy.instantiate(SimpleInstantiationStrategy.java:154)
	... 73 more
... Removed 40 stack frames</div></td></tr></table><p class="totop"><a href="#summary">back to summary</a></p>
<h3 id="m6">CucumberTests#runScenario</h3><table class="result"><tr class="param"><th>Parameter #1</th><th>Parameter #2</th></tr><tr class="param stripe"><td>&quot;Listar ascendente atributo existente&quot;</td><td>&quot;Administrar Atributo&quot;</td></tr><tr><th colspan="2">Exception</th></tr><tr><td colspan="2"><div class="stacktrace">java.lang.IllegalStateException: Failed to load ApplicationContext
	at org.springframework.test.context.cache.DefaultCacheAwareContextLoaderDelegate.loadContext(DefaultCacheAwareContextLoaderDelegate.java:132)
	at org.springframework.test.context.support.DefaultTestContext.getApplicationContext(DefaultTestContext.java:123)
	at io.cucumber.spring.TestContextAdaptor.createTestContextManagerAdaptor(TestContextAdaptor.java:32)
	at io.cucumber.spring.SpringFactory.start(SpringFactory.java:167)
	at io.cucumber.core.runner.Runner.buildBackendWorlds(Runner.java:165)
	at io.cucumber.core.runner.Runner.runPickle(Runner.java:62)
	at io.cucumber.testng.TestNGCucumberRunner.runScenario(TestNGCucumberRunner.java:124)
	at io.cucumber.testng.AbstractTestNGCucumberTests.runScenario(AbstractTestNGCucumberTests.java:29)
	at java.util.ArrayList.forEach(ArrayList.java:1257)
Caused by: org.springframework.beans.factory.UnsatisfiedDependencyException: Error creating bean with name &apos;crearAtributoPage&apos; defined in file [C:\Users\berdinas\IdeaProjects\delta_regresion_v1\delta_atributos_v2\target\test-classes\qa\pageobjects\CrearAtributoPage.class]: Unsatisfied dependency expressed through constructor parameter 0; nested exception is org.springframework.beans.factory.BeanCreationException: Error creating bean with name &apos;webDriver&apos; defined in qa.conf.DriverConfig: Bean instantiation via factory method failed; nested exception is org.springframework.beans.BeanInstantiationException: Failed to instantiate [org.openqa.selenium.WebDriver]: Factory method &apos;webDriver&apos; threw exception; nested exception is org.openqa.selenium.WebDriverException: unknown error: cannot find Chrome binary
Build info: version: &apos;4.0.0-alpha-4&apos;, revision: &apos;c2d955b49e&apos;
System info: host: &apos;MDZN0094&apos;, ip: &apos;10.251.253.16&apos;, os.name: &apos;Windows 10&apos;, os.arch: &apos;amd64&apos;, os.version: &apos;10.0&apos;, java.version: &apos;1.8.0_251&apos;
Driver info: driver.version: ChromeDriver
remote stacktrace: Backtrace:
	Ordinal0 [0x00579563+2725219]
	Ordinal0 [0x00478551+1672529]
	Ordinal0 [0x00360359+525145]
	Ordinal0 [0x002ECA64+51812]
	Ordinal0 [0x0030CC37+183351]
	Ordinal0 [0x0030CA3D+182845]
	Ordinal0 [0x0030A94B+174411]
	Ordinal0 [0x002F2528+75048]
	Ordinal0 [0x002F35A0+79264]
	Ordinal0 [0x002F3539+79161]
	Ordinal0 [0x0048D607+1758727]
	GetHandleVerifier [0x00696546+1050150]
	GetHandleVerifier [0x00696291+1049457]
	GetHandleVerifier [0x006A10D7+1094071]
	GetHandleVerifier [0x00696B46+1051686]
	Ordinal0 [0x00485B06+1727238]
	Ordinal0 [0x0048EB7B+1764219]
	Ordinal0 [0x0048ECE3+1764579]
	Ordinal0 [0x004A4C05+1854469]
	BaseThreadInitThunk [0x76006359+25]
	RtlGetAppContainerNamedObjectPath [0x777C7B74+228]
	RtlGetAppContainerNamedObjectPath [0x777C7B44+180]

	at org.springframework.beans.factory.support.ConstructorResolver.createArgumentArray(ConstructorResolver.java:798)
	at org.springframework.beans.factory.support.ConstructorResolver.autowireConstructor(ConstructorResolver.java:228)
	at org.springframework.beans.factory.support.AbstractAutowireCapableBeanFactory.autowireConstructor(AbstractAutowireCapableBeanFactory.java:1358)
	at org.springframework.beans.factory.support.AbstractAutowireCapableBeanFactory.createBeanInstance(AbstractAutowireCapableBeanFactory.java:1204)
	at org.springframework.beans.factory.support.AbstractAutowireCapableBeanFactory.doCreateBean(AbstractAutowireCapableBeanFactory.java:557)
	at org.springframework.beans.factory.support.AbstractAutowireCapableBeanFactory.createBean(AbstractAutowireCapableBeanFactory.java:517)
	at org.springframework.beans.factory.support.AbstractBeanFactory.lambda$doGetBean$0(AbstractBeanFactory.java:323)
	at org.springframework.beans.factory.support.DefaultSingletonBeanRegistry.getSingleton(DefaultSingletonBeanRegistry.java:226)
	at org.springframework.beans.factory.support.AbstractBeanFactory.doGetBean(AbstractBeanFactory.java:321)
	at org.springframework.beans.factory.support.AbstractBeanFactory.getBean(AbstractBeanFactory.java:202)
	at org.springframework.beans.factory.support.DefaultListableBeanFactory.preInstantiateSingletons(DefaultListableBeanFactory.java:895)
	at org.springframework.context.support.AbstractApplicationContext.finishBeanFactoryInitialization(AbstractApplicationContext.java:878)
	at org.springframework.context.support.AbstractApplicationContext.refresh(AbstractApplicationContext.java:550)
	at org.springframework.test.context.support.AbstractGenericContextLoader.loadContext(AbstractGenericContextLoader.java:128)
	at org.springframework.test.context.support.AbstractGenericContextLoader.loadContext(AbstractGenericContextLoader.java:60)
	at org.springframework.test.context.support.AbstractDelegatingSmartContextLoader.delegateLoading(AbstractDelegatingSmartContextLoader.java:275)
	at org.springframework.test.context.support.AbstractDelegatingSmartContextLoader.loadContext(AbstractDelegatingSmartContextLoader.java:243)
	at org.springframework.test.context.cache.DefaultCacheAwareContextLoaderDelegate.loadContextInternal(DefaultCacheAwareContextLoaderDelegate.java:99)
	at org.springframework.test.context.cache.DefaultCacheAwareContextLoaderDelegate.loadContext(DefaultCacheAwareContextLoaderDelegate.java:124)
	... 40 more
Caused by: org.springframework.beans.factory.BeanCreationException: Error creating bean with name &apos;webDriver&apos; defined in qa.conf.DriverConfig: Bean instantiation via factory method failed; nested exception is org.springframework.beans.BeanInstantiationException: Failed to instantiate [org.openqa.selenium.WebDriver]: Factory method &apos;webDriver&apos; threw exception; nested exception is org.openqa.selenium.WebDriverException: unknown error: cannot find Chrome binary
Build info: version: &apos;4.0.0-alpha-4&apos;, revision: &apos;c2d955b49e&apos;
System info: host: &apos;MDZN0094&apos;, ip: &apos;10.251.253.16&apos;, os.name: &apos;Windows 10&apos;, os.arch: &apos;amd64&apos;, os.version: &apos;10.0&apos;, java.version: &apos;1.8.0_251&apos;
Driver info: driver.version: ChromeDriver
remote stacktrace: Backtrace:
	Ordinal0 [0x00579563+2725219]
	Ordinal0 [0x00478551+1672529]
	Ordinal0 [0x00360359+525145]
	Ordinal0 [0x002ECA64+51812]
	Ordinal0 [0x0030CC37+183351]
	Ordinal0 [0x0030CA3D+182845]
	Ordinal0 [0x0030A94B+174411]
	Ordinal0 [0x002F2528+75048]
	Ordinal0 [0x002F35A0+79264]
	Ordinal0 [0x002F3539+79161]
	Ordinal0 [0x0048D607+1758727]
	GetHandleVerifier [0x00696546+1050150]
	GetHandleVerifier [0x00696291+1049457]
	GetHandleVerifier [0x006A10D7+1094071]
	GetHandleVerifier [0x00696B46+1051686]
	Ordinal0 [0x00485B06+1727238]
	Ordinal0 [0x0048EB7B+1764219]
	Ordinal0 [0x0048ECE3+1764579]
	Ordinal0 [0x004A4C05+1854469]
	BaseThreadInitThunk [0x76006359+25]
	RtlGetAppContainerNamedObjectPath [0x777C7B74+228]
	RtlGetAppContainerNamedObjectPath [0x777C7B44+180]

	at org.springframework.beans.factory.support.ConstructorResolver.instantiate(ConstructorResolver.java:656)
	at org.springframework.beans.factory.support.ConstructorResolver.instantiateUsingFactoryMethod(ConstructorResolver.java:484)
	at org.springframework.beans.factory.support.AbstractAutowireCapableBeanFactory.instantiateUsingFactoryMethod(AbstractAutowireCapableBeanFactory.java:1338)
	at org.springframework.beans.factory.support.AbstractAutowireCapableBeanFactory.createBeanInstance(AbstractAutowireCapableBeanFactory.java:1177)
	at org.springframework.beans.factory.support.AbstractAutowireCapableBeanFactory.doCreateBean(AbstractAutowireCapableBeanFactory.java:557)
	at org.springframework.beans.factory.support.AbstractAutowireCapableBeanFactory.createBean(AbstractAutowireCapableBeanFactory.java:517)
	at org.springframework.beans.factory.support.AbstractBeanFactory.lambda$doGetBean$0(AbstractBeanFactory.java:323)
	at org.springframework.beans.factory.support.DefaultSingletonBeanRegistry.getSingleton(DefaultSingletonBeanRegistry.java:226)
	at org.springframework.beans.factory.support.AbstractBeanFactory.doGetBean(AbstractBeanFactory.java:321)
	at org.springframework.beans.factory.support.AbstractBeanFactory.getBean(AbstractBeanFactory.java:202)
	at org.springframework.beans.factory.config.DependencyDescriptor.resolveCandidate(DependencyDescriptor.java:276)
	at org.springframework.beans.factory.support.DefaultListableBeanFactory.doResolveDependency(DefaultListableBeanFactory.java:1306)
	at org.springframework.beans.factory.support.DefaultListableBeanFactory.resolveDependency(DefaultListableBeanFactory.java:1226)
	at org.springframework.beans.factory.support.ConstructorResolver.resolveAutowiredArgument(ConstructorResolver.java:885)
	at org.springframework.beans.factory.support.ConstructorResolver.createArgumentArray(ConstructorResolver.java:789)
	... 58 more
Caused by: org.springframework.beans.BeanInstantiationException: Failed to instantiate [org.openqa.selenium.WebDriver]: Factory method &apos;webDriver&apos; threw exception; nested exception is org.openqa.selenium.WebDriverException: unknown error: cannot find Chrome binary
Build info: version: &apos;4.0.0-alpha-4&apos;, revision: &apos;c2d955b49e&apos;
System info: host: &apos;MDZN0094&apos;, ip: &apos;10.251.253.16&apos;, os.name: &apos;Windows 10&apos;, os.arch: &apos;amd64&apos;, os.version: &apos;10.0&apos;, java.version: &apos;1.8.0_251&apos;
Driver info: driver.version: ChromeDriver
remote stacktrace: Backtrace:
	Ordinal0 [0x00579563+2725219]
	Ordinal0 [0x00478551+1672529]
	Ordinal0 [0x00360359+525145]
	Ordinal0 [0x002ECA64+51812]
	Ordinal0 [0x0030CC37+183351]
	Ordinal0 [0x0030CA3D+182845]
	Ordinal0 [0x0030A94B+174411]
	Ordinal0 [0x002F2528+75048]
	Ordinal0 [0x002F35A0+79264]
	Ordinal0 [0x002F3539+79161]
	Ordinal0 [0x0048D607+1758727]
	GetHandleVerifier [0x00696546+1050150]
	GetHandleVerifier [0x00696291+1049457]
	GetHandleVerifier [0x006A10D7+1094071]
	GetHandleVerifier [0x00696B46+1051686]
	Ordinal0 [0x00485B06+1727238]
	Ordinal0 [0x0048EB7B+1764219]
	Ordinal0 [0x0048ECE3+1764579]
	Ordinal0 [0x004A4C05+1854469]
	BaseThreadInitThunk [0x76006359+25]
	RtlGetAppContainerNamedObjectPath [0x777C7B74+228]
	RtlGetAppContainerNamedObjectPath [0x777C7B44+180]

	at org.springframework.beans.factory.support.SimpleInstantiationStrategy.instantiate(SimpleInstantiationStrategy.java:185)
	at org.springframework.beans.factory.support.ConstructorResolver.instantiate(ConstructorResolver.java:651)
	... 72 more
Caused by: org.openqa.selenium.WebDriverException: unknown error: cannot find Chrome binary
Build info: version: &apos;4.0.0-alpha-4&apos;, revision: &apos;c2d955b49e&apos;
System info: host: &apos;MDZN0094&apos;, ip: &apos;10.251.253.16&apos;, os.name: &apos;Windows 10&apos;, os.arch: &apos;amd64&apos;, os.version: &apos;10.0&apos;, java.version: &apos;1.8.0_251&apos;
Driver info: driver.version: ChromeDriver
remote stacktrace: Backtrace:
	Ordinal0 [0x00579563+2725219]
	Ordinal0 [0x00478551+1672529]
	Ordinal0 [0x00360359+525145]
	Ordinal0 [0x002ECA64+51812]
	Ordinal0 [0x0030CC37+183351]
	Ordinal0 [0x0030CA3D+182845]
	Ordinal0 [0x0030A94B+174411]
	Ordinal0 [0x002F2528+75048]
	Ordinal0 [0x002F35A0+79264]
	Ordinal0 [0x002F3539+79161]
	Ordinal0 [0x0048D607+1758727]
	GetHandleVerifier [0x00696546+1050150]
	GetHandleVerifier [0x00696291+1049457]
	GetHandleVerifier [0x006A10D7+1094071]
	GetHandleVerifier [0x00696B46+1051686]
	Ordinal0 [0x00485B06+1727238]
	Ordinal0 [0x0048EB7B+1764219]
	Ordinal0 [0x0048ECE3+1764579]
	Ordinal0 [0x004A4C05+1854469]
	BaseThreadInitThunk [0x76006359+25]
	RtlGetAppContainerNamedObjectPath [0x777C7B74+228]
	RtlGetAppContainerNamedObjectPath [0x777C7B44+180]

	at org.openqa.selenium.remote.W3CHandshakeResponse.lambda$errorHandler$0(W3CHandshakeResponse.java:62)
	at org.openqa.selenium.remote.HandshakeResponse.lambda$getResponseFunction$0(HandshakeResponse.java:30)
	at org.openqa.selenium.remote.ProtocolHandshake.lambda$createSession$1(ProtocolHandshake.java:126)
	at java.util.stream.ReferencePipeline$3$1.accept(ReferencePipeline.java:193)
	at java.util.Spliterators$ArraySpliterator.tryAdvance(Spliterators.java:958)
	at java.util.stream.ReferencePipeline.forEachWithCancel(ReferencePipeline.java:126)
	at java.util.stream.AbstractPipeline.copyIntoWithCancel(AbstractPipeline.java:499)
	at java.util.stream.AbstractPipeline.copyInto(AbstractPipeline.java:486)
	at java.util.stream.AbstractPipeline.wrapAndCopyInto(AbstractPipeline.java:472)
	at java.util.stream.FindOps$FindOp.evaluateSequential(FindOps.java:152)
	at java.util.stream.AbstractPipeline.evaluate(AbstractPipeline.java:234)
	at java.util.stream.ReferencePipeline.findFirst(ReferencePipeline.java:464)
	at org.openqa.selenium.remote.ProtocolHandshake.createSession(ProtocolHandshake.java:128)
	at org.openqa.selenium.remote.ProtocolHandshake.createSession(ProtocolHandshake.java:75)
	at org.openqa.selenium.remote.HttpCommandExecutor.execute(HttpCommandExecutor.java:139)
	at org.openqa.selenium.remote.service.DriverCommandExecutor.execute(DriverCommandExecutor.java:83)
	at org.openqa.selenium.remote.RemoteWebDriver.execute(RemoteWebDriver.java:582)
	at org.openqa.selenium.remote.RemoteWebDriver.startSession(RemoteWebDriver.java:216)
	at org.openqa.selenium.remote.RemoteWebDriver.&lt;init&gt;(RemoteWebDriver.java:136)
	at org.openqa.selenium.chromium.ChromiumDriver.&lt;init&gt;(ChromiumDriver.java:75)
	at org.openqa.selenium.chrome.ChromeDriver.&lt;init&gt;(ChromeDriver.java:163)
	at org.openqa.selenium.chrome.ChromeDriver.&lt;init&gt;(ChromeDriver.java:150)
	at org.openqa.selenium.chrome.ChromeDriver.&lt;init&gt;(ChromeDriver.java:105)
	at qa.util.DriverFactory.get(DriverFactory.java:27)
	at qa.conf.DriverConfig.webDriver(DriverConfig.java:32)
	at qa.conf.DriverConfig$$EnhancerBySpringCGLIB$$c6017013.CGLIB$webDriver$1(&lt;generated&gt;)
	at qa.conf.DriverConfig$$EnhancerBySpringCGLIB$$c6017013$$FastClassBySpringCGLIB$$b263f552.invoke(&lt;generated&gt;)
	at org.springframework.cglib.proxy.MethodProxy.invokeSuper(MethodProxy.java:244)
	at org.springframework.context.annotation.ConfigurationClassEnhancer$BeanMethodInterceptor.intercept(ConfigurationClassEnhancer.java:331)
	at qa.conf.DriverConfig$$EnhancerBySpringCGLIB$$c6017013.webDriver(&lt;generated&gt;)
	at org.springframework.beans.factory.support.SimpleInstantiationStrategy.instantiate(SimpleInstantiationStrategy.java:154)
	... 73 more
... Removed 40 stack frames</div></td></tr></table><p class="totop"><a href="#summary">back to summary</a></p>
<h3 id="m7">CucumberTests#runScenario</h3><table class="result"><tr class="param"><th>Parameter #1</th><th>Parameter #2</th></tr><tr class="param stripe"><td>&quot;Crear atributo con datos requeridos&quot;</td><td>&quot;Administrar Atributo&quot;</td></tr><tr><th colspan="2">Exception</th></tr><tr><td colspan="2"><div class="stacktrace">java.lang.IllegalStateException: Failed to load ApplicationContext
	at org.springframework.test.context.cache.DefaultCacheAwareContextLoaderDelegate.loadContext(DefaultCacheAwareContextLoaderDelegate.java:132)
	at org.springframework.test.context.support.DefaultTestContext.getApplicationContext(DefaultTestContext.java:123)
	at io.cucumber.spring.TestContextAdaptor.createTestContextManagerAdaptor(TestContextAdaptor.java:32)
	at io.cucumber.spring.SpringFactory.start(SpringFactory.java:167)
	at io.cucumber.core.runner.Runner.buildBackendWorlds(Runner.java:165)
	at io.cucumber.core.runner.Runner.runPickle(Runner.java:62)
	at io.cucumber.testng.TestNGCucumberRunner.runScenario(TestNGCucumberRunner.java:124)
	at io.cucumber.testng.AbstractTestNGCucumberTests.runScenario(AbstractTestNGCucumberTests.java:29)
	at java.util.ArrayList.forEach(ArrayList.java:1257)
Caused by: org.springframework.beans.factory.UnsatisfiedDependencyException: Error creating bean with name &apos;crearAtributoPage&apos; defined in file [C:\Users\berdinas\IdeaProjects\delta_regresion_v1\delta_atributos_v2\target\test-classes\qa\pageobjects\CrearAtributoPage.class]: Unsatisfied dependency expressed through constructor parameter 0; nested exception is org.springframework.beans.factory.BeanCreationException: Error creating bean with name &apos;webDriver&apos; defined in qa.conf.DriverConfig: Bean instantiation via factory method failed; nested exception is org.springframework.beans.BeanInstantiationException: Failed to instantiate [org.openqa.selenium.WebDriver]: Factory method &apos;webDriver&apos; threw exception; nested exception is org.openqa.selenium.WebDriverException: unknown error: cannot find Chrome binary
Build info: version: &apos;4.0.0-alpha-4&apos;, revision: &apos;c2d955b49e&apos;
System info: host: &apos;MDZN0094&apos;, ip: &apos;10.251.253.16&apos;, os.name: &apos;Windows 10&apos;, os.arch: &apos;amd64&apos;, os.version: &apos;10.0&apos;, java.version: &apos;1.8.0_251&apos;
Driver info: driver.version: ChromeDriver
remote stacktrace: Backtrace:
	Ordinal0 [0x00579563+2725219]
	Ordinal0 [0x00478551+1672529]
	Ordinal0 [0x00360359+525145]
	Ordinal0 [0x002ECA64+51812]
	Ordinal0 [0x0030CC37+183351]
	Ordinal0 [0x0030CA3D+182845]
	Ordinal0 [0x0030A94B+174411]
	Ordinal0 [0x002F2528+75048]
	Ordinal0 [0x002F35A0+79264]
	Ordinal0 [0x002F3539+79161]
	Ordinal0 [0x0048D607+1758727]
	GetHandleVerifier [0x00696546+1050150]
	GetHandleVerifier [0x00696291+1049457]
	GetHandleVerifier [0x006A10D7+1094071]
	GetHandleVerifier [0x00696B46+1051686]
	Ordinal0 [0x00485B06+1727238]
	Ordinal0 [0x0048EB7B+1764219]
	Ordinal0 [0x0048ECE3+1764579]
	Ordinal0 [0x004A4C05+1854469]
	BaseThreadInitThunk [0x76006359+25]
	RtlGetAppContainerNamedObjectPath [0x777C7B74+228]
	RtlGetAppContainerNamedObjectPath [0x777C7B44+180]

	at org.springframework.beans.factory.support.ConstructorResolver.createArgumentArray(ConstructorResolver.java:798)
	at org.springframework.beans.factory.support.ConstructorResolver.autowireConstructor(ConstructorResolver.java:228)
	at org.springframework.beans.factory.support.AbstractAutowireCapableBeanFactory.autowireConstructor(AbstractAutowireCapableBeanFactory.java:1358)
	at org.springframework.beans.factory.support.AbstractAutowireCapableBeanFactory.createBeanInstance(AbstractAutowireCapableBeanFactory.java:1204)
	at org.springframework.beans.factory.support.AbstractAutowireCapableBeanFactory.doCreateBean(AbstractAutowireCapableBeanFactory.java:557)
	at org.springframework.beans.factory.support.AbstractAutowireCapableBeanFactory.createBean(AbstractAutowireCapableBeanFactory.java:517)
	at org.springframework.beans.factory.support.AbstractBeanFactory.lambda$doGetBean$0(AbstractBeanFactory.java:323)
	at org.springframework.beans.factory.support.DefaultSingletonBeanRegistry.getSingleton(DefaultSingletonBeanRegistry.java:226)
	at org.springframework.beans.factory.support.AbstractBeanFactory.doGetBean(AbstractBeanFactory.java:321)
	at org.springframework.beans.factory.support.AbstractBeanFactory.getBean(AbstractBeanFactory.java:202)
	at org.springframework.beans.factory.support.DefaultListableBeanFactory.preInstantiateSingletons(DefaultListableBeanFactory.java:895)
	at org.springframework.context.support.AbstractApplicationContext.finishBeanFactoryInitialization(AbstractApplicationContext.java:878)
	at org.springframework.context.support.AbstractApplicationContext.refresh(AbstractApplicationContext.java:550)
	at org.springframework.test.context.support.AbstractGenericContextLoader.loadContext(AbstractGenericContextLoader.java:128)
	at org.springframework.test.context.support.AbstractGenericContextLoader.loadContext(AbstractGenericContextLoader.java:60)
	at org.springframework.test.context.support.AbstractDelegatingSmartContextLoader.delegateLoading(AbstractDelegatingSmartContextLoader.java:275)
	at org.springframework.test.context.support.AbstractDelegatingSmartContextLoader.loadContext(AbstractDelegatingSmartContextLoader.java:243)
	at org.springframework.test.context.cache.DefaultCacheAwareContextLoaderDelegate.loadContextInternal(DefaultCacheAwareContextLoaderDelegate.java:99)
	at org.springframework.test.context.cache.DefaultCacheAwareContextLoaderDelegate.loadContext(DefaultCacheAwareContextLoaderDelegate.java:124)
	... 40 more
Caused by: org.springframework.beans.factory.BeanCreationException: Error creating bean with name &apos;webDriver&apos; defined in qa.conf.DriverConfig: Bean instantiation via factory method failed; nested exception is org.springframework.beans.BeanInstantiationException: Failed to instantiate [org.openqa.selenium.WebDriver]: Factory method &apos;webDriver&apos; threw exception; nested exception is org.openqa.selenium.WebDriverException: unknown error: cannot find Chrome binary
Build info: version: &apos;4.0.0-alpha-4&apos;, revision: &apos;c2d955b49e&apos;
System info: host: &apos;MDZN0094&apos;, ip: &apos;10.251.253.16&apos;, os.name: &apos;Windows 10&apos;, os.arch: &apos;amd64&apos;, os.version: &apos;10.0&apos;, java.version: &apos;1.8.0_251&apos;
Driver info: driver.version: ChromeDriver
remote stacktrace: Backtrace:
	Ordinal0 [0x00579563+2725219]
	Ordinal0 [0x00478551+1672529]
	Ordinal0 [0x00360359+525145]
	Ordinal0 [0x002ECA64+51812]
	Ordinal0 [0x0030CC37+183351]
	Ordinal0 [0x0030CA3D+182845]
	Ordinal0 [0x0030A94B+174411]
	Ordinal0 [0x002F2528+75048]
	Ordinal0 [0x002F35A0+79264]
	Ordinal0 [0x002F3539+79161]
	Ordinal0 [0x0048D607+1758727]
	GetHandleVerifier [0x00696546+1050150]
	GetHandleVerifier [0x00696291+1049457]
	GetHandleVerifier [0x006A10D7+1094071]
	GetHandleVerifier [0x00696B46+1051686]
	Ordinal0 [0x00485B06+1727238]
	Ordinal0 [0x0048EB7B+1764219]
	Ordinal0 [0x0048ECE3+1764579]
	Ordinal0 [0x004A4C05+1854469]
	BaseThreadInitThunk [0x76006359+25]
	RtlGetAppContainerNamedObjectPath [0x777C7B74+228]
	RtlGetAppContainerNamedObjectPath [0x777C7B44+180]

	at org.springframework.beans.factory.support.ConstructorResolver.instantiate(ConstructorResolver.java:656)
	at org.springframework.beans.factory.support.ConstructorResolver.instantiateUsingFactoryMethod(ConstructorResolver.java:484)
	at org.springframework.beans.factory.support.AbstractAutowireCapableBeanFactory.instantiateUsingFactoryMethod(AbstractAutowireCapableBeanFactory.java:1338)
	at org.springframework.beans.factory.support.AbstractAutowireCapableBeanFactory.createBeanInstance(AbstractAutowireCapableBeanFactory.java:1177)
	at org.springframework.beans.factory.support.AbstractAutowireCapableBeanFactory.doCreateBean(AbstractAutowireCapableBeanFactory.java:557)
	at org.springframework.beans.factory.support.AbstractAutowireCapableBeanFactory.createBean(AbstractAutowireCapableBeanFactory.java:517)
	at org.springframework.beans.factory.support.AbstractBeanFactory.lambda$doGetBean$0(AbstractBeanFactory.java:323)
	at org.springframework.beans.factory.support.DefaultSingletonBeanRegistry.getSingleton(DefaultSingletonBeanRegistry.java:226)
	at org.springframework.beans.factory.support.AbstractBeanFactory.doGetBean(AbstractBeanFactory.java:321)
	at org.springframework.beans.factory.support.AbstractBeanFactory.getBean(AbstractBeanFactory.java:202)
	at org.springframework.beans.factory.config.DependencyDescriptor.resolveCandidate(DependencyDescriptor.java:276)
	at org.springframework.beans.factory.support.DefaultListableBeanFactory.doResolveDependency(DefaultListableBeanFactory.java:1306)
	at org.springframework.beans.factory.support.DefaultListableBeanFactory.resolveDependency(DefaultListableBeanFactory.java:1226)
	at org.springframework.beans.factory.support.ConstructorResolver.resolveAutowiredArgument(ConstructorResolver.java:885)
	at org.springframework.beans.factory.support.ConstructorResolver.createArgumentArray(ConstructorResolver.java:789)
	... 58 more
Caused by: org.springframework.beans.BeanInstantiationException: Failed to instantiate [org.openqa.selenium.WebDriver]: Factory method &apos;webDriver&apos; threw exception; nested exception is org.openqa.selenium.WebDriverException: unknown error: cannot find Chrome binary
Build info: version: &apos;4.0.0-alpha-4&apos;, revision: &apos;c2d955b49e&apos;
System info: host: &apos;MDZN0094&apos;, ip: &apos;10.251.253.16&apos;, os.name: &apos;Windows 10&apos;, os.arch: &apos;amd64&apos;, os.version: &apos;10.0&apos;, java.version: &apos;1.8.0_251&apos;
Driver info: driver.version: ChromeDriver
remote stacktrace: Backtrace:
	Ordinal0 [0x00579563+2725219]
	Ordinal0 [0x00478551+1672529]
	Ordinal0 [0x00360359+525145]
	Ordinal0 [0x002ECA64+51812]
	Ordinal0 [0x0030CC37+183351]
	Ordinal0 [0x0030CA3D+182845]
	Ordinal0 [0x0030A94B+174411]
	Ordinal0 [0x002F2528+75048]
	Ordinal0 [0x002F35A0+79264]
	Ordinal0 [0x002F3539+79161]
	Ordinal0 [0x0048D607+1758727]
	GetHandleVerifier [0x00696546+1050150]
	GetHandleVerifier [0x00696291+1049457]
	GetHandleVerifier [0x006A10D7+1094071]
	GetHandleVerifier [0x00696B46+1051686]
	Ordinal0 [0x00485B06+1727238]
	Ordinal0 [0x0048EB7B+1764219]
	Ordinal0 [0x0048ECE3+1764579]
	Ordinal0 [0x004A4C05+1854469]
	BaseThreadInitThunk [0x76006359+25]
	RtlGetAppContainerNamedObjectPath [0x777C7B74+228]
	RtlGetAppContainerNamedObjectPath [0x777C7B44+180]

	at org.springframework.beans.factory.support.SimpleInstantiationStrategy.instantiate(SimpleInstantiationStrategy.java:185)
	at org.springframework.beans.factory.support.ConstructorResolver.instantiate(ConstructorResolver.java:651)
	... 72 more
Caused by: org.openqa.selenium.WebDriverException: unknown error: cannot find Chrome binary
Build info: version: &apos;4.0.0-alpha-4&apos;, revision: &apos;c2d955b49e&apos;
System info: host: &apos;MDZN0094&apos;, ip: &apos;10.251.253.16&apos;, os.name: &apos;Windows 10&apos;, os.arch: &apos;amd64&apos;, os.version: &apos;10.0&apos;, java.version: &apos;1.8.0_251&apos;
Driver info: driver.version: ChromeDriver
remote stacktrace: Backtrace:
	Ordinal0 [0x00579563+2725219]
	Ordinal0 [0x00478551+1672529]
	Ordinal0 [0x00360359+525145]
	Ordinal0 [0x002ECA64+51812]
	Ordinal0 [0x0030CC37+183351]
	Ordinal0 [0x0030CA3D+182845]
	Ordinal0 [0x0030A94B+174411]
	Ordinal0 [0x002F2528+75048]
	Ordinal0 [0x002F35A0+79264]
	Ordinal0 [0x002F3539+79161]
	Ordinal0 [0x0048D607+1758727]
	GetHandleVerifier [0x00696546+1050150]
	GetHandleVerifier [0x00696291+1049457]
	GetHandleVerifier [0x006A10D7+1094071]
	GetHandleVerifier [0x00696B46+1051686]
	Ordinal0 [0x00485B06+1727238]
	Ordinal0 [0x0048EB7B+1764219]
	Ordinal0 [0x0048ECE3+1764579]
	Ordinal0 [0x004A4C05+1854469]
	BaseThreadInitThunk [0x76006359+25]
	RtlGetAppContainerNamedObjectPath [0x777C7B74+228]
	RtlGetAppContainerNamedObjectPath [0x777C7B44+180]

	at org.openqa.selenium.remote.W3CHandshakeResponse.lambda$errorHandler$0(W3CHandshakeResponse.java:62)
	at org.openqa.selenium.remote.HandshakeResponse.lambda$getResponseFunction$0(HandshakeResponse.java:30)
	at org.openqa.selenium.remote.ProtocolHandshake.lambda$createSession$1(ProtocolHandshake.java:126)
	at java.util.stream.ReferencePipeline$3$1.accept(ReferencePipeline.java:193)
	at java.util.Spliterators$ArraySpliterator.tryAdvance(Spliterators.java:958)
	at java.util.stream.ReferencePipeline.forEachWithCancel(ReferencePipeline.java:126)
	at java.util.stream.AbstractPipeline.copyIntoWithCancel(AbstractPipeline.java:499)
	at java.util.stream.AbstractPipeline.copyInto(AbstractPipeline.java:486)
	at java.util.stream.AbstractPipeline.wrapAndCopyInto(AbstractPipeline.java:472)
	at java.util.stream.FindOps$FindOp.evaluateSequential(FindOps.java:152)
	at java.util.stream.AbstractPipeline.evaluate(AbstractPipeline.java:234)
	at java.util.stream.ReferencePipeline.findFirst(ReferencePipeline.java:464)
	at org.openqa.selenium.remote.ProtocolHandshake.createSession(ProtocolHandshake.java:128)
	at org.openqa.selenium.remote.ProtocolHandshake.createSession(ProtocolHandshake.java:75)
	at org.openqa.selenium.remote.HttpCommandExecutor.execute(HttpCommandExecutor.java:139)
	at org.openqa.selenium.remote.service.DriverCommandExecutor.execute(DriverCommandExecutor.java:83)
	at org.openqa.selenium.remote.RemoteWebDriver.execute(RemoteWebDriver.java:582)
	at org.openqa.selenium.remote.RemoteWebDriver.startSession(RemoteWebDriver.java:216)
	at org.openqa.selenium.remote.RemoteWebDriver.&lt;init&gt;(RemoteWebDriver.java:136)
	at org.openqa.selenium.chromium.ChromiumDriver.&lt;init&gt;(ChromiumDriver.java:75)
	at org.openqa.selenium.chrome.ChromeDriver.&lt;init&gt;(ChromeDriver.java:163)
	at org.openqa.selenium.chrome.ChromeDriver.&lt;init&gt;(ChromeDriver.java:150)
	at org.openqa.selenium.chrome.ChromeDriver.&lt;init&gt;(ChromeDriver.java:105)
	at qa.util.DriverFactory.get(DriverFactory.java:27)
	at qa.conf.DriverConfig.webDriver(DriverConfig.java:32)
	at qa.conf.DriverConfig$$EnhancerBySpringCGLIB$$c6017013.CGLIB$webDriver$1(&lt;generated&gt;)
	at qa.conf.DriverConfig$$EnhancerBySpringCGLIB$$c6017013$$FastClassBySpringCGLIB$$b263f552.invoke(&lt;generated&gt;)
	at org.springframework.cglib.proxy.MethodProxy.invokeSuper(MethodProxy.java:244)
	at org.springframework.context.annotation.ConfigurationClassEnhancer$BeanMethodInterceptor.intercept(ConfigurationClassEnhancer.java:331)
	at qa.conf.DriverConfig$$EnhancerBySpringCGLIB$$c6017013.webDriver(&lt;generated&gt;)
	at org.springframework.beans.factory.support.SimpleInstantiationStrategy.instantiate(SimpleInstantiationStrategy.java:154)
	... 73 more
... Removed 40 stack frames</div></td></tr></table><p class="totop"><a href="#summary">back to summary</a></p>
<h3 id="m8">CucumberTests#runScenario</h3><table class="result"><tr class="param"><th>Parameter #1</th><th>Parameter #2</th></tr><tr class="param stripe"><td>&quot;Eliminar atributo existente aceptar&quot;</td><td>&quot;Administrar Atributo&quot;</td></tr><tr><th colspan="2">Exception</th></tr><tr><td colspan="2"><div class="stacktrace">java.lang.IllegalStateException: Failed to load ApplicationContext
	at org.springframework.test.context.cache.DefaultCacheAwareContextLoaderDelegate.loadContext(DefaultCacheAwareContextLoaderDelegate.java:132)
	at org.springframework.test.context.support.DefaultTestContext.getApplicationContext(DefaultTestContext.java:123)
	at io.cucumber.spring.TestContextAdaptor.createTestContextManagerAdaptor(TestContextAdaptor.java:32)
	at io.cucumber.spring.SpringFactory.start(SpringFactory.java:167)
	at io.cucumber.core.runner.Runner.buildBackendWorlds(Runner.java:165)
	at io.cucumber.core.runner.Runner.runPickle(Runner.java:62)
	at io.cucumber.testng.TestNGCucumberRunner.runScenario(TestNGCucumberRunner.java:124)
	at io.cucumber.testng.AbstractTestNGCucumberTests.runScenario(AbstractTestNGCucumberTests.java:29)
	at java.util.ArrayList.forEach(ArrayList.java:1257)
Caused by: org.springframework.beans.factory.UnsatisfiedDependencyException: Error creating bean with name &apos;crearAtributoPage&apos; defined in file [C:\Users\berdinas\IdeaProjects\delta_regresion_v1\delta_atributos_v2\target\test-classes\qa\pageobjects\CrearAtributoPage.class]: Unsatisfied dependency expressed through constructor parameter 0; nested exception is org.springframework.beans.factory.BeanCreationException: Error creating bean with name &apos;webDriver&apos; defined in qa.conf.DriverConfig: Bean instantiation via factory method failed; nested exception is org.springframework.beans.BeanInstantiationException: Failed to instantiate [org.openqa.selenium.WebDriver]: Factory method &apos;webDriver&apos; threw exception; nested exception is org.openqa.selenium.WebDriverException: unknown error: cannot find Chrome binary
Build info: version: &apos;4.0.0-alpha-4&apos;, revision: &apos;c2d955b49e&apos;
System info: host: &apos;MDZN0094&apos;, ip: &apos;10.251.253.16&apos;, os.name: &apos;Windows 10&apos;, os.arch: &apos;amd64&apos;, os.version: &apos;10.0&apos;, java.version: &apos;1.8.0_251&apos;
Driver info: driver.version: ChromeDriver
remote stacktrace: Backtrace:
	Ordinal0 [0x00579563+2725219]
	Ordinal0 [0x00478551+1672529]
	Ordinal0 [0x00360359+525145]
	Ordinal0 [0x002ECA64+51812]
	Ordinal0 [0x0030CC37+183351]
	Ordinal0 [0x0030CA3D+182845]
	Ordinal0 [0x0030A94B+174411]
	Ordinal0 [0x002F2528+75048]
	Ordinal0 [0x002F35A0+79264]
	Ordinal0 [0x002F3539+79161]
	Ordinal0 [0x0048D607+1758727]
	GetHandleVerifier [0x00696546+1050150]
	GetHandleVerifier [0x00696291+1049457]
	GetHandleVerifier [0x006A10D7+1094071]
	GetHandleVerifier [0x00696B46+1051686]
	Ordinal0 [0x00485B06+1727238]
	Ordinal0 [0x0048EB7B+1764219]
	Ordinal0 [0x0048ECE3+1764579]
	Ordinal0 [0x004A4C05+1854469]
	BaseThreadInitThunk [0x76006359+25]
	RtlGetAppContainerNamedObjectPath [0x777C7B74+228]
	RtlGetAppContainerNamedObjectPath [0x777C7B44+180]

	at org.springframework.beans.factory.support.ConstructorResolver.createArgumentArray(ConstructorResolver.java:798)
	at org.springframework.beans.factory.support.ConstructorResolver.autowireConstructor(ConstructorResolver.java:228)
	at org.springframework.beans.factory.support.AbstractAutowireCapableBeanFactory.autowireConstructor(AbstractAutowireCapableBeanFactory.java:1358)
	at org.springframework.beans.factory.support.AbstractAutowireCapableBeanFactory.createBeanInstance(AbstractAutowireCapableBeanFactory.java:1204)
	at org.springframework.beans.factory.support.AbstractAutowireCapableBeanFactory.doCreateBean(AbstractAutowireCapableBeanFactory.java:557)
	at org.springframework.beans.factory.support.AbstractAutowireCapableBeanFactory.createBean(AbstractAutowireCapableBeanFactory.java:517)
	at org.springframework.beans.factory.support.AbstractBeanFactory.lambda$doGetBean$0(AbstractBeanFactory.java:323)
	at org.springframework.beans.factory.support.DefaultSingletonBeanRegistry.getSingleton(DefaultSingletonBeanRegistry.java:226)
	at org.springframework.beans.factory.support.AbstractBeanFactory.doGetBean(AbstractBeanFactory.java:321)
	at org.springframework.beans.factory.support.AbstractBeanFactory.getBean(AbstractBeanFactory.java:202)
	at org.springframework.beans.factory.support.DefaultListableBeanFactory.preInstantiateSingletons(DefaultListableBeanFactory.java:895)
	at org.springframework.context.support.AbstractApplicationContext.finishBeanFactoryInitialization(AbstractApplicationContext.java:878)
	at org.springframework.context.support.AbstractApplicationContext.refresh(AbstractApplicationContext.java:550)
	at org.springframework.test.context.support.AbstractGenericContextLoader.loadContext(AbstractGenericContextLoader.java:128)
	at org.springframework.test.context.support.AbstractGenericContextLoader.loadContext(AbstractGenericContextLoader.java:60)
	at org.springframework.test.context.support.AbstractDelegatingSmartContextLoader.delegateLoading(AbstractDelegatingSmartContextLoader.java:275)
	at org.springframework.test.context.support.AbstractDelegatingSmartContextLoader.loadContext(AbstractDelegatingSmartContextLoader.java:243)
	at org.springframework.test.context.cache.DefaultCacheAwareContextLoaderDelegate.loadContextInternal(DefaultCacheAwareContextLoaderDelegate.java:99)
	at org.springframework.test.context.cache.DefaultCacheAwareContextLoaderDelegate.loadContext(DefaultCacheAwareContextLoaderDelegate.java:124)
	... 40 more
Caused by: org.springframework.beans.factory.BeanCreationException: Error creating bean with name &apos;webDriver&apos; defined in qa.conf.DriverConfig: Bean instantiation via factory method failed; nested exception is org.springframework.beans.BeanInstantiationException: Failed to instantiate [org.openqa.selenium.WebDriver]: Factory method &apos;webDriver&apos; threw exception; nested exception is org.openqa.selenium.WebDriverException: unknown error: cannot find Chrome binary
Build info: version: &apos;4.0.0-alpha-4&apos;, revision: &apos;c2d955b49e&apos;
System info: host: &apos;MDZN0094&apos;, ip: &apos;10.251.253.16&apos;, os.name: &apos;Windows 10&apos;, os.arch: &apos;amd64&apos;, os.version: &apos;10.0&apos;, java.version: &apos;1.8.0_251&apos;
Driver info: driver.version: ChromeDriver
remote stacktrace: Backtrace:
	Ordinal0 [0x00579563+2725219]
	Ordinal0 [0x00478551+1672529]
	Ordinal0 [0x00360359+525145]
	Ordinal0 [0x002ECA64+51812]
	Ordinal0 [0x0030CC37+183351]
	Ordinal0 [0x0030CA3D+182845]
	Ordinal0 [0x0030A94B+174411]
	Ordinal0 [0x002F2528+75048]
	Ordinal0 [0x002F35A0+79264]
	Ordinal0 [0x002F3539+79161]
	Ordinal0 [0x0048D607+1758727]
	GetHandleVerifier [0x00696546+1050150]
	GetHandleVerifier [0x00696291+1049457]
	GetHandleVerifier [0x006A10D7+1094071]
	GetHandleVerifier [0x00696B46+1051686]
	Ordinal0 [0x00485B06+1727238]
	Ordinal0 [0x0048EB7B+1764219]
	Ordinal0 [0x0048ECE3+1764579]
	Ordinal0 [0x004A4C05+1854469]
	BaseThreadInitThunk [0x76006359+25]
	RtlGetAppContainerNamedObjectPath [0x777C7B74+228]
	RtlGetAppContainerNamedObjectPath [0x777C7B44+180]

	at org.springframework.beans.factory.support.ConstructorResolver.instantiate(ConstructorResolver.java:656)
	at org.springframework.beans.factory.support.ConstructorResolver.instantiateUsingFactoryMethod(ConstructorResolver.java:484)
	at org.springframework.beans.factory.support.AbstractAutowireCapableBeanFactory.instantiateUsingFactoryMethod(AbstractAutowireCapableBeanFactory.java:1338)
	at org.springframework.beans.factory.support.AbstractAutowireCapableBeanFactory.createBeanInstance(AbstractAutowireCapableBeanFactory.java:1177)
	at org.springframework.beans.factory.support.AbstractAutowireCapableBeanFactory.doCreateBean(AbstractAutowireCapableBeanFactory.java:557)
	at org.springframework.beans.factory.support.AbstractAutowireCapableBeanFactory.createBean(AbstractAutowireCapableBeanFactory.java:517)
	at org.springframework.beans.factory.support.AbstractBeanFactory.lambda$doGetBean$0(AbstractBeanFactory.java:323)
	at org.springframework.beans.factory.support.DefaultSingletonBeanRegistry.getSingleton(DefaultSingletonBeanRegistry.java:226)
	at org.springframework.beans.factory.support.AbstractBeanFactory.doGetBean(AbstractBeanFactory.java:321)
	at org.springframework.beans.factory.support.AbstractBeanFactory.getBean(AbstractBeanFactory.java:202)
	at org.springframework.beans.factory.config.DependencyDescriptor.resolveCandidate(DependencyDescriptor.java:276)
	at org.springframework.beans.factory.support.DefaultListableBeanFactory.doResolveDependency(DefaultListableBeanFactory.java:1306)
	at org.springframework.beans.factory.support.DefaultListableBeanFactory.resolveDependency(DefaultListableBeanFactory.java:1226)
	at org.springframework.beans.factory.support.ConstructorResolver.resolveAutowiredArgument(ConstructorResolver.java:885)
	at org.springframework.beans.factory.support.ConstructorResolver.createArgumentArray(ConstructorResolver.java:789)
	... 58 more
Caused by: org.springframework.beans.BeanInstantiationException: Failed to instantiate [org.openqa.selenium.WebDriver]: Factory method &apos;webDriver&apos; threw exception; nested exception is org.openqa.selenium.WebDriverException: unknown error: cannot find Chrome binary
Build info: version: &apos;4.0.0-alpha-4&apos;, revision: &apos;c2d955b49e&apos;
System info: host: &apos;MDZN0094&apos;, ip: &apos;10.251.253.16&apos;, os.name: &apos;Windows 10&apos;, os.arch: &apos;amd64&apos;, os.version: &apos;10.0&apos;, java.version: &apos;1.8.0_251&apos;
Driver info: driver.version: ChromeDriver
remote stacktrace: Backtrace:
	Ordinal0 [0x00579563+2725219]
	Ordinal0 [0x00478551+1672529]
	Ordinal0 [0x00360359+525145]
	Ordinal0 [0x002ECA64+51812]
	Ordinal0 [0x0030CC37+183351]
	Ordinal0 [0x0030CA3D+182845]
	Ordinal0 [0x0030A94B+174411]
	Ordinal0 [0x002F2528+75048]
	Ordinal0 [0x002F35A0+79264]
	Ordinal0 [0x002F3539+79161]
	Ordinal0 [0x0048D607+1758727]
	GetHandleVerifier [0x00696546+1050150]
	GetHandleVerifier [0x00696291+1049457]
	GetHandleVerifier [0x006A10D7+1094071]
	GetHandleVerifier [0x00696B46+1051686]
	Ordinal0 [0x00485B06+1727238]
	Ordinal0 [0x0048EB7B+1764219]
	Ordinal0 [0x0048ECE3+1764579]
	Ordinal0 [0x004A4C05+1854469]
	BaseThreadInitThunk [0x76006359+25]
	RtlGetAppContainerNamedObjectPath [0x777C7B74+228]
	RtlGetAppContainerNamedObjectPath [0x777C7B44+180]

	at org.springframework.beans.factory.support.SimpleInstantiationStrategy.instantiate(SimpleInstantiationStrategy.java:185)
	at org.springframework.beans.factory.support.ConstructorResolver.instantiate(ConstructorResolver.java:651)
	... 72 more
Caused by: org.openqa.selenium.WebDriverException: unknown error: cannot find Chrome binary
Build info: version: &apos;4.0.0-alpha-4&apos;, revision: &apos;c2d955b49e&apos;
System info: host: &apos;MDZN0094&apos;, ip: &apos;10.251.253.16&apos;, os.name: &apos;Windows 10&apos;, os.arch: &apos;amd64&apos;, os.version: &apos;10.0&apos;, java.version: &apos;1.8.0_251&apos;
Driver info: driver.version: ChromeDriver
remote stacktrace: Backtrace:
	Ordinal0 [0x00579563+2725219]
	Ordinal0 [0x00478551+1672529]
	Ordinal0 [0x00360359+525145]
	Ordinal0 [0x002ECA64+51812]
	Ordinal0 [0x0030CC37+183351]
	Ordinal0 [0x0030CA3D+182845]
	Ordinal0 [0x0030A94B+174411]
	Ordinal0 [0x002F2528+75048]
	Ordinal0 [0x002F35A0+79264]
	Ordinal0 [0x002F3539+79161]
	Ordinal0 [0x0048D607+1758727]
	GetHandleVerifier [0x00696546+1050150]
	GetHandleVerifier [0x00696291+1049457]
	GetHandleVerifier [0x006A10D7+1094071]
	GetHandleVerifier [0x00696B46+1051686]
	Ordinal0 [0x00485B06+1727238]
	Ordinal0 [0x0048EB7B+1764219]
	Ordinal0 [0x0048ECE3+1764579]
	Ordinal0 [0x004A4C05+1854469]
	BaseThreadInitThunk [0x76006359+25]
	RtlGetAppContainerNamedObjectPath [0x777C7B74+228]
	RtlGetAppContainerNamedObjectPath [0x777C7B44+180]

	at org.openqa.selenium.remote.W3CHandshakeResponse.lambda$errorHandler$0(W3CHandshakeResponse.java:62)
	at org.openqa.selenium.remote.HandshakeResponse.lambda$getResponseFunction$0(HandshakeResponse.java:30)
	at org.openqa.selenium.remote.ProtocolHandshake.lambda$createSession$1(ProtocolHandshake.java:126)
	at java.util.stream.ReferencePipeline$3$1.accept(ReferencePipeline.java:193)
	at java.util.Spliterators$ArraySpliterator.tryAdvance(Spliterators.java:958)
	at java.util.stream.ReferencePipeline.forEachWithCancel(ReferencePipeline.java:126)
	at java.util.stream.AbstractPipeline.copyIntoWithCancel(AbstractPipeline.java:499)
	at java.util.stream.AbstractPipeline.copyInto(AbstractPipeline.java:486)
	at java.util.stream.AbstractPipeline.wrapAndCopyInto(AbstractPipeline.java:472)
	at java.util.stream.FindOps$FindOp.evaluateSequential(FindOps.java:152)
	at java.util.stream.AbstractPipeline.evaluate(AbstractPipeline.java:234)
	at java.util.stream.ReferencePipeline.findFirst(ReferencePipeline.java:464)
	at org.openqa.selenium.remote.ProtocolHandshake.createSession(ProtocolHandshake.java:128)
	at org.openqa.selenium.remote.ProtocolHandshake.createSession(ProtocolHandshake.java:75)
	at org.openqa.selenium.remote.HttpCommandExecutor.execute(HttpCommandExecutor.java:139)
	at org.openqa.selenium.remote.service.DriverCommandExecutor.execute(DriverCommandExecutor.java:83)
	at org.openqa.selenium.remote.RemoteWebDriver.execute(RemoteWebDriver.java:582)
	at org.openqa.selenium.remote.RemoteWebDriver.startSession(RemoteWebDriver.java:216)
	at org.openqa.selenium.remote.RemoteWebDriver.&lt;init&gt;(RemoteWebDriver.java:136)
	at org.openqa.selenium.chromium.ChromiumDriver.&lt;init&gt;(ChromiumDriver.java:75)
	at org.openqa.selenium.chrome.ChromeDriver.&lt;init&gt;(ChromeDriver.java:163)
	at org.openqa.selenium.chrome.ChromeDriver.&lt;init&gt;(ChromeDriver.java:150)
	at org.openqa.selenium.chrome.ChromeDriver.&lt;init&gt;(ChromeDriver.java:105)
	at qa.util.DriverFactory.get(DriverFactory.java:27)
	at qa.conf.DriverConfig.webDriver(DriverConfig.java:32)
	at qa.conf.DriverConfig$$EnhancerBySpringCGLIB$$c6017013.CGLIB$webDriver$1(&lt;generated&gt;)
	at qa.conf.DriverConfig$$EnhancerBySpringCGLIB$$c6017013$$FastClassBySpringCGLIB$$b263f552.invoke(&lt;generated&gt;)
	at org.springframework.cglib.proxy.MethodProxy.invokeSuper(MethodProxy.java:244)
	at org.springframework.context.annotation.ConfigurationClassEnhancer$BeanMethodInterceptor.intercept(ConfigurationClassEnhancer.java:331)
	at qa.conf.DriverConfig$$EnhancerBySpringCGLIB$$c6017013.webDriver(&lt;generated&gt;)
	at org.springframework.beans.factory.support.SimpleInstantiationStrategy.instantiate(SimpleInstantiationStrategy.java:154)
	... 73 more
... Removed 40 stack frames</div></td></tr></table><p class="totop"><a href="#summary">back to summary</a></p>
</body>
</html>
