<?xml version="1.0" encoding="UTF-8"?>
<testsuite xmlns:xsi="http://www.w3.org/2001/XMLSchema-instance" xsi:noNamespaceSchemaLocation="https://maven.apache.org/surefire/maven-surefire-plugin/xsd/surefire-test-report.xsd" name="CucumberTests" time="16.911" tests="9" errors="0" skipped="0" failures="9">
  <properties>
    <property name="sun.desktop" value="windows"/>
    <property name="awt.toolkit" value="sun.awt.windows.WToolkit"/>
    <property name="file.encoding.pkg" value="sun.io"/>
    <property name="java.specification.version" value="1.8"/>
    <property name="sun.cpu.isalist" value="amd64"/>
    <property name="sun.jnu.encoding" value="Cp1252"/>
    <property name="java.class.path" value="C:\Users\berdinas\IdeaProjects\delta_regresion_v1\delta_atributos_v2\target\test-classes;C:\Users\berdinas\IdeaProjects\delta_regresion_v1\delta_atributos_v2\target\classes;C:\Users\berdinas\.m2\repository\org\seleniumhq\selenium\selenium-java\4.0.0-alpha-4\selenium-java-4.0.0-alpha-4.jar;C:\Users\berdinas\.m2\repository\org\seleniumhq\selenium\selenium-api\4.0.0-alpha-4\selenium-api-4.0.0-alpha-4.jar;C:\Users\berdinas\.m2\repository\org\seleniumhq\selenium\selenium-chrome-driver\4.0.0-alpha-4\selenium-chrome-driver-4.0.0-alpha-4.jar;C:\Users\berdinas\.m2\repository\com\google\auto\service\auto-service-annotations\1.0-rc6\auto-service-annotations-1.0-rc6.jar;C:\Users\berdinas\.m2\repository\com\google\auto\service\auto-service\1.0-rc6\auto-service-1.0-rc6.jar;C:\Users\berdinas\.m2\repository\com\google\auto\auto-common\0.10\auto-common-0.10.jar;C:\Users\berdinas\.m2\repository\com\google\guava\guava\28.2-jre\guava-28.2-jre.jar;C:\Users\berdinas\.m2\repository\com\google\guava\failureaccess\1.0.1\failureaccess-1.0.1.jar;C:\Users\berdinas\.m2\repository\com\google\guava\listenablefuture\9999.0-empty-to-avoid-conflict-with-guava\listenablefuture-9999.0-empty-to-avoid-conflict-with-guava.jar;C:\Users\berdinas\.m2\repository\com\google\code\findbugs\jsr305\3.0.2\jsr305-3.0.2.jar;C:\Users\berdinas\.m2\repository\org\checkerframework\checker-qual\2.10.0\checker-qual-2.10.0.jar;C:\Users\berdinas\.m2\repository\com\google\errorprone\error_prone_annotations\2.3.4\error_prone_annotations-2.3.4.jar;C:\Users\berdinas\.m2\repository\com\google\j2objc\j2objc-annotations\1.3\j2objc-annotations-1.3.jar;C:\Users\berdinas\.m2\repository\org\seleniumhq\selenium\selenium-chromium-driver\4.0.0-alpha-4\selenium-chromium-driver-4.0.0-alpha-4.jar;C:\Users\berdinas\.m2\repository\org\seleniumhq\selenium\selenium-devtools\4.0.0-alpha-4\selenium-devtools-4.0.0-alpha-4.jar;C:\Users\berdinas\.m2\repository\org\seleniumhq\selenium\selenium-http\4.0.0-alpha-4\selenium-http-4.0.0-alpha-4.jar;C:\Users\berdinas\.m2\repository\org\seleniumhq\selenium\selenium-json\4.0.0-alpha-4\selenium-json-4.0.0-alpha-4.jar;C:\Users\berdinas\.m2\repository\org\seleniumhq\selenium\selenium-edge-driver\4.0.0-alpha-4\selenium-edge-driver-4.0.0-alpha-4.jar;C:\Users\berdinas\.m2\repository\org\seleniumhq\selenium\selenium-edgehtml-driver\4.0.0-alpha-4\selenium-edgehtml-driver-4.0.0-alpha-4.jar;C:\Users\berdinas\.m2\repository\org\seleniumhq\selenium\selenium-firefox-driver\4.0.0-alpha-4\selenium-firefox-driver-4.0.0-alpha-4.jar;C:\Users\berdinas\.m2\repository\org\seleniumhq\selenium\selenium-firefox-xpi-driver\4.0.0-alpha-4\selenium-firefox-xpi-driver-4.0.0-alpha-4.jar;C:\Users\berdinas\.m2\repository\org\seleniumhq\selenium\selenium-ie-driver\4.0.0-alpha-4\selenium-ie-driver-4.0.0-alpha-4.jar;C:\Users\berdinas\.m2\repository\org\seleniumhq\selenium\selenium-opera-driver\4.0.0-alpha-4\selenium-opera-driver-4.0.0-alpha-4.jar;C:\Users\berdinas\.m2\repository\org\seleniumhq\selenium\selenium-remote-driver\4.0.0-alpha-4\selenium-remote-driver-4.0.0-alpha-4.jar;C:\Users\berdinas\.m2\repository\com\squareup\okhttp3\okhttp\4.3.0\okhttp-4.3.0.jar;C:\Users\berdinas\.m2\repository\com\squareup\okio\okio\2.4.1\okio-2.4.1.jar;C:\Users\berdinas\.m2\repository\org\jetbrains\kotlin\kotlin-stdlib-common\1.3.50\kotlin-stdlib-common-1.3.50.jar;C:\Users\berdinas\.m2\repository\org\jetbrains\kotlin\kotlin-stdlib\1.3.61\kotlin-stdlib-1.3.61.jar;C:\Users\berdinas\.m2\repository\org\jetbrains\annotations\13.0\annotations-13.0.jar;C:\Users\berdinas\.m2\repository\com\typesafe\netty\netty-reactive-streams\2.0.4\netty-reactive-streams-2.0.4.jar;C:\Users\berdinas\.m2\repository\io\netty\netty-handler\4.1.43.Final\netty-handler-4.1.43.Final.jar;C:\Users\berdinas\.m2\repository\io\netty\netty-common\4.1.43.Final\netty-common-4.1.43.Final.jar;C:\Users\berdinas\.m2\repository\io\netty\netty-buffer\4.1.43.Final\netty-buffer-4.1.43.Final.jar;C:\Users\berdinas\.m2\repository\io\netty\netty-transport\4.1.43.Final\netty-transport-4.1.43.Final.jar;C:\Users\berdinas\.m2\repository\io\netty\netty-codec\4.1.43.Final\netty-codec-4.1.43.Final.jar;C:\Users\berdinas\.m2\repository\org\reactivestreams\reactive-streams\1.0.3\reactive-streams-1.0.3.jar;C:\Users\berdinas\.m2\repository\io\opentracing\opentracing-api\0.33.0\opentracing-api-0.33.0.jar;C:\Users\berdinas\.m2\repository\net\bytebuddy\byte-buddy\1.10.6\byte-buddy-1.10.6.jar;C:\Users\berdinas\.m2\repository\org\apache\commons\commons-exec\1.3\commons-exec-1.3.jar;C:\Users\berdinas\.m2\repository\org\asynchttpclient\async-http-client\2.10.4\async-http-client-2.10.4.jar;C:\Users\berdinas\.m2\repository\org\asynchttpclient\async-http-client-netty-utils\2.10.4\async-http-client-netty-utils-2.10.4.jar;C:\Users\berdinas\.m2\repository\io\netty\netty-codec-http\4.1.42.Final\netty-codec-http-4.1.42.Final.jar;C:\Users\berdinas\.m2\repository\io\netty\netty-codec-socks\4.1.42.Final\netty-codec-socks-4.1.42.Final.jar;C:\Users\berdinas\.m2\repository\io\netty\netty-handler-proxy\4.1.42.Final\netty-handler-proxy-4.1.42.Final.jar;C:\Users\berdinas\.m2\repository\io\netty\netty-transport-native-epoll\4.1.42.Final\netty-transport-native-epoll-4.1.42.Final-linux-x86_64.jar;C:\Users\berdinas\.m2\repository\io\netty\netty-transport-native-unix-common\4.1.42.Final\netty-transport-native-unix-common-4.1.42.Final.jar;C:\Users\berdinas\.m2\repository\io\netty\netty-transport-native-kqueue\4.1.42.Final\netty-transport-native-kqueue-4.1.42.Final-osx-x86_64.jar;C:\Users\berdinas\.m2\repository\io\netty\netty-resolver-dns\4.1.42.Final\netty-resolver-dns-4.1.42.Final.jar;C:\Users\berdinas\.m2\repository\io\netty\netty-resolver\4.1.42.Final\netty-resolver-4.1.42.Final.jar;C:\Users\berdinas\.m2\repository\io\netty\netty-codec-dns\4.1.42.Final\netty-codec-dns-4.1.42.Final.jar;C:\Users\berdinas\.m2\repository\org\slf4j\slf4j-api\1.7.26\slf4j-api-1.7.26.jar;C:\Users\berdinas\.m2\repository\com\sun\activation\javax.activation\1.2.0\javax.activation-1.2.0.jar;C:\Users\berdinas\.m2\repository\org\seleniumhq\selenium\selenium-safari-driver\4.0.0-alpha-4\selenium-safari-driver-4.0.0-alpha-4.jar;C:\Users\berdinas\.m2\repository\org\seleniumhq\selenium\selenium-support\4.0.0-alpha-4\selenium-support-4.0.0-alpha-4.jar;C:\Users\berdinas\.m2\repository\io\cucumber\cucumber-java\5.7.0\cucumber-java-5.7.0.jar;C:\Users\berdinas\.m2\repository\io\cucumber\cucumber-core\5.7.0\cucumber-core-5.7.0.jar;C:\Users\berdinas\.m2\repository\io\cucumber\cucumber-gherkin\5.7.0\cucumber-gherkin-5.7.0.jar;C:\Users\berdinas\.m2\repository\io\cucumber\cucumber-gherkin-vintage\5.7.0\cucumber-gherkin-vintage-5.7.0.jar;C:\Users\berdinas\.m2\repository\io\cucumber\tag-expressions\2.0.4\tag-expressions-2.0.4.jar;C:\Users\berdinas\.m2\repository\io\cucumber\cucumber-expressions\8.3.1\cucumber-expressions-8.3.1.jar;C:\Users\berdinas\.m2\repository\io\cucumber\datatable\3.3.1\datatable-3.3.1.jar;C:\Users\berdinas\.m2\repository\io\cucumber\cucumber-plugin\5.7.0\cucumber-plugin-5.7.0.jar;C:\Users\berdinas\.m2\repository\io\cucumber\docstring\5.7.0\docstring-5.7.0.jar;C:\Users\berdinas\.m2\repository\org\apiguardian\apiguardian-api\1.1.0\apiguardian-api-1.1.0.jar;C:\Users\berdinas\.m2\repository\io\cucumber\cucumber-testng\5.7.0\cucumber-testng-5.7.0.jar;C:\Users\berdinas\.m2\repository\org\testng\testng\7.1.0\testng-7.1.0.jar;C:\Users\berdinas\.m2\repository\com\beust\jcommander\1.72\jcommander-1.72.jar;C:\Users\berdinas\.m2\repository\com\google\inject\guice\4.1.0\guice-4.1.0-no_aop.jar;C:\Users\berdinas\.m2\repository\javax\inject\javax.inject\1\javax.inject-1.jar;C:\Users\berdinas\.m2\repository\aopalliance\aopalliance\1.0\aopalliance-1.0.jar;C:\Users\berdinas\.m2\repository\org\yaml\snakeyaml\1.21\snakeyaml-1.21.jar;C:\Users\berdinas\.m2\repository\org\projectlombok\lombok\1.18.12\lombok-1.18.12.jar;C:\Users\berdinas\.m2\repository\io\cucumber\cucumber-spring\5.7.0\cucumber-spring-5.7.0.jar;C:\Users\berdinas\.m2\repository\org\springframework\spring-context\5.2.6.RELEASE\spring-context-5.2.6.RELEASE.jar;C:\Users\berdinas\.m2\repository\org\springframework\spring-aop\5.2.6.RELEASE\spring-aop-5.2.6.RELEASE.jar;C:\Users\berdinas\.m2\repository\org\springframework\spring-beans\5.2.6.RELEASE\spring-beans-5.2.6.RELEASE.jar;C:\Users\berdinas\.m2\repository\org\springframework\spring-core\5.2.6.RELEASE\spring-core-5.2.6.RELEASE.jar;C:\Users\berdinas\.m2\repository\org\springframework\spring-jcl\5.2.6.RELEASE\spring-jcl-5.2.6.RELEASE.jar;C:\Users\berdinas\.m2\repository\org\springframework\spring-expression\5.2.6.RELEASE\spring-expression-5.2.6.RELEASE.jar;C:\Users\berdinas\.m2\repository\org\springframework\spring-test\5.2.6.RELEASE\spring-test-5.2.6.RELEASE.jar;C:\Users\berdinas\.m2\repository\de\monochromata\cucumber\reporting-plugin\4.0.56\reporting-plugin-4.0.56.jar;C:\Users\berdinas\.m2\repository\io\cucumber\gherkin\13.0.0\gherkin-13.0.0.jar;C:\Users\berdinas\.m2\repository\io\cucumber\messages\12.0.0\messages-12.0.0.jar;C:\Users\berdinas\.m2\repository\net\masterthought\cucumber-reporting\5.3.0\cucumber-reporting-5.3.0.jar;C:\Users\berdinas\.m2\repository\com\fasterxml\jackson\core\jackson-databind\2.10.1\jackson-databind-2.10.1.jar;C:\Users\berdinas\.m2\repository\com\fasterxml\jackson\core\jackson-annotations\2.10.1\jackson-annotations-2.10.1.jar;C:\Users\berdinas\.m2\repository\com\fasterxml\jackson\core\jackson-core\2.10.1\jackson-core-2.10.1.jar;C:\Users\berdinas\.m2\repository\com\fasterxml\jackson\datatype\jackson-datatype-jsr310\2.10.1\jackson-datatype-jsr310-2.10.1.jar;C:\Users\berdinas\.m2\repository\org\apache\velocity\velocity-engine-core\2.1\velocity-engine-core-2.1.jar;C:\Users\berdinas\.m2\repository\commons-collections\commons-collections\3.2.2\commons-collections-3.2.2.jar;C:\Users\berdinas\.m2\repository\joda-time\joda-time\2.10.5\joda-time-2.10.5.jar;C:\Users\berdinas\.m2\repository\org\apache\commons\commons-lang3\3.9\commons-lang3-3.9.jar;C:\Users\berdinas\.m2\repository\commons-io\commons-io\2.6\commons-io-2.6.jar;C:\Users\berdinas\.m2\repository\org\codehaus\plexus\plexus-utils\3.3.0\plexus-utils-3.3.0.jar;C:\Users\berdinas\.m2\repository\org\jsoup\jsoup\1.12.1\jsoup-1.12.1.jar;C:\Users\berdinas\.m2\repository\com\googlecode\owasp-java-html-sanitizer\owasp-java-html-sanitizer\20191001.1\owasp-java-html-sanitizer-20191001.1.jar;C:\Users\berdinas\.m2\repository\commons-configuration\commons-configuration\1.10\commons-configuration-1.10.jar;C:\Users\berdinas\.m2\repository\commons-lang\commons-lang\2.6\commons-lang-2.6.jar;C:\Users\berdinas\.m2\repository\commons-logging\commons-logging\1.1.1\commons-logging-1.1.1.jar;"/>
    <property name="java.vm.vendor" value="Oracle Corporation"/>
    <property name="sun.arch.data.model" value="64"/>
    <property name="user.variant" value=""/>
    <property name="java.vendor.url" value="http://java.oracle.com/"/>
    <property name="user.timezone" value="America/Buenos_Aires"/>
    <property name="java.vm.specification.version" value="1.8"/>
    <property name="os.name" value="Windows 10"/>
    <property name="user.country" value="AR"/>
    <property name="sun.java.launcher" value="SUN_STANDARD"/>
    <property name="sun.boot.library.path" value="C:\Program Files\Java\jdk1.8.0_251\jre\bin"/>
    <property name="sun.java.command" value="C:\Users\berdinas\AppData\Local\Temp\surefire8620447175310743716\surefirebooter2587044813579035400.jar C:\Users\berdinas\AppData\Local\Temp\surefire8620447175310743716 2020-09-02T19-38-21_813-jvmRun1 surefire1416413618987186935tmp surefire_01028494700138055246tmp"/>
    <property name="surefire.test.class.path" value="C:\Users\berdinas\IdeaProjects\delta_regresion_v1\delta_atributos_v2\target\test-classes;C:\Users\berdinas\IdeaProjects\delta_regresion_v1\delta_atributos_v2\target\classes;C:\Users\berdinas\.m2\repository\org\seleniumhq\selenium\selenium-java\4.0.0-alpha-4\selenium-java-4.0.0-alpha-4.jar;C:\Users\berdinas\.m2\repository\org\seleniumhq\selenium\selenium-api\4.0.0-alpha-4\selenium-api-4.0.0-alpha-4.jar;C:\Users\berdinas\.m2\repository\org\seleniumhq\selenium\selenium-chrome-driver\4.0.0-alpha-4\selenium-chrome-driver-4.0.0-alpha-4.jar;C:\Users\berdinas\.m2\repository\com\google\auto\service\auto-service-annotations\1.0-rc6\auto-service-annotations-1.0-rc6.jar;C:\Users\berdinas\.m2\repository\com\google\auto\service\auto-service\1.0-rc6\auto-service-1.0-rc6.jar;C:\Users\berdinas\.m2\repository\com\google\auto\auto-common\0.10\auto-common-0.10.jar;C:\Users\berdinas\.m2\repository\com\google\guava\guava\28.2-jre\guava-28.2-jre.jar;C:\Users\berdinas\.m2\repository\com\google\guava\failureaccess\1.0.1\failureaccess-1.0.1.jar;C:\Users\berdinas\.m2\repository\com\google\guava\listenablefuture\9999.0-empty-to-avoid-conflict-with-guava\listenablefuture-9999.0-empty-to-avoid-conflict-with-guava.jar;C:\Users\berdinas\.m2\repository\com\google\code\findbugs\jsr305\3.0.2\jsr305-3.0.2.jar;C:\Users\berdinas\.m2\repository\org\checkerframework\checker-qual\2.10.0\checker-qual-2.10.0.jar;C:\Users\berdinas\.m2\repository\com\google\errorprone\error_prone_annotations\2.3.4\error_prone_annotations-2.3.4.jar;C:\Users\berdinas\.m2\repository\com\google\j2objc\j2objc-annotations\1.3\j2objc-annotations-1.3.jar;C:\Users\berdinas\.m2\repository\org\seleniumhq\selenium\selenium-chromium-driver\4.0.0-alpha-4\selenium-chromium-driver-4.0.0-alpha-4.jar;C:\Users\berdinas\.m2\repository\org\seleniumhq\selenium\selenium-devtools\4.0.0-alpha-4\selenium-devtools-4.0.0-alpha-4.jar;C:\Users\berdinas\.m2\repository\org\seleniumhq\selenium\selenium-http\4.0.0-alpha-4\selenium-http-4.0.0-alpha-4.jar;C:\Users\berdinas\.m2\repository\org\seleniumhq\selenium\selenium-json\4.0.0-alpha-4\selenium-json-4.0.0-alpha-4.jar;C:\Users\berdinas\.m2\repository\org\seleniumhq\selenium\selenium-edge-driver\4.0.0-alpha-4\selenium-edge-driver-4.0.0-alpha-4.jar;C:\Users\berdinas\.m2\repository\org\seleniumhq\selenium\selenium-edgehtml-driver\4.0.0-alpha-4\selenium-edgehtml-driver-4.0.0-alpha-4.jar;C:\Users\berdinas\.m2\repository\org\seleniumhq\selenium\selenium-firefox-driver\4.0.0-alpha-4\selenium-firefox-driver-4.0.0-alpha-4.jar;C:\Users\berdinas\.m2\repository\org\seleniumhq\selenium\selenium-firefox-xpi-driver\4.0.0-alpha-4\selenium-firefox-xpi-driver-4.0.0-alpha-4.jar;C:\Users\berdinas\.m2\repository\org\seleniumhq\selenium\selenium-ie-driver\4.0.0-alpha-4\selenium-ie-driver-4.0.0-alpha-4.jar;C:\Users\berdinas\.m2\repository\org\seleniumhq\selenium\selenium-opera-driver\4.0.0-alpha-4\selenium-opera-driver-4.0.0-alpha-4.jar;C:\Users\berdinas\.m2\repository\org\seleniumhq\selenium\selenium-remote-driver\4.0.0-alpha-4\selenium-remote-driver-4.0.0-alpha-4.jar;C:\Users\berdinas\.m2\repository\com\squareup\okhttp3\okhttp\4.3.0\okhttp-4.3.0.jar;C:\Users\berdinas\.m2\repository\com\squareup\okio\okio\2.4.1\okio-2.4.1.jar;C:\Users\berdinas\.m2\repository\org\jetbrains\kotlin\kotlin-stdlib-common\1.3.50\kotlin-stdlib-common-1.3.50.jar;C:\Users\berdinas\.m2\repository\org\jetbrains\kotlin\kotlin-stdlib\1.3.61\kotlin-stdlib-1.3.61.jar;C:\Users\berdinas\.m2\repository\org\jetbrains\annotations\13.0\annotations-13.0.jar;C:\Users\berdinas\.m2\repository\com\typesafe\netty\netty-reactive-streams\2.0.4\netty-reactive-streams-2.0.4.jar;C:\Users\berdinas\.m2\repository\io\netty\netty-handler\4.1.43.Final\netty-handler-4.1.43.Final.jar;C:\Users\berdinas\.m2\repository\io\netty\netty-common\4.1.43.Final\netty-common-4.1.43.Final.jar;C:\Users\berdinas\.m2\repository\io\netty\netty-buffer\4.1.43.Final\netty-buffer-4.1.43.Final.jar;C:\Users\berdinas\.m2\repository\io\netty\netty-transport\4.1.43.Final\netty-transport-4.1.43.Final.jar;C:\Users\berdinas\.m2\repository\io\netty\netty-codec\4.1.43.Final\netty-codec-4.1.43.Final.jar;C:\Users\berdinas\.m2\repository\org\reactivestreams\reactive-streams\1.0.3\reactive-streams-1.0.3.jar;C:\Users\berdinas\.m2\repository\io\opentracing\opentracing-api\0.33.0\opentracing-api-0.33.0.jar;C:\Users\berdinas\.m2\repository\net\bytebuddy\byte-buddy\1.10.6\byte-buddy-1.10.6.jar;C:\Users\berdinas\.m2\repository\org\apache\commons\commons-exec\1.3\commons-exec-1.3.jar;C:\Users\berdinas\.m2\repository\org\asynchttpclient\async-http-client\2.10.4\async-http-client-2.10.4.jar;C:\Users\berdinas\.m2\repository\org\asynchttpclient\async-http-client-netty-utils\2.10.4\async-http-client-netty-utils-2.10.4.jar;C:\Users\berdinas\.m2\repository\io\netty\netty-codec-http\4.1.42.Final\netty-codec-http-4.1.42.Final.jar;C:\Users\berdinas\.m2\repository\io\netty\netty-codec-socks\4.1.42.Final\netty-codec-socks-4.1.42.Final.jar;C:\Users\berdinas\.m2\repository\io\netty\netty-handler-proxy\4.1.42.Final\netty-handler-proxy-4.1.42.Final.jar;C:\Users\berdinas\.m2\repository\io\netty\netty-transport-native-epoll\4.1.42.Final\netty-transport-native-epoll-4.1.42.Final-linux-x86_64.jar;C:\Users\berdinas\.m2\repository\io\netty\netty-transport-native-unix-common\4.1.42.Final\netty-transport-native-unix-common-4.1.42.Final.jar;C:\Users\berdinas\.m2\repository\io\netty\netty-transport-native-kqueue\4.1.42.Final\netty-transport-native-kqueue-4.1.42.Final-osx-x86_64.jar;C:\Users\berdinas\.m2\repository\io\netty\netty-resolver-dns\4.1.42.Final\netty-resolver-dns-4.1.42.Final.jar;C:\Users\berdinas\.m2\repository\io\netty\netty-resolver\4.1.42.Final\netty-resolver-4.1.42.Final.jar;C:\Users\berdinas\.m2\repository\io\netty\netty-codec-dns\4.1.42.Final\netty-codec-dns-4.1.42.Final.jar;C:\Users\berdinas\.m2\repository\org\slf4j\slf4j-api\1.7.26\slf4j-api-1.7.26.jar;C:\Users\berdinas\.m2\repository\com\sun\activation\javax.activation\1.2.0\javax.activation-1.2.0.jar;C:\Users\berdinas\.m2\repository\org\seleniumhq\selenium\selenium-safari-driver\4.0.0-alpha-4\selenium-safari-driver-4.0.0-alpha-4.jar;C:\Users\berdinas\.m2\repository\org\seleniumhq\selenium\selenium-support\4.0.0-alpha-4\selenium-support-4.0.0-alpha-4.jar;C:\Users\berdinas\.m2\repository\io\cucumber\cucumber-java\5.7.0\cucumber-java-5.7.0.jar;C:\Users\berdinas\.m2\repository\io\cucumber\cucumber-core\5.7.0\cucumber-core-5.7.0.jar;C:\Users\berdinas\.m2\repository\io\cucumber\cucumber-gherkin\5.7.0\cucumber-gherkin-5.7.0.jar;C:\Users\berdinas\.m2\repository\io\cucumber\cucumber-gherkin-vintage\5.7.0\cucumber-gherkin-vintage-5.7.0.jar;C:\Users\berdinas\.m2\repository\io\cucumber\tag-expressions\2.0.4\tag-expressions-2.0.4.jar;C:\Users\berdinas\.m2\repository\io\cucumber\cucumber-expressions\8.3.1\cucumber-expressions-8.3.1.jar;C:\Users\berdinas\.m2\repository\io\cucumber\datatable\3.3.1\datatable-3.3.1.jar;C:\Users\berdinas\.m2\repository\io\cucumber\cucumber-plugin\5.7.0\cucumber-plugin-5.7.0.jar;C:\Users\berdinas\.m2\repository\io\cucumber\docstring\5.7.0\docstring-5.7.0.jar;C:\Users\berdinas\.m2\repository\org\apiguardian\apiguardian-api\1.1.0\apiguardian-api-1.1.0.jar;C:\Users\berdinas\.m2\repository\io\cucumber\cucumber-testng\5.7.0\cucumber-testng-5.7.0.jar;C:\Users\berdinas\.m2\repository\org\testng\testng\7.1.0\testng-7.1.0.jar;C:\Users\berdinas\.m2\repository\com\beust\jcommander\1.72\jcommander-1.72.jar;C:\Users\berdinas\.m2\repository\com\google\inject\guice\4.1.0\guice-4.1.0-no_aop.jar;C:\Users\berdinas\.m2\repository\javax\inject\javax.inject\1\javax.inject-1.jar;C:\Users\berdinas\.m2\repository\aopalliance\aopalliance\1.0\aopalliance-1.0.jar;C:\Users\berdinas\.m2\repository\org\yaml\snakeyaml\1.21\snakeyaml-1.21.jar;C:\Users\berdinas\.m2\repository\org\projectlombok\lombok\1.18.12\lombok-1.18.12.jar;C:\Users\berdinas\.m2\repository\io\cucumber\cucumber-spring\5.7.0\cucumber-spring-5.7.0.jar;C:\Users\berdinas\.m2\repository\org\springframework\spring-context\5.2.6.RELEASE\spring-context-5.2.6.RELEASE.jar;C:\Users\berdinas\.m2\repository\org\springframework\spring-aop\5.2.6.RELEASE\spring-aop-5.2.6.RELEASE.jar;C:\Users\berdinas\.m2\repository\org\springframework\spring-beans\5.2.6.RELEASE\spring-beans-5.2.6.RELEASE.jar;C:\Users\berdinas\.m2\repository\org\springframework\spring-core\5.2.6.RELEASE\spring-core-5.2.6.RELEASE.jar;C:\Users\berdinas\.m2\repository\org\springframework\spring-jcl\5.2.6.RELEASE\spring-jcl-5.2.6.RELEASE.jar;C:\Users\berdinas\.m2\repository\org\springframework\spring-expression\5.2.6.RELEASE\spring-expression-5.2.6.RELEASE.jar;C:\Users\berdinas\.m2\repository\org\springframework\spring-test\5.2.6.RELEASE\spring-test-5.2.6.RELEASE.jar;C:\Users\berdinas\.m2\repository\de\monochromata\cucumber\reporting-plugin\4.0.56\reporting-plugin-4.0.56.jar;C:\Users\berdinas\.m2\repository\io\cucumber\gherkin\13.0.0\gherkin-13.0.0.jar;C:\Users\berdinas\.m2\repository\io\cucumber\messages\12.0.0\messages-12.0.0.jar;C:\Users\berdinas\.m2\repository\net\masterthought\cucumber-reporting\5.3.0\cucumber-reporting-5.3.0.jar;C:\Users\berdinas\.m2\repository\com\fasterxml\jackson\core\jackson-databind\2.10.1\jackson-databind-2.10.1.jar;C:\Users\berdinas\.m2\repository\com\fasterxml\jackson\core\jackson-annotations\2.10.1\jackson-annotations-2.10.1.jar;C:\Users\berdinas\.m2\repository\com\fasterxml\jackson\core\jackson-core\2.10.1\jackson-core-2.10.1.jar;C:\Users\berdinas\.m2\repository\com\fasterxml\jackson\datatype\jackson-datatype-jsr310\2.10.1\jackson-datatype-jsr310-2.10.1.jar;C:\Users\berdinas\.m2\repository\org\apache\velocity\velocity-engine-core\2.1\velocity-engine-core-2.1.jar;C:\Users\berdinas\.m2\repository\commons-collections\commons-collections\3.2.2\commons-collections-3.2.2.jar;C:\Users\berdinas\.m2\repository\joda-time\joda-time\2.10.5\joda-time-2.10.5.jar;C:\Users\berdinas\.m2\repository\org\apache\commons\commons-lang3\3.9\commons-lang3-3.9.jar;C:\Users\berdinas\.m2\repository\commons-io\commons-io\2.6\commons-io-2.6.jar;C:\Users\berdinas\.m2\repository\org\codehaus\plexus\plexus-utils\3.3.0\plexus-utils-3.3.0.jar;C:\Users\berdinas\.m2\repository\org\jsoup\jsoup\1.12.1\jsoup-1.12.1.jar;C:\Users\berdinas\.m2\repository\com\googlecode\owasp-java-html-sanitizer\owasp-java-html-sanitizer\20191001.1\owasp-java-html-sanitizer-20191001.1.jar;C:\Users\berdinas\.m2\repository\commons-configuration\commons-configuration\1.10\commons-configuration-1.10.jar;C:\Users\berdinas\.m2\repository\commons-lang\commons-lang\2.6\commons-lang-2.6.jar;C:\Users\berdinas\.m2\repository\commons-logging\commons-logging\1.1.1\commons-logging-1.1.1.jar;"/>
    <property name="sun.cpu.endian" value="little"/>
    <property name="user.home" value="C:\Users\berdinas"/>
    <property name="user.language" value="es"/>
    <property name="java.specification.vendor" value="Oracle Corporation"/>
    <property name="java.home" value="C:\Program Files\Java\jdk1.8.0_251\jre"/>
    <property name="basedir" value="C:\Users\berdinas\IdeaProjects\delta_regresion_v1\delta_atributos_v2"/>
    <property name="file.separator" value="\"/>
    <property name="line.separator" value="&#10;"/>
    <property name="java.vm.specification.vendor" value="Oracle Corporation"/>
    <property name="java.specification.name" value="Java Platform API Specification"/>
    <property name="java.awt.graphicsenv" value="sun.awt.Win32GraphicsEnvironment"/>
    <property name="surefire.real.class.path" value="C:\Users\berdinas\AppData\Local\Temp\surefire8620447175310743716\surefirebooter2587044813579035400.jar"/>
    <property name="sun.boot.class.path" value="C:\Program Files\Java\jdk1.8.0_251\jre\lib\resources.jar;C:\Program Files\Java\jdk1.8.0_251\jre\lib\rt.jar;C:\Program Files\Java\jdk1.8.0_251\jre\lib\sunrsasign.jar;C:\Program Files\Java\jdk1.8.0_251\jre\lib\jsse.jar;C:\Program Files\Java\jdk1.8.0_251\jre\lib\jce.jar;C:\Program Files\Java\jdk1.8.0_251\jre\lib\charsets.jar;C:\Program Files\Java\jdk1.8.0_251\jre\lib\jfr.jar;C:\Program Files\Java\jdk1.8.0_251\jre\classes"/>
    <property name="user.script" value=""/>
    <property name="sun.management.compiler" value="HotSpot 64-Bit Tiered Compilers"/>
    <property name="java.runtime.version" value="1.8.0_251-b08"/>
    <property name="user.name" value="berdinas"/>
    <property name="path.separator" value=";"/>
    <property name="os.version" value="10.0"/>
    <property name="java.endorsed.dirs" value="C:\Program Files\Java\jdk1.8.0_251\jre\lib\endorsed"/>
    <property name="java.runtime.name" value="Java(TM) SE Runtime Environment"/>
    <property name="file.encoding" value="Cp1252"/>
    <property name="java.vm.name" value="Java HotSpot(TM) 64-Bit Server VM"/>
    <property name="localRepository" value="C:\Users\berdinas\.m2\repository"/>
    <property name="java.vendor.url.bug" value="http://bugreport.sun.com/bugreport/"/>
    <property name="java.io.tmpdir" value="C:\Users\berdinas\AppData\Local\Temp\"/>
    <property name="java.version" value="1.8.0_251"/>
    <property name="user.dir" value="C:\Users\berdinas\IdeaProjects\delta_regresion_v1\delta_atributos_v2"/>
    <property name="os.arch" value="amd64"/>
    <property name="java.vm.specification.name" value="Java Virtual Machine Specification"/>
    <property name="java.awt.printerjob" value="sun.awt.windows.WPrinterJob"/>
    <property name="sun.os.patch.level" value=""/>
    <property name="java.library.path" value="C:\Program Files\Java\jdk1.8.0_251\jre\bin;C:\Windows\Sun\Java\bin;C:\Windows\system32;C:\Windows;C:\Program Files (x86)\Common Files\Oracle\Java\javapath;C:\Windows\system32;C:\Windows;C:\Windows\System32\Wbem;C:\Windows\System32\WindowsPowerShell\v1.0\;C:\Windows\System32\OpenSSH\;C:\Program Files (x86)\IBM\Client Access\Emulator;C:\Program Files (x86)\IBM\Client Access\Shared;C:\Program Files (x86)\IBM\Client Access\;C:\Program Files (x86)\Sennheiser\SoftphoneSDK\;C:\Program Files\nodejs\;C:\Program Files\Java\jdk1.8.0_251\bin;C:\maven\apache-maven-3.6.3\bin;C:\Program Files\Git\cmd;C:\Program Files\Docker\Docker\resources\bin;C:\ProgramData\DockerDesktop\version-bin;C:\ProgramData\chocolatey\bin;C:\Users\berdinas\AppData\Local\Microsoft\WindowsApps;;C:\Users\berdinas\AppData\Local\Programs\Microsoft VS Code\bin;C:\Users\berdinas\AppData\Roaming\npm;C:\Program Files\JetBrains\IntelliJ IDEA Community Edition 2020.1\bin;;."/>
    <property name="java.vm.info" value="mixed mode"/>
    <property name="java.vendor" value="Oracle Corporation"/>
    <property name="java.vm.version" value="25.251-b08"/>
    <property name="java.ext.dirs" value="C:\Program Files\Java\jdk1.8.0_251\jre\lib\ext;C:\Windows\Sun\Java\lib\ext"/>
    <property name="sun.io.unicode.encoding" value="UnicodeLittle"/>
    <property name="java.class.version" value="52.0"/>
  </properties>
  <testcase name="runScenario" classname="CucumberTests" time="7.015">
    <failure message="Failed to load ApplicationContext" type="java.lang.IllegalStateException">java.lang.IllegalStateException: Failed to load ApplicationContext
Caused by: org.springframework.beans.factory.UnsatisfiedDependencyException: 
Error creating bean with name 'crearAtributoPage' defined in file [C:\Users\berdinas\IdeaProjects\delta_regresion_v1\delta_atributos_v2\target\test-classes\qa\pageobjects\CrearAtributoPage.class]: Unsatisfied dependency expressed through constructor parameter 0; nested exception is org.springframework.beans.factory.BeanCreationException: Error creating bean with name 'webDriver' defined in qa.conf.DriverConfig: Bean instantiation via factory method failed; nested exception is org.springframework.beans.BeanInstantiationException: Failed to instantiate [org.openqa.selenium.WebDriver]: Factory method 'webDriver' threw exception; nested exception is org.openqa.selenium.WebDriverException: unknown error: cannot find Chrome binary
Build info: version: '4.0.0-alpha-4', revision: 'c2d955b49e'
System info: host: 'MDZN0094', ip: '10.251.253.16', os.name: 'Windows 10', os.arch: 'amd64', os.version: '10.0', java.version: '1.8.0_251'
Driver info: driver.version: ChromeDriver
remote stacktrace: Backtrace:
	Ordinal0 [0x00579563+2725219]
	Ordinal0 [0x00478551+1672529]
	Ordinal0 [0x00360359+525145]
	Ordinal0 [0x002ECA64+51812]
	Ordinal0 [0x0030CC37+183351]
	Ordinal0 [0x0030CA3D+182845]
	Ordinal0 [0x0030A94B+174411]
	Ordinal0 [0x002F2528+75048]
	Ordinal0 [0x002F35A0+79264]
	Ordinal0 [0x002F3539+79161]
	Ordinal0 [0x0048D607+1758727]
	GetHandleVerifier [0x00696546+1050150]
	GetHandleVerifier [0x00696291+1049457]
	GetHandleVerifier [0x006A10D7+1094071]
	GetHandleVerifier [0x00696B46+1051686]
	Ordinal0 [0x00485B06+1727238]
	Ordinal0 [0x0048EB7B+1764219]
	Ordinal0 [0x0048ECE3+1764579]
	Ordinal0 [0x004A4C05+1854469]
	BaseThreadInitThunk [0x76006359+25]
	RtlGetAppContainerNamedObjectPath [0x777C7B74+228]
	RtlGetAppContainerNamedObjectPath [0x777C7B44+180]

Caused by: org.springframework.beans.factory.BeanCreationException: 
Error creating bean with name 'webDriver' defined in qa.conf.DriverConfig: Bean instantiation via factory method failed; nested exception is org.springframework.beans.BeanInstantiationException: Failed to instantiate [org.openqa.selenium.WebDriver]: Factory method 'webDriver' threw exception; nested exception is org.openqa.selenium.WebDriverException: unknown error: cannot find Chrome binary
Build info: version: '4.0.0-alpha-4', revision: 'c2d955b49e'
System info: host: 'MDZN0094', ip: '10.251.253.16', os.name: 'Windows 10', os.arch: 'amd64', os.version: '10.0', java.version: '1.8.0_251'
Driver info: driver.version: ChromeDriver
remote stacktrace: Backtrace:
	Ordinal0 [0x00579563+2725219]
	Ordinal0 [0x00478551+1672529]
	Ordinal0 [0x00360359+525145]
	Ordinal0 [0x002ECA64+51812]
	Ordinal0 [0x0030CC37+183351]
	Ordinal0 [0x0030CA3D+182845]
	Ordinal0 [0x0030A94B+174411]
	Ordinal0 [0x002F2528+75048]
	Ordinal0 [0x002F35A0+79264]
	Ordinal0 [0x002F3539+79161]
	Ordinal0 [0x0048D607+1758727]
	GetHandleVerifier [0x00696546+1050150]
	GetHandleVerifier [0x00696291+1049457]
	GetHandleVerifier [0x006A10D7+1094071]
	GetHandleVerifier [0x00696B46+1051686]
	Ordinal0 [0x00485B06+1727238]
	Ordinal0 [0x0048EB7B+1764219]
	Ordinal0 [0x0048ECE3+1764579]
	Ordinal0 [0x004A4C05+1854469]
	BaseThreadInitThunk [0x76006359+25]
	RtlGetAppContainerNamedObjectPath [0x777C7B74+228]
	RtlGetAppContainerNamedObjectPath [0x777C7B44+180]

Caused by: org.springframework.beans.BeanInstantiationException: 
Failed to instantiate [org.openqa.selenium.WebDriver]: Factory method 'webDriver' threw exception; nested exception is org.openqa.selenium.WebDriverException: unknown error: cannot find Chrome binary
Build info: version: '4.0.0-alpha-4', revision: 'c2d955b49e'
System info: host: 'MDZN0094', ip: '10.251.253.16', os.name: 'Windows 10', os.arch: 'amd64', os.version: '10.0', java.version: '1.8.0_251'
Driver info: driver.version: ChromeDriver
remote stacktrace: Backtrace:
	Ordinal0 [0x00579563+2725219]
	Ordinal0 [0x00478551+1672529]
	Ordinal0 [0x00360359+525145]
	Ordinal0 [0x002ECA64+51812]
	Ordinal0 [0x0030CC37+183351]
	Ordinal0 [0x0030CA3D+182845]
	Ordinal0 [0x0030A94B+174411]
	Ordinal0 [0x002F2528+75048]
	Ordinal0 [0x002F35A0+79264]
	Ordinal0 [0x002F3539+79161]
	Ordinal0 [0x0048D607+1758727]
	GetHandleVerifier [0x00696546+1050150]
	GetHandleVerifier [0x00696291+1049457]
	GetHandleVerifier [0x006A10D7+1094071]
	GetHandleVerifier [0x00696B46+1051686]
	Ordinal0 [0x00485B06+1727238]
	Ordinal0 [0x0048EB7B+1764219]
	Ordinal0 [0x0048ECE3+1764579]
	Ordinal0 [0x004A4C05+1854469]
	BaseThreadInitThunk [0x76006359+25]
	RtlGetAppContainerNamedObjectPath [0x777C7B74+228]
	RtlGetAppContainerNamedObjectPath [0x777C7B44+180]

Caused by: org.openqa.selenium.WebDriverException: 
unknown error: cannot find Chrome binary
Build info: version: '4.0.0-alpha-4', revision: 'c2d955b49e'
System info: host: 'MDZN0094', ip: '10.251.253.16', os.name: 'Windows 10', os.arch: 'amd64', os.version: '10.0', java.version: '1.8.0_251'
Driver info: driver.version: ChromeDriver
remote stacktrace: Backtrace:
	Ordinal0 [0x00579563+2725219]
	Ordinal0 [0x00478551+1672529]
	Ordinal0 [0x00360359+525145]
	Ordinal0 [0x002ECA64+51812]
	Ordinal0 [0x0030CC37+183351]
	Ordinal0 [0x0030CA3D+182845]
	Ordinal0 [0x0030A94B+174411]
	Ordinal0 [0x002F2528+75048]
	Ordinal0 [0x002F35A0+79264]
	Ordinal0 [0x002F3539+79161]
	Ordinal0 [0x0048D607+1758727]
	GetHandleVerifier [0x00696546+1050150]
	GetHandleVerifier [0x00696291+1049457]
	GetHandleVerifier [0x006A10D7+1094071]
	GetHandleVerifier [0x00696B46+1051686]
	Ordinal0 [0x00485B06+1727238]
	Ordinal0 [0x0048EB7B+1764219]
	Ordinal0 [0x0048ECE3+1764579]
	Ordinal0 [0x004A4C05+1854469]
	BaseThreadInitThunk [0x76006359+25]
	RtlGetAppContainerNamedObjectPath [0x777C7B74+228]
	RtlGetAppContainerNamedObjectPath [0x777C7B44+180]

</failure>
    <system-err><![CDATA[sep 02, 2020 7:38:28 PM io.cucumber.testng.TestNGCucumberRunner <init>
ADVERTENCIA: By default Cucumber is running in --non-strict mode.
This default will change to --strict and --non-strict will be removed.
You can use --strict or @CucumberOptions(strict = true) to suppress this warning
SLF4J: Failed to load class "org.slf4j.impl.StaticLoggerBinder".
SLF4J: Defaulting to no-operation (NOP) logger implementation
SLF4J: See http://www.slf4j.org/codes.html#StaticLoggerBinder for further details.
Starting ChromeDriver 83.0.4103.39 (ccbf011cb2d2b19b506d844400483861342c20cd-refs/branch-heads/4103@{#416}) on port 41264
Only local connections are allowed.
Please see https://chromedriver.chromium.org/security-considerations for suggestions on keeping ChromeDriver safe.
ChromeDriver was started successfully.
]]></system-err>
  </testcase>
  <testcase name="runScenario" classname="CucumberTests" time="0.882">
    <failure message="Failed to load ApplicationContext" type="java.lang.IllegalStateException">java.lang.IllegalStateException: Failed to load ApplicationContext
Caused by: org.springframework.beans.factory.UnsatisfiedDependencyException: 
Error creating bean with name 'crearAtributoPage' defined in file [C:\Users\berdinas\IdeaProjects\delta_regresion_v1\delta_atributos_v2\target\test-classes\qa\pageobjects\CrearAtributoPage.class]: Unsatisfied dependency expressed through constructor parameter 0; nested exception is org.springframework.beans.factory.BeanCreationException: Error creating bean with name 'webDriver' defined in qa.conf.DriverConfig: Bean instantiation via factory method failed; nested exception is org.springframework.beans.BeanInstantiationException: Failed to instantiate [org.openqa.selenium.WebDriver]: Factory method 'webDriver' threw exception; nested exception is org.openqa.selenium.WebDriverException: unknown error: cannot find Chrome binary
Build info: version: '4.0.0-alpha-4', revision: 'c2d955b49e'
System info: host: 'MDZN0094', ip: '10.251.253.16', os.name: 'Windows 10', os.arch: 'amd64', os.version: '10.0', java.version: '1.8.0_251'
Driver info: driver.version: ChromeDriver
remote stacktrace: Backtrace:
	Ordinal0 [0x00579563+2725219]
	Ordinal0 [0x00478551+1672529]
	Ordinal0 [0x00360359+525145]
	Ordinal0 [0x002ECA64+51812]
	Ordinal0 [0x0030CC37+183351]
	Ordinal0 [0x0030CA3D+182845]
	Ordinal0 [0x0030A94B+174411]
	Ordinal0 [0x002F2528+75048]
	Ordinal0 [0x002F35A0+79264]
	Ordinal0 [0x002F3539+79161]
	Ordinal0 [0x0048D607+1758727]
	GetHandleVerifier [0x00696546+1050150]
	GetHandleVerifier [0x00696291+1049457]
	GetHandleVerifier [0x006A10D7+1094071]
	GetHandleVerifier [0x00696B46+1051686]
	Ordinal0 [0x00485B06+1727238]
	Ordinal0 [0x0048EB7B+1764219]
	Ordinal0 [0x0048ECE3+1764579]
	Ordinal0 [0x004A4C05+1854469]
	BaseThreadInitThunk [0x76006359+25]
	RtlGetAppContainerNamedObjectPath [0x777C7B74+228]
	RtlGetAppContainerNamedObjectPath [0x777C7B44+180]

Caused by: org.springframework.beans.factory.BeanCreationException: 
Error creating bean with name 'webDriver' defined in qa.conf.DriverConfig: Bean instantiation via factory method failed; nested exception is org.springframework.beans.BeanInstantiationException: Failed to instantiate [org.openqa.selenium.WebDriver]: Factory method 'webDriver' threw exception; nested exception is org.openqa.selenium.WebDriverException: unknown error: cannot find Chrome binary
Build info: version: '4.0.0-alpha-4', revision: 'c2d955b49e'
System info: host: 'MDZN0094', ip: '10.251.253.16', os.name: 'Windows 10', os.arch: 'amd64', os.version: '10.0', java.version: '1.8.0_251'
Driver info: driver.version: ChromeDriver
remote stacktrace: Backtrace:
	Ordinal0 [0x00579563+2725219]
	Ordinal0 [0x00478551+1672529]
	Ordinal0 [0x00360359+525145]
	Ordinal0 [0x002ECA64+51812]
	Ordinal0 [0x0030CC37+183351]
	Ordinal0 [0x0030CA3D+182845]
	Ordinal0 [0x0030A94B+174411]
	Ordinal0 [0x002F2528+75048]
	Ordinal0 [0x002F35A0+79264]
	Ordinal0 [0x002F3539+79161]
	Ordinal0 [0x0048D607+1758727]
	GetHandleVerifier [0x00696546+1050150]
	GetHandleVerifier [0x00696291+1049457]
	GetHandleVerifier [0x006A10D7+1094071]
	GetHandleVerifier [0x00696B46+1051686]
	Ordinal0 [0x00485B06+1727238]
	Ordinal0 [0x0048EB7B+1764219]
	Ordinal0 [0x0048ECE3+1764579]
	Ordinal0 [0x004A4C05+1854469]
	BaseThreadInitThunk [0x76006359+25]
	RtlGetAppContainerNamedObjectPath [0x777C7B74+228]
	RtlGetAppContainerNamedObjectPath [0x777C7B44+180]

Caused by: org.springframework.beans.BeanInstantiationException: 
Failed to instantiate [org.openqa.selenium.WebDriver]: Factory method 'webDriver' threw exception; nested exception is org.openqa.selenium.WebDriverException: unknown error: cannot find Chrome binary
Build info: version: '4.0.0-alpha-4', revision: 'c2d955b49e'
System info: host: 'MDZN0094', ip: '10.251.253.16', os.name: 'Windows 10', os.arch: 'amd64', os.version: '10.0', java.version: '1.8.0_251'
Driver info: driver.version: ChromeDriver
remote stacktrace: Backtrace:
	Ordinal0 [0x00579563+2725219]
	Ordinal0 [0x00478551+1672529]
	Ordinal0 [0x00360359+525145]
	Ordinal0 [0x002ECA64+51812]
	Ordinal0 [0x0030CC37+183351]
	Ordinal0 [0x0030CA3D+182845]
	Ordinal0 [0x0030A94B+174411]
	Ordinal0 [0x002F2528+75048]
	Ordinal0 [0x002F35A0+79264]
	Ordinal0 [0x002F3539+79161]
	Ordinal0 [0x0048D607+1758727]
	GetHandleVerifier [0x00696546+1050150]
	GetHandleVerifier [0x00696291+1049457]
	GetHandleVerifier [0x006A10D7+1094071]
	GetHandleVerifier [0x00696B46+1051686]
	Ordinal0 [0x00485B06+1727238]
	Ordinal0 [0x0048EB7B+1764219]
	Ordinal0 [0x0048ECE3+1764579]
	Ordinal0 [0x004A4C05+1854469]
	BaseThreadInitThunk [0x76006359+25]
	RtlGetAppContainerNamedObjectPath [0x777C7B74+228]
	RtlGetAppContainerNamedObjectPath [0x777C7B44+180]

Caused by: org.openqa.selenium.WebDriverException: 
unknown error: cannot find Chrome binary
Build info: version: '4.0.0-alpha-4', revision: 'c2d955b49e'
System info: host: 'MDZN0094', ip: '10.251.253.16', os.name: 'Windows 10', os.arch: 'amd64', os.version: '10.0', java.version: '1.8.0_251'
Driver info: driver.version: ChromeDriver
remote stacktrace: Backtrace:
	Ordinal0 [0x00579563+2725219]
	Ordinal0 [0x00478551+1672529]
	Ordinal0 [0x00360359+525145]
	Ordinal0 [0x002ECA64+51812]
	Ordinal0 [0x0030CC37+183351]
	Ordinal0 [0x0030CA3D+182845]
	Ordinal0 [0x0030A94B+174411]
	Ordinal0 [0x002F2528+75048]
	Ordinal0 [0x002F35A0+79264]
	Ordinal0 [0x002F3539+79161]
	Ordinal0 [0x0048D607+1758727]
	GetHandleVerifier [0x00696546+1050150]
	GetHandleVerifier [0x00696291+1049457]
	GetHandleVerifier [0x006A10D7+1094071]
	GetHandleVerifier [0x00696B46+1051686]
	Ordinal0 [0x00485B06+1727238]
	Ordinal0 [0x0048EB7B+1764219]
	Ordinal0 [0x0048ECE3+1764579]
	Ordinal0 [0x004A4C05+1854469]
	BaseThreadInitThunk [0x76006359+25]
	RtlGetAppContainerNamedObjectPath [0x777C7B74+228]
	RtlGetAppContainerNamedObjectPath [0x777C7B44+180]

</failure>
    <system-err><![CDATA[Starting ChromeDriver 83.0.4103.39 (ccbf011cb2d2b19b506d844400483861342c20cd-refs/branch-heads/4103@{#416}) on port 45172
Only local connections are allowed.
Please see https://chromedriver.chromium.org/security-considerations for suggestions on keeping ChromeDriver safe.
ChromeDriver was started successfully.
]]></system-err>
  </testcase>
  <testcase name="runScenario" classname="CucumberTests" time="0.837">
    <failure message="Failed to load ApplicationContext" type="java.lang.IllegalStateException">java.lang.IllegalStateException: Failed to load ApplicationContext
Caused by: org.springframework.beans.factory.UnsatisfiedDependencyException: 
Error creating bean with name 'crearAtributoPage' defined in file [C:\Users\berdinas\IdeaProjects\delta_regresion_v1\delta_atributos_v2\target\test-classes\qa\pageobjects\CrearAtributoPage.class]: Unsatisfied dependency expressed through constructor parameter 0; nested exception is org.springframework.beans.factory.BeanCreationException: Error creating bean with name 'webDriver' defined in qa.conf.DriverConfig: Bean instantiation via factory method failed; nested exception is org.springframework.beans.BeanInstantiationException: Failed to instantiate [org.openqa.selenium.WebDriver]: Factory method 'webDriver' threw exception; nested exception is org.openqa.selenium.WebDriverException: unknown error: cannot find Chrome binary
Build info: version: '4.0.0-alpha-4', revision: 'c2d955b49e'
System info: host: 'MDZN0094', ip: '10.251.253.16', os.name: 'Windows 10', os.arch: 'amd64', os.version: '10.0', java.version: '1.8.0_251'
Driver info: driver.version: ChromeDriver
remote stacktrace: Backtrace:
	Ordinal0 [0x00579563+2725219]
	Ordinal0 [0x00478551+1672529]
	Ordinal0 [0x00360359+525145]
	Ordinal0 [0x002ECA64+51812]
	Ordinal0 [0x0030CC37+183351]
	Ordinal0 [0x0030CA3D+182845]
	Ordinal0 [0x0030A94B+174411]
	Ordinal0 [0x002F2528+75048]
	Ordinal0 [0x002F35A0+79264]
	Ordinal0 [0x002F3539+79161]
	Ordinal0 [0x0048D607+1758727]
	GetHandleVerifier [0x00696546+1050150]
	GetHandleVerifier [0x00696291+1049457]
	GetHandleVerifier [0x006A10D7+1094071]
	GetHandleVerifier [0x00696B46+1051686]
	Ordinal0 [0x00485B06+1727238]
	Ordinal0 [0x0048EB7B+1764219]
	Ordinal0 [0x0048ECE3+1764579]
	Ordinal0 [0x004A4C05+1854469]
	BaseThreadInitThunk [0x76006359+25]
	RtlGetAppContainerNamedObjectPath [0x777C7B74+228]
	RtlGetAppContainerNamedObjectPath [0x777C7B44+180]

Caused by: org.springframework.beans.factory.BeanCreationException: 
Error creating bean with name 'webDriver' defined in qa.conf.DriverConfig: Bean instantiation via factory method failed; nested exception is org.springframework.beans.BeanInstantiationException: Failed to instantiate [org.openqa.selenium.WebDriver]: Factory method 'webDriver' threw exception; nested exception is org.openqa.selenium.WebDriverException: unknown error: cannot find Chrome binary
Build info: version: '4.0.0-alpha-4', revision: 'c2d955b49e'
System info: host: 'MDZN0094', ip: '10.251.253.16', os.name: 'Windows 10', os.arch: 'amd64', os.version: '10.0', java.version: '1.8.0_251'
Driver info: driver.version: ChromeDriver
remote stacktrace: Backtrace:
	Ordinal0 [0x00579563+2725219]
	Ordinal0 [0x00478551+1672529]
	Ordinal0 [0x00360359+525145]
	Ordinal0 [0x002ECA64+51812]
	Ordinal0 [0x0030CC37+183351]
	Ordinal0 [0x0030CA3D+182845]
	Ordinal0 [0x0030A94B+174411]
	Ordinal0 [0x002F2528+75048]
	Ordinal0 [0x002F35A0+79264]
	Ordinal0 [0x002F3539+79161]
	Ordinal0 [0x0048D607+1758727]
	GetHandleVerifier [0x00696546+1050150]
	GetHandleVerifier [0x00696291+1049457]
	GetHandleVerifier [0x006A10D7+1094071]
	GetHandleVerifier [0x00696B46+1051686]
	Ordinal0 [0x00485B06+1727238]
	Ordinal0 [0x0048EB7B+1764219]
	Ordinal0 [0x0048ECE3+1764579]
	Ordinal0 [0x004A4C05+1854469]
	BaseThreadInitThunk [0x76006359+25]
	RtlGetAppContainerNamedObjectPath [0x777C7B74+228]
	RtlGetAppContainerNamedObjectPath [0x777C7B44+180]

Caused by: org.springframework.beans.BeanInstantiationException: 
Failed to instantiate [org.openqa.selenium.WebDriver]: Factory method 'webDriver' threw exception; nested exception is org.openqa.selenium.WebDriverException: unknown error: cannot find Chrome binary
Build info: version: '4.0.0-alpha-4', revision: 'c2d955b49e'
System info: host: 'MDZN0094', ip: '10.251.253.16', os.name: 'Windows 10', os.arch: 'amd64', os.version: '10.0', java.version: '1.8.0_251'
Driver info: driver.version: ChromeDriver
remote stacktrace: Backtrace:
	Ordinal0 [0x00579563+2725219]
	Ordinal0 [0x00478551+1672529]
	Ordinal0 [0x00360359+525145]
	Ordinal0 [0x002ECA64+51812]
	Ordinal0 [0x0030CC37+183351]
	Ordinal0 [0x0030CA3D+182845]
	Ordinal0 [0x0030A94B+174411]
	Ordinal0 [0x002F2528+75048]
	Ordinal0 [0x002F35A0+79264]
	Ordinal0 [0x002F3539+79161]
	Ordinal0 [0x0048D607+1758727]
	GetHandleVerifier [0x00696546+1050150]
	GetHandleVerifier [0x00696291+1049457]
	GetHandleVerifier [0x006A10D7+1094071]
	GetHandleVerifier [0x00696B46+1051686]
	Ordinal0 [0x00485B06+1727238]
	Ordinal0 [0x0048EB7B+1764219]
	Ordinal0 [0x0048ECE3+1764579]
	Ordinal0 [0x004A4C05+1854469]
	BaseThreadInitThunk [0x76006359+25]
	RtlGetAppContainerNamedObjectPath [0x777C7B74+228]
	RtlGetAppContainerNamedObjectPath [0x777C7B44+180]

Caused by: org.openqa.selenium.WebDriverException: 
unknown error: cannot find Chrome binary
Build info: version: '4.0.0-alpha-4', revision: 'c2d955b49e'
System info: host: 'MDZN0094', ip: '10.251.253.16', os.name: 'Windows 10', os.arch: 'amd64', os.version: '10.0', java.version: '1.8.0_251'
Driver info: driver.version: ChromeDriver
remote stacktrace: Backtrace:
	Ordinal0 [0x00579563+2725219]
	Ordinal0 [0x00478551+1672529]
	Ordinal0 [0x00360359+525145]
	Ordinal0 [0x002ECA64+51812]
	Ordinal0 [0x0030CC37+183351]
	Ordinal0 [0x0030CA3D+182845]
	Ordinal0 [0x0030A94B+174411]
	Ordinal0 [0x002F2528+75048]
	Ordinal0 [0x002F35A0+79264]
	Ordinal0 [0x002F3539+79161]
	Ordinal0 [0x0048D607+1758727]
	GetHandleVerifier [0x00696546+1050150]
	GetHandleVerifier [0x00696291+1049457]
	GetHandleVerifier [0x006A10D7+1094071]
	GetHandleVerifier [0x00696B46+1051686]
	Ordinal0 [0x00485B06+1727238]
	Ordinal0 [0x0048EB7B+1764219]
	Ordinal0 [0x0048ECE3+1764579]
	Ordinal0 [0x004A4C05+1854469]
	BaseThreadInitThunk [0x76006359+25]
	RtlGetAppContainerNamedObjectPath [0x777C7B74+228]
	RtlGetAppContainerNamedObjectPath [0x777C7B44+180]

</failure>
    <system-err><![CDATA[Starting ChromeDriver 83.0.4103.39 (ccbf011cb2d2b19b506d844400483861342c20cd-refs/branch-heads/4103@{#416}) on port 23297
Only local connections are allowed.
Please see https://chromedriver.chromium.org/security-considerations for suggestions on keeping ChromeDriver safe.
ChromeDriver was started successfully.
]]></system-err>
  </testcase>
  <testcase name="runScenario" classname="CucumberTests" time="0.802">
    <failure message="Failed to load ApplicationContext" type="java.lang.IllegalStateException">java.lang.IllegalStateException: Failed to load ApplicationContext
Caused by: org.springframework.beans.factory.UnsatisfiedDependencyException: 
Error creating bean with name 'crearAtributoPage' defined in file [C:\Users\berdinas\IdeaProjects\delta_regresion_v1\delta_atributos_v2\target\test-classes\qa\pageobjects\CrearAtributoPage.class]: Unsatisfied dependency expressed through constructor parameter 0; nested exception is org.springframework.beans.factory.BeanCreationException: Error creating bean with name 'webDriver' defined in qa.conf.DriverConfig: Bean instantiation via factory method failed; nested exception is org.springframework.beans.BeanInstantiationException: Failed to instantiate [org.openqa.selenium.WebDriver]: Factory method 'webDriver' threw exception; nested exception is org.openqa.selenium.WebDriverException: unknown error: cannot find Chrome binary
Build info: version: '4.0.0-alpha-4', revision: 'c2d955b49e'
System info: host: 'MDZN0094', ip: '10.251.253.16', os.name: 'Windows 10', os.arch: 'amd64', os.version: '10.0', java.version: '1.8.0_251'
Driver info: driver.version: ChromeDriver
remote stacktrace: Backtrace:
	Ordinal0 [0x00579563+2725219]
	Ordinal0 [0x00478551+1672529]
	Ordinal0 [0x00360359+525145]
	Ordinal0 [0x002ECA64+51812]
	Ordinal0 [0x0030CC37+183351]
	Ordinal0 [0x0030CA3D+182845]
	Ordinal0 [0x0030A94B+174411]
	Ordinal0 [0x002F2528+75048]
	Ordinal0 [0x002F35A0+79264]
	Ordinal0 [0x002F3539+79161]
	Ordinal0 [0x0048D607+1758727]
	GetHandleVerifier [0x00696546+1050150]
	GetHandleVerifier [0x00696291+1049457]
	GetHandleVerifier [0x006A10D7+1094071]
	GetHandleVerifier [0x00696B46+1051686]
	Ordinal0 [0x00485B06+1727238]
	Ordinal0 [0x0048EB7B+1764219]
	Ordinal0 [0x0048ECE3+1764579]
	Ordinal0 [0x004A4C05+1854469]
	BaseThreadInitThunk [0x76006359+25]
	RtlGetAppContainerNamedObjectPath [0x777C7B74+228]
	RtlGetAppContainerNamedObjectPath [0x777C7B44+180]

Caused by: org.springframework.beans.factory.BeanCreationException: 
Error creating bean with name 'webDriver' defined in qa.conf.DriverConfig: Bean instantiation via factory method failed; nested exception is org.springframework.beans.BeanInstantiationException: Failed to instantiate [org.openqa.selenium.WebDriver]: Factory method 'webDriver' threw exception; nested exception is org.openqa.selenium.WebDriverException: unknown error: cannot find Chrome binary
Build info: version: '4.0.0-alpha-4', revision: 'c2d955b49e'
System info: host: 'MDZN0094', ip: '10.251.253.16', os.name: 'Windows 10', os.arch: 'amd64', os.version: '10.0', java.version: '1.8.0_251'
Driver info: driver.version: ChromeDriver
remote stacktrace: Backtrace:
	Ordinal0 [0x00579563+2725219]
	Ordinal0 [0x00478551+1672529]
	Ordinal0 [0x00360359+525145]
	Ordinal0 [0x002ECA64+51812]
	Ordinal0 [0x0030CC37+183351]
	Ordinal0 [0x0030CA3D+182845]
	Ordinal0 [0x0030A94B+174411]
	Ordinal0 [0x002F2528+75048]
	Ordinal0 [0x002F35A0+79264]
	Ordinal0 [0x002F3539+79161]
	Ordinal0 [0x0048D607+1758727]
	GetHandleVerifier [0x00696546+1050150]
	GetHandleVerifier [0x00696291+1049457]
	GetHandleVerifier [0x006A10D7+1094071]
	GetHandleVerifier [0x00696B46+1051686]
	Ordinal0 [0x00485B06+1727238]
	Ordinal0 [0x0048EB7B+1764219]
	Ordinal0 [0x0048ECE3+1764579]
	Ordinal0 [0x004A4C05+1854469]
	BaseThreadInitThunk [0x76006359+25]
	RtlGetAppContainerNamedObjectPath [0x777C7B74+228]
	RtlGetAppContainerNamedObjectPath [0x777C7B44+180]

Caused by: org.springframework.beans.BeanInstantiationException: 
Failed to instantiate [org.openqa.selenium.WebDriver]: Factory method 'webDriver' threw exception; nested exception is org.openqa.selenium.WebDriverException: unknown error: cannot find Chrome binary
Build info: version: '4.0.0-alpha-4', revision: 'c2d955b49e'
System info: host: 'MDZN0094', ip: '10.251.253.16', os.name: 'Windows 10', os.arch: 'amd64', os.version: '10.0', java.version: '1.8.0_251'
Driver info: driver.version: ChromeDriver
remote stacktrace: Backtrace:
	Ordinal0 [0x00579563+2725219]
	Ordinal0 [0x00478551+1672529]
	Ordinal0 [0x00360359+525145]
	Ordinal0 [0x002ECA64+51812]
	Ordinal0 [0x0030CC37+183351]
	Ordinal0 [0x0030CA3D+182845]
	Ordinal0 [0x0030A94B+174411]
	Ordinal0 [0x002F2528+75048]
	Ordinal0 [0x002F35A0+79264]
	Ordinal0 [0x002F3539+79161]
	Ordinal0 [0x0048D607+1758727]
	GetHandleVerifier [0x00696546+1050150]
	GetHandleVerifier [0x00696291+1049457]
	GetHandleVerifier [0x006A10D7+1094071]
	GetHandleVerifier [0x00696B46+1051686]
	Ordinal0 [0x00485B06+1727238]
	Ordinal0 [0x0048EB7B+1764219]
	Ordinal0 [0x0048ECE3+1764579]
	Ordinal0 [0x004A4C05+1854469]
	BaseThreadInitThunk [0x76006359+25]
	RtlGetAppContainerNamedObjectPath [0x777C7B74+228]
	RtlGetAppContainerNamedObjectPath [0x777C7B44+180]

Caused by: org.openqa.selenium.WebDriverException: 
unknown error: cannot find Chrome binary
Build info: version: '4.0.0-alpha-4', revision: 'c2d955b49e'
System info: host: 'MDZN0094', ip: '10.251.253.16', os.name: 'Windows 10', os.arch: 'amd64', os.version: '10.0', java.version: '1.8.0_251'
Driver info: driver.version: ChromeDriver
remote stacktrace: Backtrace:
	Ordinal0 [0x00579563+2725219]
	Ordinal0 [0x00478551+1672529]
	Ordinal0 [0x00360359+525145]
	Ordinal0 [0x002ECA64+51812]
	Ordinal0 [0x0030CC37+183351]
	Ordinal0 [0x0030CA3D+182845]
	Ordinal0 [0x0030A94B+174411]
	Ordinal0 [0x002F2528+75048]
	Ordinal0 [0x002F35A0+79264]
	Ordinal0 [0x002F3539+79161]
	Ordinal0 [0x0048D607+1758727]
	GetHandleVerifier [0x00696546+1050150]
	GetHandleVerifier [0x00696291+1049457]
	GetHandleVerifier [0x006A10D7+1094071]
	GetHandleVerifier [0x00696B46+1051686]
	Ordinal0 [0x00485B06+1727238]
	Ordinal0 [0x0048EB7B+1764219]
	Ordinal0 [0x0048ECE3+1764579]
	Ordinal0 [0x004A4C05+1854469]
	BaseThreadInitThunk [0x76006359+25]
	RtlGetAppContainerNamedObjectPath [0x777C7B74+228]
	RtlGetAppContainerNamedObjectPath [0x777C7B44+180]

</failure>
    <system-err><![CDATA[Starting ChromeDriver 83.0.4103.39 (ccbf011cb2d2b19b506d844400483861342c20cd-refs/branch-heads/4103@{#416}) on port 42195
Only local connections are allowed.
Please see https://chromedriver.chromium.org/security-considerations for suggestions on keeping ChromeDriver safe.
ChromeDriver was started successfully.
]]></system-err>
  </testcase>
  <testcase name="runScenario" classname="CucumberTests" time="0.761">
    <failure message="Failed to load ApplicationContext" type="java.lang.IllegalStateException">java.lang.IllegalStateException: Failed to load ApplicationContext
Caused by: org.springframework.beans.factory.UnsatisfiedDependencyException: 
Error creating bean with name 'crearAtributoPage' defined in file [C:\Users\berdinas\IdeaProjects\delta_regresion_v1\delta_atributos_v2\target\test-classes\qa\pageobjects\CrearAtributoPage.class]: Unsatisfied dependency expressed through constructor parameter 0; nested exception is org.springframework.beans.factory.BeanCreationException: Error creating bean with name 'webDriver' defined in qa.conf.DriverConfig: Bean instantiation via factory method failed; nested exception is org.springframework.beans.BeanInstantiationException: Failed to instantiate [org.openqa.selenium.WebDriver]: Factory method 'webDriver' threw exception; nested exception is org.openqa.selenium.WebDriverException: unknown error: cannot find Chrome binary
Build info: version: '4.0.0-alpha-4', revision: 'c2d955b49e'
System info: host: 'MDZN0094', ip: '10.251.253.16', os.name: 'Windows 10', os.arch: 'amd64', os.version: '10.0', java.version: '1.8.0_251'
Driver info: driver.version: ChromeDriver
remote stacktrace: Backtrace:
	Ordinal0 [0x00579563+2725219]
	Ordinal0 [0x00478551+1672529]
	Ordinal0 [0x00360359+525145]
	Ordinal0 [0x002ECA64+51812]
	Ordinal0 [0x0030CC37+183351]
	Ordinal0 [0x0030CA3D+182845]
	Ordinal0 [0x0030A94B+174411]
	Ordinal0 [0x002F2528+75048]
	Ordinal0 [0x002F35A0+79264]
	Ordinal0 [0x002F3539+79161]
	Ordinal0 [0x0048D607+1758727]
	GetHandleVerifier [0x00696546+1050150]
	GetHandleVerifier [0x00696291+1049457]
	GetHandleVerifier [0x006A10D7+1094071]
	GetHandleVerifier [0x00696B46+1051686]
	Ordinal0 [0x00485B06+1727238]
	Ordinal0 [0x0048EB7B+1764219]
	Ordinal0 [0x0048ECE3+1764579]
	Ordinal0 [0x004A4C05+1854469]
	BaseThreadInitThunk [0x76006359+25]
	RtlGetAppContainerNamedObjectPath [0x777C7B74+228]
	RtlGetAppContainerNamedObjectPath [0x777C7B44+180]

Caused by: org.springframework.beans.factory.BeanCreationException: 
Error creating bean with name 'webDriver' defined in qa.conf.DriverConfig: Bean instantiation via factory method failed; nested exception is org.springframework.beans.BeanInstantiationException: Failed to instantiate [org.openqa.selenium.WebDriver]: Factory method 'webDriver' threw exception; nested exception is org.openqa.selenium.WebDriverException: unknown error: cannot find Chrome binary
Build info: version: '4.0.0-alpha-4', revision: 'c2d955b49e'
System info: host: 'MDZN0094', ip: '10.251.253.16', os.name: 'Windows 10', os.arch: 'amd64', os.version: '10.0', java.version: '1.8.0_251'
Driver info: driver.version: ChromeDriver
remote stacktrace: Backtrace:
	Ordinal0 [0x00579563+2725219]
	Ordinal0 [0x00478551+1672529]
	Ordinal0 [0x00360359+525145]
	Ordinal0 [0x002ECA64+51812]
	Ordinal0 [0x0030CC37+183351]
	Ordinal0 [0x0030CA3D+182845]
	Ordinal0 [0x0030A94B+174411]
	Ordinal0 [0x002F2528+75048]
	Ordinal0 [0x002F35A0+79264]
	Ordinal0 [0x002F3539+79161]
	Ordinal0 [0x0048D607+1758727]
	GetHandleVerifier [0x00696546+1050150]
	GetHandleVerifier [0x00696291+1049457]
	GetHandleVerifier [0x006A10D7+1094071]
	GetHandleVerifier [0x00696B46+1051686]
	Ordinal0 [0x00485B06+1727238]
	Ordinal0 [0x0048EB7B+1764219]
	Ordinal0 [0x0048ECE3+1764579]
	Ordinal0 [0x004A4C05+1854469]
	BaseThreadInitThunk [0x76006359+25]
	RtlGetAppContainerNamedObjectPath [0x777C7B74+228]
	RtlGetAppContainerNamedObjectPath [0x777C7B44+180]

Caused by: org.springframework.beans.BeanInstantiationException: 
Failed to instantiate [org.openqa.selenium.WebDriver]: Factory method 'webDriver' threw exception; nested exception is org.openqa.selenium.WebDriverException: unknown error: cannot find Chrome binary
Build info: version: '4.0.0-alpha-4', revision: 'c2d955b49e'
System info: host: 'MDZN0094', ip: '10.251.253.16', os.name: 'Windows 10', os.arch: 'amd64', os.version: '10.0', java.version: '1.8.0_251'
Driver info: driver.version: ChromeDriver
remote stacktrace: Backtrace:
	Ordinal0 [0x00579563+2725219]
	Ordinal0 [0x00478551+1672529]
	Ordinal0 [0x00360359+525145]
	Ordinal0 [0x002ECA64+51812]
	Ordinal0 [0x0030CC37+183351]
	Ordinal0 [0x0030CA3D+182845]
	Ordinal0 [0x0030A94B+174411]
	Ordinal0 [0x002F2528+75048]
	Ordinal0 [0x002F35A0+79264]
	Ordinal0 [0x002F3539+79161]
	Ordinal0 [0x0048D607+1758727]
	GetHandleVerifier [0x00696546+1050150]
	GetHandleVerifier [0x00696291+1049457]
	GetHandleVerifier [0x006A10D7+1094071]
	GetHandleVerifier [0x00696B46+1051686]
	Ordinal0 [0x00485B06+1727238]
	Ordinal0 [0x0048EB7B+1764219]
	Ordinal0 [0x0048ECE3+1764579]
	Ordinal0 [0x004A4C05+1854469]
	BaseThreadInitThunk [0x76006359+25]
	RtlGetAppContainerNamedObjectPath [0x777C7B74+228]
	RtlGetAppContainerNamedObjectPath [0x777C7B44+180]

Caused by: org.openqa.selenium.WebDriverException: 
unknown error: cannot find Chrome binary
Build info: version: '4.0.0-alpha-4', revision: 'c2d955b49e'
System info: host: 'MDZN0094', ip: '10.251.253.16', os.name: 'Windows 10', os.arch: 'amd64', os.version: '10.0', java.version: '1.8.0_251'
Driver info: driver.version: ChromeDriver
remote stacktrace: Backtrace:
	Ordinal0 [0x00579563+2725219]
	Ordinal0 [0x00478551+1672529]
	Ordinal0 [0x00360359+525145]
	Ordinal0 [0x002ECA64+51812]
	Ordinal0 [0x0030CC37+183351]
	Ordinal0 [0x0030CA3D+182845]
	Ordinal0 [0x0030A94B+174411]
	Ordinal0 [0x002F2528+75048]
	Ordinal0 [0x002F35A0+79264]
	Ordinal0 [0x002F3539+79161]
	Ordinal0 [0x0048D607+1758727]
	GetHandleVerifier [0x00696546+1050150]
	GetHandleVerifier [0x00696291+1049457]
	GetHandleVerifier [0x006A10D7+1094071]
	GetHandleVerifier [0x00696B46+1051686]
	Ordinal0 [0x00485B06+1727238]
	Ordinal0 [0x0048EB7B+1764219]
	Ordinal0 [0x0048ECE3+1764579]
	Ordinal0 [0x004A4C05+1854469]
	BaseThreadInitThunk [0x76006359+25]
	RtlGetAppContainerNamedObjectPath [0x777C7B74+228]
	RtlGetAppContainerNamedObjectPath [0x777C7B44+180]

</failure>
    <system-err><![CDATA[Starting ChromeDriver 83.0.4103.39 (ccbf011cb2d2b19b506d844400483861342c20cd-refs/branch-heads/4103@{#416}) on port 37328
Only local connections are allowed.
Please see https://chromedriver.chromium.org/security-considerations for suggestions on keeping ChromeDriver safe.
ChromeDriver was started successfully.
]]></system-err>
  </testcase>
  <testcase name="runScenario" classname="CucumberTests" time="0.752">
    <failure message="Failed to load ApplicationContext" type="java.lang.IllegalStateException">java.lang.IllegalStateException: Failed to load ApplicationContext
Caused by: org.springframework.beans.factory.UnsatisfiedDependencyException: 
Error creating bean with name 'crearAtributoPage' defined in file [C:\Users\berdinas\IdeaProjects\delta_regresion_v1\delta_atributos_v2\target\test-classes\qa\pageobjects\CrearAtributoPage.class]: Unsatisfied dependency expressed through constructor parameter 0; nested exception is org.springframework.beans.factory.BeanCreationException: Error creating bean with name 'webDriver' defined in qa.conf.DriverConfig: Bean instantiation via factory method failed; nested exception is org.springframework.beans.BeanInstantiationException: Failed to instantiate [org.openqa.selenium.WebDriver]: Factory method 'webDriver' threw exception; nested exception is org.openqa.selenium.WebDriverException: unknown error: cannot find Chrome binary
Build info: version: '4.0.0-alpha-4', revision: 'c2d955b49e'
System info: host: 'MDZN0094', ip: '10.251.253.16', os.name: 'Windows 10', os.arch: 'amd64', os.version: '10.0', java.version: '1.8.0_251'
Driver info: driver.version: ChromeDriver
remote stacktrace: Backtrace:
	Ordinal0 [0x00579563+2725219]
	Ordinal0 [0x00478551+1672529]
	Ordinal0 [0x00360359+525145]
	Ordinal0 [0x002ECA64+51812]
	Ordinal0 [0x0030CC37+183351]
	Ordinal0 [0x0030CA3D+182845]
	Ordinal0 [0x0030A94B+174411]
	Ordinal0 [0x002F2528+75048]
	Ordinal0 [0x002F35A0+79264]
	Ordinal0 [0x002F3539+79161]
	Ordinal0 [0x0048D607+1758727]
	GetHandleVerifier [0x00696546+1050150]
	GetHandleVerifier [0x00696291+1049457]
	GetHandleVerifier [0x006A10D7+1094071]
	GetHandleVerifier [0x00696B46+1051686]
	Ordinal0 [0x00485B06+1727238]
	Ordinal0 [0x0048EB7B+1764219]
	Ordinal0 [0x0048ECE3+1764579]
	Ordinal0 [0x004A4C05+1854469]
	BaseThreadInitThunk [0x76006359+25]
	RtlGetAppContainerNamedObjectPath [0x777C7B74+228]
	RtlGetAppContainerNamedObjectPath [0x777C7B44+180]

Caused by: org.springframework.beans.factory.BeanCreationException: 
Error creating bean with name 'webDriver' defined in qa.conf.DriverConfig: Bean instantiation via factory method failed; nested exception is org.springframework.beans.BeanInstantiationException: Failed to instantiate [org.openqa.selenium.WebDriver]: Factory method 'webDriver' threw exception; nested exception is org.openqa.selenium.WebDriverException: unknown error: cannot find Chrome binary
Build info: version: '4.0.0-alpha-4', revision: 'c2d955b49e'
System info: host: 'MDZN0094', ip: '10.251.253.16', os.name: 'Windows 10', os.arch: 'amd64', os.version: '10.0', java.version: '1.8.0_251'
Driver info: driver.version: ChromeDriver
remote stacktrace: Backtrace:
	Ordinal0 [0x00579563+2725219]
	Ordinal0 [0x00478551+1672529]
	Ordinal0 [0x00360359+525145]
	Ordinal0 [0x002ECA64+51812]
	Ordinal0 [0x0030CC37+183351]
	Ordinal0 [0x0030CA3D+182845]
	Ordinal0 [0x0030A94B+174411]
	Ordinal0 [0x002F2528+75048]
	Ordinal0 [0x002F35A0+79264]
	Ordinal0 [0x002F3539+79161]
	Ordinal0 [0x0048D607+1758727]
	GetHandleVerifier [0x00696546+1050150]
	GetHandleVerifier [0x00696291+1049457]
	GetHandleVerifier [0x006A10D7+1094071]
	GetHandleVerifier [0x00696B46+1051686]
	Ordinal0 [0x00485B06+1727238]
	Ordinal0 [0x0048EB7B+1764219]
	Ordinal0 [0x0048ECE3+1764579]
	Ordinal0 [0x004A4C05+1854469]
	BaseThreadInitThunk [0x76006359+25]
	RtlGetAppContainerNamedObjectPath [0x777C7B74+228]
	RtlGetAppContainerNamedObjectPath [0x777C7B44+180]

Caused by: org.springframework.beans.BeanInstantiationException: 
Failed to instantiate [org.openqa.selenium.WebDriver]: Factory method 'webDriver' threw exception; nested exception is org.openqa.selenium.WebDriverException: unknown error: cannot find Chrome binary
Build info: version: '4.0.0-alpha-4', revision: 'c2d955b49e'
System info: host: 'MDZN0094', ip: '10.251.253.16', os.name: 'Windows 10', os.arch: 'amd64', os.version: '10.0', java.version: '1.8.0_251'
Driver info: driver.version: ChromeDriver
remote stacktrace: Backtrace:
	Ordinal0 [0x00579563+2725219]
	Ordinal0 [0x00478551+1672529]
	Ordinal0 [0x00360359+525145]
	Ordinal0 [0x002ECA64+51812]
	Ordinal0 [0x0030CC37+183351]
	Ordinal0 [0x0030CA3D+182845]
	Ordinal0 [0x0030A94B+174411]
	Ordinal0 [0x002F2528+75048]
	Ordinal0 [0x002F35A0+79264]
	Ordinal0 [0x002F3539+79161]
	Ordinal0 [0x0048D607+1758727]
	GetHandleVerifier [0x00696546+1050150]
	GetHandleVerifier [0x00696291+1049457]
	GetHandleVerifier [0x006A10D7+1094071]
	GetHandleVerifier [0x00696B46+1051686]
	Ordinal0 [0x00485B06+1727238]
	Ordinal0 [0x0048EB7B+1764219]
	Ordinal0 [0x0048ECE3+1764579]
	Ordinal0 [0x004A4C05+1854469]
	BaseThreadInitThunk [0x76006359+25]
	RtlGetAppContainerNamedObjectPath [0x777C7B74+228]
	RtlGetAppContainerNamedObjectPath [0x777C7B44+180]

Caused by: org.openqa.selenium.WebDriverException: 
unknown error: cannot find Chrome binary
Build info: version: '4.0.0-alpha-4', revision: 'c2d955b49e'
System info: host: 'MDZN0094', ip: '10.251.253.16', os.name: 'Windows 10', os.arch: 'amd64', os.version: '10.0', java.version: '1.8.0_251'
Driver info: driver.version: ChromeDriver
remote stacktrace: Backtrace:
	Ordinal0 [0x00579563+2725219]
	Ordinal0 [0x00478551+1672529]
	Ordinal0 [0x00360359+525145]
	Ordinal0 [0x002ECA64+51812]
	Ordinal0 [0x0030CC37+183351]
	Ordinal0 [0x0030CA3D+182845]
	Ordinal0 [0x0030A94B+174411]
	Ordinal0 [0x002F2528+75048]
	Ordinal0 [0x002F35A0+79264]
	Ordinal0 [0x002F3539+79161]
	Ordinal0 [0x0048D607+1758727]
	GetHandleVerifier [0x00696546+1050150]
	GetHandleVerifier [0x00696291+1049457]
	GetHandleVerifier [0x006A10D7+1094071]
	GetHandleVerifier [0x00696B46+1051686]
	Ordinal0 [0x00485B06+1727238]
	Ordinal0 [0x0048EB7B+1764219]
	Ordinal0 [0x0048ECE3+1764579]
	Ordinal0 [0x004A4C05+1854469]
	BaseThreadInitThunk [0x76006359+25]
	RtlGetAppContainerNamedObjectPath [0x777C7B74+228]
	RtlGetAppContainerNamedObjectPath [0x777C7B44+180]

</failure>
    <system-err><![CDATA[Starting ChromeDriver 83.0.4103.39 (ccbf011cb2d2b19b506d844400483861342c20cd-refs/branch-heads/4103@{#416}) on port 13985
Only local connections are allowed.
Please see https://chromedriver.chromium.org/security-considerations for suggestions on keeping ChromeDriver safe.
ChromeDriver was started successfully.
]]></system-err>
  </testcase>
  <testcase name="runScenario" classname="CucumberTests" time="0.733">
    <failure message="Failed to load ApplicationContext" type="java.lang.IllegalStateException">java.lang.IllegalStateException: Failed to load ApplicationContext
Caused by: org.springframework.beans.factory.UnsatisfiedDependencyException: 
Error creating bean with name 'crearAtributoPage' defined in file [C:\Users\berdinas\IdeaProjects\delta_regresion_v1\delta_atributos_v2\target\test-classes\qa\pageobjects\CrearAtributoPage.class]: Unsatisfied dependency expressed through constructor parameter 0; nested exception is org.springframework.beans.factory.BeanCreationException: Error creating bean with name 'webDriver' defined in qa.conf.DriverConfig: Bean instantiation via factory method failed; nested exception is org.springframework.beans.BeanInstantiationException: Failed to instantiate [org.openqa.selenium.WebDriver]: Factory method 'webDriver' threw exception; nested exception is org.openqa.selenium.WebDriverException: unknown error: cannot find Chrome binary
Build info: version: '4.0.0-alpha-4', revision: 'c2d955b49e'
System info: host: 'MDZN0094', ip: '10.251.253.16', os.name: 'Windows 10', os.arch: 'amd64', os.version: '10.0', java.version: '1.8.0_251'
Driver info: driver.version: ChromeDriver
remote stacktrace: Backtrace:
	Ordinal0 [0x00579563+2725219]
	Ordinal0 [0x00478551+1672529]
	Ordinal0 [0x00360359+525145]
	Ordinal0 [0x002ECA64+51812]
	Ordinal0 [0x0030CC37+183351]
	Ordinal0 [0x0030CA3D+182845]
	Ordinal0 [0x0030A94B+174411]
	Ordinal0 [0x002F2528+75048]
	Ordinal0 [0x002F35A0+79264]
	Ordinal0 [0x002F3539+79161]
	Ordinal0 [0x0048D607+1758727]
	GetHandleVerifier [0x00696546+1050150]
	GetHandleVerifier [0x00696291+1049457]
	GetHandleVerifier [0x006A10D7+1094071]
	GetHandleVerifier [0x00696B46+1051686]
	Ordinal0 [0x00485B06+1727238]
	Ordinal0 [0x0048EB7B+1764219]
	Ordinal0 [0x0048ECE3+1764579]
	Ordinal0 [0x004A4C05+1854469]
	BaseThreadInitThunk [0x76006359+25]
	RtlGetAppContainerNamedObjectPath [0x777C7B74+228]
	RtlGetAppContainerNamedObjectPath [0x777C7B44+180]

Caused by: org.springframework.beans.factory.BeanCreationException: 
Error creating bean with name 'webDriver' defined in qa.conf.DriverConfig: Bean instantiation via factory method failed; nested exception is org.springframework.beans.BeanInstantiationException: Failed to instantiate [org.openqa.selenium.WebDriver]: Factory method 'webDriver' threw exception; nested exception is org.openqa.selenium.WebDriverException: unknown error: cannot find Chrome binary
Build info: version: '4.0.0-alpha-4', revision: 'c2d955b49e'
System info: host: 'MDZN0094', ip: '10.251.253.16', os.name: 'Windows 10', os.arch: 'amd64', os.version: '10.0', java.version: '1.8.0_251'
Driver info: driver.version: ChromeDriver
remote stacktrace: Backtrace:
	Ordinal0 [0x00579563+2725219]
	Ordinal0 [0x00478551+1672529]
	Ordinal0 [0x00360359+525145]
	Ordinal0 [0x002ECA64+51812]
	Ordinal0 [0x0030CC37+183351]
	Ordinal0 [0x0030CA3D+182845]
	Ordinal0 [0x0030A94B+174411]
	Ordinal0 [0x002F2528+75048]
	Ordinal0 [0x002F35A0+79264]
	Ordinal0 [0x002F3539+79161]
	Ordinal0 [0x0048D607+1758727]
	GetHandleVerifier [0x00696546+1050150]
	GetHandleVerifier [0x00696291+1049457]
	GetHandleVerifier [0x006A10D7+1094071]
	GetHandleVerifier [0x00696B46+1051686]
	Ordinal0 [0x00485B06+1727238]
	Ordinal0 [0x0048EB7B+1764219]
	Ordinal0 [0x0048ECE3+1764579]
	Ordinal0 [0x004A4C05+1854469]
	BaseThreadInitThunk [0x76006359+25]
	RtlGetAppContainerNamedObjectPath [0x777C7B74+228]
	RtlGetAppContainerNamedObjectPath [0x777C7B44+180]

Caused by: org.springframework.beans.BeanInstantiationException: 
Failed to instantiate [org.openqa.selenium.WebDriver]: Factory method 'webDriver' threw exception; nested exception is org.openqa.selenium.WebDriverException: unknown error: cannot find Chrome binary
Build info: version: '4.0.0-alpha-4', revision: 'c2d955b49e'
System info: host: 'MDZN0094', ip: '10.251.253.16', os.name: 'Windows 10', os.arch: 'amd64', os.version: '10.0', java.version: '1.8.0_251'
Driver info: driver.version: ChromeDriver
remote stacktrace: Backtrace:
	Ordinal0 [0x00579563+2725219]
	Ordinal0 [0x00478551+1672529]
	Ordinal0 [0x00360359+525145]
	Ordinal0 [0x002ECA64+51812]
	Ordinal0 [0x0030CC37+183351]
	Ordinal0 [0x0030CA3D+182845]
	Ordinal0 [0x0030A94B+174411]
	Ordinal0 [0x002F2528+75048]
	Ordinal0 [0x002F35A0+79264]
	Ordinal0 [0x002F3539+79161]
	Ordinal0 [0x0048D607+1758727]
	GetHandleVerifier [0x00696546+1050150]
	GetHandleVerifier [0x00696291+1049457]
	GetHandleVerifier [0x006A10D7+1094071]
	GetHandleVerifier [0x00696B46+1051686]
	Ordinal0 [0x00485B06+1727238]
	Ordinal0 [0x0048EB7B+1764219]
	Ordinal0 [0x0048ECE3+1764579]
	Ordinal0 [0x004A4C05+1854469]
	BaseThreadInitThunk [0x76006359+25]
	RtlGetAppContainerNamedObjectPath [0x777C7B74+228]
	RtlGetAppContainerNamedObjectPath [0x777C7B44+180]

Caused by: org.openqa.selenium.WebDriverException: 
unknown error: cannot find Chrome binary
Build info: version: '4.0.0-alpha-4', revision: 'c2d955b49e'
System info: host: 'MDZN0094', ip: '10.251.253.16', os.name: 'Windows 10', os.arch: 'amd64', os.version: '10.0', java.version: '1.8.0_251'
Driver info: driver.version: ChromeDriver
remote stacktrace: Backtrace:
	Ordinal0 [0x00579563+2725219]
	Ordinal0 [0x00478551+1672529]
	Ordinal0 [0x00360359+525145]
	Ordinal0 [0x002ECA64+51812]
	Ordinal0 [0x0030CC37+183351]
	Ordinal0 [0x0030CA3D+182845]
	Ordinal0 [0x0030A94B+174411]
	Ordinal0 [0x002F2528+75048]
	Ordinal0 [0x002F35A0+79264]
	Ordinal0 [0x002F3539+79161]
	Ordinal0 [0x0048D607+1758727]
	GetHandleVerifier [0x00696546+1050150]
	GetHandleVerifier [0x00696291+1049457]
	GetHandleVerifier [0x006A10D7+1094071]
	GetHandleVerifier [0x00696B46+1051686]
	Ordinal0 [0x00485B06+1727238]
	Ordinal0 [0x0048EB7B+1764219]
	Ordinal0 [0x0048ECE3+1764579]
	Ordinal0 [0x004A4C05+1854469]
	BaseThreadInitThunk [0x76006359+25]
	RtlGetAppContainerNamedObjectPath [0x777C7B74+228]
	RtlGetAppContainerNamedObjectPath [0x777C7B44+180]

</failure>
    <system-err><![CDATA[Starting ChromeDriver 83.0.4103.39 (ccbf011cb2d2b19b506d844400483861342c20cd-refs/branch-heads/4103@{#416}) on port 8329
Only local connections are allowed.
Please see https://chromedriver.chromium.org/security-considerations for suggestions on keeping ChromeDriver safe.
ChromeDriver was started successfully.
]]></system-err>
  </testcase>
  <testcase name="runScenario" classname="CucumberTests" time="0.712">
    <failure message="Failed to load ApplicationContext" type="java.lang.IllegalStateException">java.lang.IllegalStateException: Failed to load ApplicationContext
Caused by: org.springframework.beans.factory.UnsatisfiedDependencyException: 
Error creating bean with name 'crearAtributoPage' defined in file [C:\Users\berdinas\IdeaProjects\delta_regresion_v1\delta_atributos_v2\target\test-classes\qa\pageobjects\CrearAtributoPage.class]: Unsatisfied dependency expressed through constructor parameter 0; nested exception is org.springframework.beans.factory.BeanCreationException: Error creating bean with name 'webDriver' defined in qa.conf.DriverConfig: Bean instantiation via factory method failed; nested exception is org.springframework.beans.BeanInstantiationException: Failed to instantiate [org.openqa.selenium.WebDriver]: Factory method 'webDriver' threw exception; nested exception is org.openqa.selenium.WebDriverException: unknown error: cannot find Chrome binary
Build info: version: '4.0.0-alpha-4', revision: 'c2d955b49e'
System info: host: 'MDZN0094', ip: '10.251.253.16', os.name: 'Windows 10', os.arch: 'amd64', os.version: '10.0', java.version: '1.8.0_251'
Driver info: driver.version: ChromeDriver
remote stacktrace: Backtrace:
	Ordinal0 [0x00579563+2725219]
	Ordinal0 [0x00478551+1672529]
	Ordinal0 [0x00360359+525145]
	Ordinal0 [0x002ECA64+51812]
	Ordinal0 [0x0030CC37+183351]
	Ordinal0 [0x0030CA3D+182845]
	Ordinal0 [0x0030A94B+174411]
	Ordinal0 [0x002F2528+75048]
	Ordinal0 [0x002F35A0+79264]
	Ordinal0 [0x002F3539+79161]
	Ordinal0 [0x0048D607+1758727]
	GetHandleVerifier [0x00696546+1050150]
	GetHandleVerifier [0x00696291+1049457]
	GetHandleVerifier [0x006A10D7+1094071]
	GetHandleVerifier [0x00696B46+1051686]
	Ordinal0 [0x00485B06+1727238]
	Ordinal0 [0x0048EB7B+1764219]
	Ordinal0 [0x0048ECE3+1764579]
	Ordinal0 [0x004A4C05+1854469]
	BaseThreadInitThunk [0x76006359+25]
	RtlGetAppContainerNamedObjectPath [0x777C7B74+228]
	RtlGetAppContainerNamedObjectPath [0x777C7B44+180]

Caused by: org.springframework.beans.factory.BeanCreationException: 
Error creating bean with name 'webDriver' defined in qa.conf.DriverConfig: Bean instantiation via factory method failed; nested exception is org.springframework.beans.BeanInstantiationException: Failed to instantiate [org.openqa.selenium.WebDriver]: Factory method 'webDriver' threw exception; nested exception is org.openqa.selenium.WebDriverException: unknown error: cannot find Chrome binary
Build info: version: '4.0.0-alpha-4', revision: 'c2d955b49e'
System info: host: 'MDZN0094', ip: '10.251.253.16', os.name: 'Windows 10', os.arch: 'amd64', os.version: '10.0', java.version: '1.8.0_251'
Driver info: driver.version: ChromeDriver
remote stacktrace: Backtrace:
	Ordinal0 [0x00579563+2725219]
	Ordinal0 [0x00478551+1672529]
	Ordinal0 [0x00360359+525145]
	Ordinal0 [0x002ECA64+51812]
	Ordinal0 [0x0030CC37+183351]
	Ordinal0 [0x0030CA3D+182845]
	Ordinal0 [0x0030A94B+174411]
	Ordinal0 [0x002F2528+75048]
	Ordinal0 [0x002F35A0+79264]
	Ordinal0 [0x002F3539+79161]
	Ordinal0 [0x0048D607+1758727]
	GetHandleVerifier [0x00696546+1050150]
	GetHandleVerifier [0x00696291+1049457]
	GetHandleVerifier [0x006A10D7+1094071]
	GetHandleVerifier [0x00696B46+1051686]
	Ordinal0 [0x00485B06+1727238]
	Ordinal0 [0x0048EB7B+1764219]
	Ordinal0 [0x0048ECE3+1764579]
	Ordinal0 [0x004A4C05+1854469]
	BaseThreadInitThunk [0x76006359+25]
	RtlGetAppContainerNamedObjectPath [0x777C7B74+228]
	RtlGetAppContainerNamedObjectPath [0x777C7B44+180]

Caused by: org.springframework.beans.BeanInstantiationException: 
Failed to instantiate [org.openqa.selenium.WebDriver]: Factory method 'webDriver' threw exception; nested exception is org.openqa.selenium.WebDriverException: unknown error: cannot find Chrome binary
Build info: version: '4.0.0-alpha-4', revision: 'c2d955b49e'
System info: host: 'MDZN0094', ip: '10.251.253.16', os.name: 'Windows 10', os.arch: 'amd64', os.version: '10.0', java.version: '1.8.0_251'
Driver info: driver.version: ChromeDriver
remote stacktrace: Backtrace:
	Ordinal0 [0x00579563+2725219]
	Ordinal0 [0x00478551+1672529]
	Ordinal0 [0x00360359+525145]
	Ordinal0 [0x002ECA64+51812]
	Ordinal0 [0x0030CC37+183351]
	Ordinal0 [0x0030CA3D+182845]
	Ordinal0 [0x0030A94B+174411]
	Ordinal0 [0x002F2528+75048]
	Ordinal0 [0x002F35A0+79264]
	Ordinal0 [0x002F3539+79161]
	Ordinal0 [0x0048D607+1758727]
	GetHandleVerifier [0x00696546+1050150]
	GetHandleVerifier [0x00696291+1049457]
	GetHandleVerifier [0x006A10D7+1094071]
	GetHandleVerifier [0x00696B46+1051686]
	Ordinal0 [0x00485B06+1727238]
	Ordinal0 [0x0048EB7B+1764219]
	Ordinal0 [0x0048ECE3+1764579]
	Ordinal0 [0x004A4C05+1854469]
	BaseThreadInitThunk [0x76006359+25]
	RtlGetAppContainerNamedObjectPath [0x777C7B74+228]
	RtlGetAppContainerNamedObjectPath [0x777C7B44+180]

Caused by: org.openqa.selenium.WebDriverException: 
unknown error: cannot find Chrome binary
Build info: version: '4.0.0-alpha-4', revision: 'c2d955b49e'
System info: host: 'MDZN0094', ip: '10.251.253.16', os.name: 'Windows 10', os.arch: 'amd64', os.version: '10.0', java.version: '1.8.0_251'
Driver info: driver.version: ChromeDriver
remote stacktrace: Backtrace:
	Ordinal0 [0x00579563+2725219]
	Ordinal0 [0x00478551+1672529]
	Ordinal0 [0x00360359+525145]
	Ordinal0 [0x002ECA64+51812]
	Ordinal0 [0x0030CC37+183351]
	Ordinal0 [0x0030CA3D+182845]
	Ordinal0 [0x0030A94B+174411]
	Ordinal0 [0x002F2528+75048]
	Ordinal0 [0x002F35A0+79264]
	Ordinal0 [0x002F3539+79161]
	Ordinal0 [0x0048D607+1758727]
	GetHandleVerifier [0x00696546+1050150]
	GetHandleVerifier [0x00696291+1049457]
	GetHandleVerifier [0x006A10D7+1094071]
	GetHandleVerifier [0x00696B46+1051686]
	Ordinal0 [0x00485B06+1727238]
	Ordinal0 [0x0048EB7B+1764219]
	Ordinal0 [0x0048ECE3+1764579]
	Ordinal0 [0x004A4C05+1854469]
	BaseThreadInitThunk [0x76006359+25]
	RtlGetAppContainerNamedObjectPath [0x777C7B74+228]
	RtlGetAppContainerNamedObjectPath [0x777C7B44+180]

</failure>
    <system-err><![CDATA[Starting ChromeDriver 83.0.4103.39 (ccbf011cb2d2b19b506d844400483861342c20cd-refs/branch-heads/4103@{#416}) on port 23900
Only local connections are allowed.
Please see https://chromedriver.chromium.org/security-considerations for suggestions on keeping ChromeDriver safe.
ChromeDriver was started successfully.
]]></system-err>
  </testcase>
  <testcase name="runScenario" classname="CucumberTests" time="0.715">
    <failure message="Failed to load ApplicationContext" type="java.lang.IllegalStateException">java.lang.IllegalStateException: Failed to load ApplicationContext
Caused by: org.springframework.beans.factory.UnsatisfiedDependencyException: 
Error creating bean with name 'crearAtributoPage' defined in file [C:\Users\berdinas\IdeaProjects\delta_regresion_v1\delta_atributos_v2\target\test-classes\qa\pageobjects\CrearAtributoPage.class]: Unsatisfied dependency expressed through constructor parameter 0; nested exception is org.springframework.beans.factory.BeanCreationException: Error creating bean with name 'webDriver' defined in qa.conf.DriverConfig: Bean instantiation via factory method failed; nested exception is org.springframework.beans.BeanInstantiationException: Failed to instantiate [org.openqa.selenium.WebDriver]: Factory method 'webDriver' threw exception; nested exception is org.openqa.selenium.WebDriverException: unknown error: cannot find Chrome binary
Build info: version: '4.0.0-alpha-4', revision: 'c2d955b49e'
System info: host: 'MDZN0094', ip: '10.251.253.16', os.name: 'Windows 10', os.arch: 'amd64', os.version: '10.0', java.version: '1.8.0_251'
Driver info: driver.version: ChromeDriver
remote stacktrace: Backtrace:
	Ordinal0 [0x00579563+2725219]
	Ordinal0 [0x00478551+1672529]
	Ordinal0 [0x00360359+525145]
	Ordinal0 [0x002ECA64+51812]
	Ordinal0 [0x0030CC37+183351]
	Ordinal0 [0x0030CA3D+182845]
	Ordinal0 [0x0030A94B+174411]
	Ordinal0 [0x002F2528+75048]
	Ordinal0 [0x002F35A0+79264]
	Ordinal0 [0x002F3539+79161]
	Ordinal0 [0x0048D607+1758727]
	GetHandleVerifier [0x00696546+1050150]
	GetHandleVerifier [0x00696291+1049457]
	GetHandleVerifier [0x006A10D7+1094071]
	GetHandleVerifier [0x00696B46+1051686]
	Ordinal0 [0x00485B06+1727238]
	Ordinal0 [0x0048EB7B+1764219]
	Ordinal0 [0x0048ECE3+1764579]
	Ordinal0 [0x004A4C05+1854469]
	BaseThreadInitThunk [0x76006359+25]
	RtlGetAppContainerNamedObjectPath [0x777C7B74+228]
	RtlGetAppContainerNamedObjectPath [0x777C7B44+180]

Caused by: org.springframework.beans.factory.BeanCreationException: 
Error creating bean with name 'webDriver' defined in qa.conf.DriverConfig: Bean instantiation via factory method failed; nested exception is org.springframework.beans.BeanInstantiationException: Failed to instantiate [org.openqa.selenium.WebDriver]: Factory method 'webDriver' threw exception; nested exception is org.openqa.selenium.WebDriverException: unknown error: cannot find Chrome binary
Build info: version: '4.0.0-alpha-4', revision: 'c2d955b49e'
System info: host: 'MDZN0094', ip: '10.251.253.16', os.name: 'Windows 10', os.arch: 'amd64', os.version: '10.0', java.version: '1.8.0_251'
Driver info: driver.version: ChromeDriver
remote stacktrace: Backtrace:
	Ordinal0 [0x00579563+2725219]
	Ordinal0 [0x00478551+1672529]
	Ordinal0 [0x00360359+525145]
	Ordinal0 [0x002ECA64+51812]
	Ordinal0 [0x0030CC37+183351]
	Ordinal0 [0x0030CA3D+182845]
	Ordinal0 [0x0030A94B+174411]
	Ordinal0 [0x002F2528+75048]
	Ordinal0 [0x002F35A0+79264]
	Ordinal0 [0x002F3539+79161]
	Ordinal0 [0x0048D607+1758727]
	GetHandleVerifier [0x00696546+1050150]
	GetHandleVerifier [0x00696291+1049457]
	GetHandleVerifier [0x006A10D7+1094071]
	GetHandleVerifier [0x00696B46+1051686]
	Ordinal0 [0x00485B06+1727238]
	Ordinal0 [0x0048EB7B+1764219]
	Ordinal0 [0x0048ECE3+1764579]
	Ordinal0 [0x004A4C05+1854469]
	BaseThreadInitThunk [0x76006359+25]
	RtlGetAppContainerNamedObjectPath [0x777C7B74+228]
	RtlGetAppContainerNamedObjectPath [0x777C7B44+180]

Caused by: org.springframework.beans.BeanInstantiationException: 
Failed to instantiate [org.openqa.selenium.WebDriver]: Factory method 'webDriver' threw exception; nested exception is org.openqa.selenium.WebDriverException: unknown error: cannot find Chrome binary
Build info: version: '4.0.0-alpha-4', revision: 'c2d955b49e'
System info: host: 'MDZN0094', ip: '10.251.253.16', os.name: 'Windows 10', os.arch: 'amd64', os.version: '10.0', java.version: '1.8.0_251'
Driver info: driver.version: ChromeDriver
remote stacktrace: Backtrace:
	Ordinal0 [0x00579563+2725219]
	Ordinal0 [0x00478551+1672529]
	Ordinal0 [0x00360359+525145]
	Ordinal0 [0x002ECA64+51812]
	Ordinal0 [0x0030CC37+183351]
	Ordinal0 [0x0030CA3D+182845]
	Ordinal0 [0x0030A94B+174411]
	Ordinal0 [0x002F2528+75048]
	Ordinal0 [0x002F35A0+79264]
	Ordinal0 [0x002F3539+79161]
	Ordinal0 [0x0048D607+1758727]
	GetHandleVerifier [0x00696546+1050150]
	GetHandleVerifier [0x00696291+1049457]
	GetHandleVerifier [0x006A10D7+1094071]
	GetHandleVerifier [0x00696B46+1051686]
	Ordinal0 [0x00485B06+1727238]
	Ordinal0 [0x0048EB7B+1764219]
	Ordinal0 [0x0048ECE3+1764579]
	Ordinal0 [0x004A4C05+1854469]
	BaseThreadInitThunk [0x76006359+25]
	RtlGetAppContainerNamedObjectPath [0x777C7B74+228]
	RtlGetAppContainerNamedObjectPath [0x777C7B44+180]

Caused by: org.openqa.selenium.WebDriverException: 
unknown error: cannot find Chrome binary
Build info: version: '4.0.0-alpha-4', revision: 'c2d955b49e'
System info: host: 'MDZN0094', ip: '10.251.253.16', os.name: 'Windows 10', os.arch: 'amd64', os.version: '10.0', java.version: '1.8.0_251'
Driver info: driver.version: ChromeDriver
remote stacktrace: Backtrace:
	Ordinal0 [0x00579563+2725219]
	Ordinal0 [0x00478551+1672529]
	Ordinal0 [0x00360359+525145]
	Ordinal0 [0x002ECA64+51812]
	Ordinal0 [0x0030CC37+183351]
	Ordinal0 [0x0030CA3D+182845]
	Ordinal0 [0x0030A94B+174411]
	Ordinal0 [0x002F2528+75048]
	Ordinal0 [0x002F35A0+79264]
	Ordinal0 [0x002F3539+79161]
	Ordinal0 [0x0048D607+1758727]
	GetHandleVerifier [0x00696546+1050150]
	GetHandleVerifier [0x00696291+1049457]
	GetHandleVerifier [0x006A10D7+1094071]
	GetHandleVerifier [0x00696B46+1051686]
	Ordinal0 [0x00485B06+1727238]
	Ordinal0 [0x0048EB7B+1764219]
	Ordinal0 [0x0048ECE3+1764579]
	Ordinal0 [0x004A4C05+1854469]
	BaseThreadInitThunk [0x76006359+25]
	RtlGetAppContainerNamedObjectPath [0x777C7B74+228]
	RtlGetAppContainerNamedObjectPath [0x777C7B44+180]

</failure>
    <system-err><![CDATA[Starting ChromeDriver 83.0.4103.39 (ccbf011cb2d2b19b506d844400483861342c20cd-refs/branch-heads/4103@{#416}) on port 48373
Only local connections are allowed.
Please see https://chromedriver.chromium.org/security-considerations for suggestions on keeping ChromeDriver safe.
ChromeDriver was started successfully.
]]></system-err>
  </testcase>
</testsuite>